#! /usr/local/iverilog/bin/vvp
:ivl_version "11.0 (devel)" "(s20150603-642-g3bdb50da)";
:ivl_delay_selection "TYPICAL";
:vpi_time_precision + 0;
:vpi_module "system";
:vpi_module "vhdl_sys";
:vpi_module "vhdl_textio";
:vpi_module "v2005_math";
:vpi_module "va_math";
S_00000000008a60e0 .scope module, "InstQueue" "InstQueue" 2 6;
 .timescale 0 0;
    .port_info 0 /INPUT 1 "clk";
    .port_info 1 /INPUT 1 "rst";
    .port_info 2 /INPUT 1 "rdy";
    .port_info 3 /INPUT 1 "Clear_flag";
    .port_info 4 /INPUT 1 "memctrl_ins_ok";
    .port_info 5 /INPUT 32 "memctrl_ins_ans";
    .port_info 6 /OUTPUT 1 "insqueue_to_memctrl_needchange";
    .port_info 7 /OUTPUT 32 "memctrl_ins_addr_";
    .port_info 8 /OUTPUT 4 "memctrl_ins_remain_cycle_";
    .port_info 9 /OUTPUT 32 "addr1";
    .port_info 10 /INPUT 1 "hit";
    .port_info 11 /INPUT 32 "returnInst";
    .port_info 12 /OUTPUT 32 "addr2";
    .port_info 13 /OUTPUT 32 "storeInst";
    .port_info 14 /OUTPUT 32 "bht_id1";
    .port_info 15 /INPUT 1 "bht_get";
    .port_info 16 /OUTPUT 32 "h1";
    .port_info 17 /OUTPUT 32 "h2";
    .port_info 18 /INPUT 32 "ROB_size";
    .port_info 19 /INPUT 32 "ROB_R";
    .port_info 20 /INPUT 1 "ROB_s_ready_h1";
    .port_info 21 /INPUT 32 "ROB_s_value_h1";
    .port_info 22 /INPUT 1 "ROB_s_ready_h2";
    .port_info 23 /INPUT 32 "ROB_s_value_h2";
    .port_info 24 /OUTPUT 1 "insqueue_to_ROB_needchange";
    .port_info 25 /OUTPUT 1 "insqueue_to_ROB_size_addflag";
    .port_info 26 /OUTPUT 32 "b1";
    .port_info 27 /OUTPUT 32 "ROB_R_";
    .port_info 28 /OUTPUT 32 "ROB_s_pc_b1_";
    .port_info 29 /OUTPUT 32 "ROB_s_inst_b1_";
    .port_info 30 /OUTPUT 6 "ROB_s_ordertype_b1_";
    .port_info 31 /OUTPUT 5 "ROB_s_dest_b1_";
    .port_info 32 /OUTPUT 32 "ROB_s_jumppc_b1_";
    .port_info 33 /OUTPUT 1 "ROB_s_isjump_b1_";
    .port_info 34 /OUTPUT 1 "ROB_s_ready_b1_";
    .port_info 35 /INPUT 32 "RS_unbusy_pos";
    .port_info 36 /OUTPUT 1 "insqueue_to_RS_needchange";
    .port_info 37 /OUTPUT 32 "r2";
    .port_info 38 /OUTPUT 32 "RS_s_vj_r2_";
    .port_info 39 /OUTPUT 32 "RS_s_vk_r2_";
    .port_info 40 /OUTPUT 32 "RS_s_qj_r2_";
    .port_info 41 /OUTPUT 32 "RS_s_qk_r2_";
    .port_info 42 /OUTPUT 32 "RS_s_inst_r2_";
    .port_info 43 /OUTPUT 6 "RS_s_ordertype_r2_";
    .port_info 44 /OUTPUT 32 "RS_s_pc_r2_";
    .port_info 45 /OUTPUT 32 "RS_s_jumppc_r2_";
    .port_info 46 /OUTPUT 32 "RS_s_A_r2_";
    .port_info 47 /OUTPUT 32 "RS_s_reorder_r2_";
    .port_info 48 /OUTPUT 1 "RS_s_busy_r2_";
    .port_info 49 /INPUT 32 "SLB_size";
    .port_info 50 /INPUT 32 "SLB_R";
    .port_info 51 /OUTPUT 1 "insqueue_to_SLB_needchange";
    .port_info 52 /OUTPUT 1 "insqueue_to_SLB_size_addflag";
    .port_info 53 /OUTPUT 32 "r1";
    .port_info 54 /OUTPUT 32 "SLB_R_";
    .port_info 55 /OUTPUT 32 "SLB_s_vj_r1_";
    .port_info 56 /OUTPUT 32 "SLB_s_vk_r1_";
    .port_info 57 /OUTPUT 32 "SLB_s_qj_r1_";
    .port_info 58 /OUTPUT 32 "SLB_s_qk_r1_";
    .port_info 59 /OUTPUT 32 "SLB_s_inst_r1_";
    .port_info 60 /OUTPUT 32 "SLB_s_ordertype_r1_";
    .port_info 61 /OUTPUT 32 "SLB_s_pc_r1_";
    .port_info 62 /OUTPUT 32 "SLB_s_A_r1_";
    .port_info 63 /OUTPUT 32 "SLB_s_reorder_r1_";
    .port_info 64 /OUTPUT 1 "SLB_s_ready_r1_";
    .port_info 65 /OUTPUT 5 "order_rs1";
    .port_info 66 /OUTPUT 5 "order_rs2";
    .port_info 67 /INPUT 1 "reg_busy_order_rs1";
    .port_info 68 /INPUT 1 "reg_busy_order_rs2";
    .port_info 69 /INPUT 32 "reg_reorder_order_rs1";
    .port_info 70 /INPUT 32 "reg_reorder_order_rs2";
    .port_info 71 /INPUT 32 "reg_reg_order_rs1";
    .port_info 72 /INPUT 32 "reg_reg_order_rs2";
    .port_info 73 /OUTPUT 1 "insqueue_to_Reg_needchange";
    .port_info 74 /OUTPUT 5 "order_rd";
    .port_info 75 /OUTPUT 1 "reg_busy_order_rd_";
    .port_info 76 /OUTPUT 32 "reg_reorder_order_rd_";
    .port_info 77 /INPUT 1 "ROB_to_insqueue_needchange";
    .port_info 78 /INPUT 32 "pc_";
o0000000001560838 .functor BUFZ 1, C4<z>; HiZ drive
v00000000015a2740_0 .net "Clear_flag", 0 0, o0000000001560838;  0 drivers
v00000000015a3500_0 .var "Ins_queue_L", 31 0;
v00000000015a2c40_0 .var "Ins_queue_R", 31 0;
v00000000015a36e0_0 .var "Ins_queue_is_waiting_ins", 0 0;
v00000000015a2420 .array "Ins_queue_s_inst", 0 31, 31 0;
v00000000015a3b40 .array "Ins_queue_s_isjump", 0 31, 0 0;
v00000000015a3f00 .array "Ins_queue_s_jumppc", 0 31, 31 0;
v00000000015a2600 .array "Ins_queue_s_ordertype", 0 31, 5 0;
v00000000015a33c0 .array "Ins_queue_s_pc", 0 31, 31 0;
v00000000015a2ce0_0 .var "Ins_queue_size", 31 0;
o0000000001562728 .functor BUFZ 32, C4<zzzzzzzzzzzzzzzzzzzzzzzzzzzzzzzz>; HiZ drive
v00000000015a2060_0 .net "ROB_R", 31 0, o0000000001562728;  0 drivers
v00000000015a27e0_0 .var "ROB_R_", 31 0;
v00000000015a31e0_0 .var "ROB_s_dest_b1_", 4 0;
v00000000015a2ba0_0 .var "ROB_s_inst_b1_", 31 0;
v00000000015a2560_0 .var "ROB_s_isjump_b1_", 0 0;
v00000000015a26a0_0 .var "ROB_s_jumppc_b1_", 31 0;
v00000000015a3780_0 .var "ROB_s_ordertype_b1_", 5 0;
v00000000015a3820_0 .var "ROB_s_pc_b1_", 31 0;
v00000000015a35a0_0 .var "ROB_s_ready_b1_", 0 0;
o00000000015628d8 .functor BUFZ 1, C4<z>; HiZ drive
v00000000015a38c0_0 .net "ROB_s_ready_h1", 0 0, o00000000015628d8;  0 drivers
o0000000001562908 .functor BUFZ 1, C4<z>; HiZ drive
v00000000015a22e0_0 .net "ROB_s_ready_h2", 0 0, o0000000001562908;  0 drivers
o0000000001562938 .functor BUFZ 32, C4<zzzzzzzzzzzzzzzzzzzzzzzzzzzzzzzz>; HiZ drive
v00000000015a3000_0 .net "ROB_s_value_h1", 31 0, o0000000001562938;  0 drivers
o0000000001562968 .functor BUFZ 32, C4<zzzzzzzzzzzzzzzzzzzzzzzzzzzzzzzz>; HiZ drive
v00000000015a3960_0 .net "ROB_s_value_h2", 31 0, o0000000001562968;  0 drivers
o0000000001562998 .functor BUFZ 32, C4<zzzzzzzzzzzzzzzzzzzzzzzzzzzzzzzz>; HiZ drive
v00000000015a2100_0 .net "ROB_size", 31 0, o0000000001562998;  0 drivers
o00000000015629c8 .functor BUFZ 1, C4<z>; HiZ drive
v00000000015a3be0_0 .net "ROB_to_insqueue_needchange", 0 0, o00000000015629c8;  0 drivers
v00000000015a29c0_0 .var "RS_s_A_r2_", 31 0;
v00000000015a3c80_0 .var "RS_s_busy_r2_", 0 0;
v00000000015a21a0_0 .var "RS_s_inst_r2_", 31 0;
v00000000015a2880_0 .var "RS_s_jumppc_r2_", 31 0;
v00000000015a2920_0 .var "RS_s_ordertype_r2_", 5 0;
v00000000015a3640_0 .var "RS_s_pc_r2_", 31 0;
v00000000015a2240_0 .var "RS_s_qj_r2_", 31 0;
v00000000015a3280_0 .var "RS_s_qk_r2_", 31 0;
v00000000015a3140_0 .var "RS_s_reorder_r2_", 31 0;
v00000000015a2a60_0 .var "RS_s_vj_r2_", 31 0;
v00000000015a2380_0 .var "RS_s_vk_r2_", 31 0;
o0000000001562c08 .functor BUFZ 32, C4<zzzzzzzzzzzzzzzzzzzzzzzzzzzzzzzz>; HiZ drive
v00000000015a2b00_0 .net "RS_unbusy_pos", 31 0, o0000000001562c08;  0 drivers
o0000000001562c38 .functor BUFZ 32, C4<zzzzzzzzzzzzzzzzzzzzzzzzzzzzzzzz>; HiZ drive
v00000000015a3d20_0 .net "SLB_R", 31 0, o0000000001562c38;  0 drivers
v00000000015a2d80_0 .var "SLB_R_", 31 0;
v00000000015a2e20_0 .var "SLB_s_A_r1_", 31 0;
v00000000015a3dc0_0 .var "SLB_s_inst_r1_", 31 0;
v00000000015a24c0_0 .var "SLB_s_ordertype_r1_", 31 0;
v00000000015a2ec0_0 .var "SLB_s_pc_r1_", 31 0;
v00000000015a2f60_0 .var "SLB_s_qj_r1_", 31 0;
v00000000015a30a0_0 .var "SLB_s_qk_r1_", 31 0;
v00000000015a3320_0 .var "SLB_s_ready_r1_", 0 0;
v00000000015a3460_0 .var "SLB_s_reorder_r1_", 31 0;
v0000000000929dd0_0 .var "SLB_s_vj_r1_", 31 0;
v0000000000928bb0_0 .var "SLB_s_vk_r1_", 31 0;
o0000000001562e78 .functor BUFZ 32, C4<zzzzzzzzzzzzzzzzzzzzzzzzzzzzzzzz>; HiZ drive
v0000000000928b10_0 .net "SLB_size", 31 0, o0000000001562e78;  0 drivers
v00000000009281b0_0 .var "addr1", 31 0;
v0000000000928c50_0 .var "addr2", 31 0;
v00000000009290b0_0 .var "b1", 31 0;
o0000000001562f38 .functor BUFZ 1, C4<z>; HiZ drive
v0000000000929c90_0 .net "bht_get", 0 0, o0000000001562f38;  0 drivers
v0000000000929470_0 .var "bht_id1", 31 0;
o0000000001562f98 .functor BUFZ 1, C4<z>; HiZ drive
v0000000000928cf0_0 .net "clk", 0 0, o0000000001562f98;  0 drivers
v0000000000929970_0 .var/i "g", 31 0;
v0000000000929290_0 .var "h1", 31 0;
v0000000000928e30_0 .var "h2", 31 0;
o0000000001563058 .functor BUFZ 1, C4<z>; HiZ drive
v0000000000929510_0 .net "hit", 0 0, o0000000001563058;  0 drivers
v0000000000928250_0 .var/i "i", 31 0;
v00000000009291f0_0 .var "insqueue_size_internal_addflag", 0 0;
v0000000000929f10_0 .var "insqueue_size_internal_subflag", 0 0;
v0000000000928110_0 .var "insqueue_to_ROB_needchange", 0 0;
v0000000000929fb0_0 .var "insqueue_to_ROB_size_addflag", 0 0;
v00000000009293d0_0 .var "insqueue_to_RS_needchange", 0 0;
v0000000000928750_0 .var "insqueue_to_Reg_needchange", 0 0;
v0000000000929010_0 .var "insqueue_to_SLB_needchange", 0 0;
v0000000000929790_0 .var "insqueue_to_SLB_size_addflag", 0 0;
v00000000009282f0_0 .var "insqueue_to_memctrl_needchange", 0 0;
v0000000000929a10_0 .var "inst", 31 0;
v00000000009295b0_0 .net "isbranch", 0 0, v00000000008ed7e0_0;  1 drivers
v0000000000929830_0 .net "isload", 0 0, v00000000008ede20_0;  1 drivers
v0000000000929330_0 .net "isstore", 0 0, v00000000015a3a00_0;  1 drivers
v0000000000928390_0 .var "memctrl_ins_addr_", 31 0;
o0000000001563298 .functor BUFZ 32, C4<zzzzzzzzzzzzzzzzzzzzzzzzzzzzzzzz>; HiZ drive
v0000000000928d90_0 .net "memctrl_ins_ans", 31 0, o0000000001563298;  0 drivers
o00000000015632c8 .functor BUFZ 1, C4<z>; HiZ drive
v0000000000929b50_0 .net "memctrl_ins_ok", 0 0, o00000000015632c8;  0 drivers
v0000000000929e70_0 .var "memctrl_ins_remain_cycle_", 3 0;
v00000000009296f0_0 .net "order_imm", 31 0, v00000000008edce0_0;  1 drivers
v0000000000929150_0 .net "order_imm_0", 31 0, v00000000008ed920_0;  1 drivers
v0000000000928ed0_0 .var "order_rd", 4 0;
v00000000009287f0_0 .net "order_rd_", 4 0, v00000000008edba0_0;  1 drivers
v0000000000928890_0 .net "order_rd_0", 4 0, v00000000008ee0a0_0;  1 drivers
v0000000000929d30_0 .var "order_rs1", 4 0;
v0000000000928430_0 .net "order_rs1_", 4 0, v00000000008edec0_0;  1 drivers
v00000000009284d0_0 .net "order_rs1_0", 4 0, v00000000008edd80_0;  1 drivers
v0000000000929650_0 .var "order_rs2", 4 0;
v00000000009298d0_0 .net "order_rs2_", 4 0, v00000000008ee460_0;  1 drivers
v0000000000929ab0_0 .net "order_rs2_0", 4 0, v00000000008ed600_0;  1 drivers
v0000000000928570_0 .net "order_type", 5 0, v00000000008ee1e0_0;  1 drivers
v0000000000928930_0 .net "order_type_0", 5 0, v00000000008ee320_0;  1 drivers
v0000000000928610_0 .var "pc", 31 0;
o00000000015633e8 .functor BUFZ 32, C4<zzzzzzzzzzzzzzzzzzzzzzzzzzzzzzzz>; HiZ drive
v0000000000929bf0_0 .net "pc_", 31 0, o00000000015633e8;  0 drivers
v00000000009286b0_0 .var "r1", 31 0;
v00000000009289d0_0 .var "r2", 31 0;
o0000000001563478 .functor BUFZ 1, C4<z>; HiZ drive
v0000000000928a70_0 .net "rdy", 0 0, o0000000001563478;  0 drivers
v0000000000928f70_0 .var "reg_busy_order_rd_", 0 0;
o00000000015634d8 .functor BUFZ 1, C4<z>; HiZ drive
v000000000092b980_0 .net "reg_busy_order_rs1", 0 0, o00000000015634d8;  0 drivers
o0000000001563508 .functor BUFZ 1, C4<z>; HiZ drive
v000000000092aee0_0 .net "reg_busy_order_rs2", 0 0, o0000000001563508;  0 drivers
o0000000001563538 .functor BUFZ 32, C4<zzzzzzzzzzzzzzzzzzzzzzzzzzzzzzzz>; HiZ drive
v000000000092a620_0 .net "reg_reg_order_rs1", 31 0, o0000000001563538;  0 drivers
o0000000001563568 .functor BUFZ 32, C4<zzzzzzzzzzzzzzzzzzzzzzzzzzzzzzzz>; HiZ drive
v000000000092b160_0 .net "reg_reg_order_rs2", 31 0, o0000000001563568;  0 drivers
v000000000092a580_0 .var "reg_reorder_order_rd_", 31 0;
o00000000015635c8 .functor BUFZ 32, C4<zzzzzzzzzzzzzzzzzzzzzzzzzzzzzzzz>; HiZ drive
v000000000092bde0_0 .net "reg_reorder_order_rs1", 31 0, o00000000015635c8;  0 drivers
o00000000015635f8 .functor BUFZ 32, C4<zzzzzzzzzzzzzzzzzzzzzzzzzzzzzzzz>; HiZ drive
v000000000092a940_0 .net "reg_reorder_order_rs2", 31 0, o00000000015635f8;  0 drivers
o0000000001563628 .functor BUFZ 32, C4<zzzzzzzzzzzzzzzzzzzzzzzzzzzzzzzz>; HiZ drive
v000000000092a6c0_0 .net "returnInst", 31 0, o0000000001563628;  0 drivers
o0000000001563658 .functor BUFZ 1, C4<z>; HiZ drive
v000000000092a8a0_0 .net "rst", 0 0, o0000000001563658;  0 drivers
v000000000092abc0_0 .var "storeInst", 31 0;
E_00000000008f7c40 .event posedge, v0000000000928cf0_0;
E_00000000008f7b40/0 .event edge, v00000000015a2ce0_0, v00000000015a2100_0, v00000000008ede20_0, v00000000015a3a00_0;
E_00000000008f7b40/1 .event edge, v0000000000928b10_0, v00000000015a3d20_0, v00000000009286b0_0, v00000000015a2060_0;
v00000000015a33c0_0 .array/port v00000000015a33c0, 0;
v00000000015a33c0_1 .array/port v00000000015a33c0, 1;
E_00000000008f7b40/2 .event edge, v00000000009290b0_0, v00000000015a3500_0, v00000000015a33c0_0, v00000000015a33c0_1;
v00000000015a33c0_2 .array/port v00000000015a33c0, 2;
v00000000015a33c0_3 .array/port v00000000015a33c0, 3;
v00000000015a33c0_4 .array/port v00000000015a33c0, 4;
v00000000015a33c0_5 .array/port v00000000015a33c0, 5;
E_00000000008f7b40/3 .event edge, v00000000015a33c0_2, v00000000015a33c0_3, v00000000015a33c0_4, v00000000015a33c0_5;
v00000000015a33c0_6 .array/port v00000000015a33c0, 6;
v00000000015a33c0_7 .array/port v00000000015a33c0, 7;
v00000000015a33c0_8 .array/port v00000000015a33c0, 8;
v00000000015a33c0_9 .array/port v00000000015a33c0, 9;
E_00000000008f7b40/4 .event edge, v00000000015a33c0_6, v00000000015a33c0_7, v00000000015a33c0_8, v00000000015a33c0_9;
v00000000015a33c0_10 .array/port v00000000015a33c0, 10;
v00000000015a33c0_11 .array/port v00000000015a33c0, 11;
v00000000015a33c0_12 .array/port v00000000015a33c0, 12;
v00000000015a33c0_13 .array/port v00000000015a33c0, 13;
E_00000000008f7b40/5 .event edge, v00000000015a33c0_10, v00000000015a33c0_11, v00000000015a33c0_12, v00000000015a33c0_13;
v00000000015a33c0_14 .array/port v00000000015a33c0, 14;
v00000000015a33c0_15 .array/port v00000000015a33c0, 15;
v00000000015a33c0_16 .array/port v00000000015a33c0, 16;
v00000000015a33c0_17 .array/port v00000000015a33c0, 17;
E_00000000008f7b40/6 .event edge, v00000000015a33c0_14, v00000000015a33c0_15, v00000000015a33c0_16, v00000000015a33c0_17;
v00000000015a33c0_18 .array/port v00000000015a33c0, 18;
v00000000015a33c0_19 .array/port v00000000015a33c0, 19;
v00000000015a33c0_20 .array/port v00000000015a33c0, 20;
v00000000015a33c0_21 .array/port v00000000015a33c0, 21;
E_00000000008f7b40/7 .event edge, v00000000015a33c0_18, v00000000015a33c0_19, v00000000015a33c0_20, v00000000015a33c0_21;
v00000000015a33c0_22 .array/port v00000000015a33c0, 22;
v00000000015a33c0_23 .array/port v00000000015a33c0, 23;
v00000000015a33c0_24 .array/port v00000000015a33c0, 24;
v00000000015a33c0_25 .array/port v00000000015a33c0, 25;
E_00000000008f7b40/8 .event edge, v00000000015a33c0_22, v00000000015a33c0_23, v00000000015a33c0_24, v00000000015a33c0_25;
v00000000015a33c0_26 .array/port v00000000015a33c0, 26;
v00000000015a33c0_27 .array/port v00000000015a33c0, 27;
v00000000015a33c0_28 .array/port v00000000015a33c0, 28;
v00000000015a33c0_29 .array/port v00000000015a33c0, 29;
E_00000000008f7b40/9 .event edge, v00000000015a33c0_26, v00000000015a33c0_27, v00000000015a33c0_28, v00000000015a33c0_29;
v00000000015a33c0_30 .array/port v00000000015a33c0, 30;
v00000000015a33c0_31 .array/port v00000000015a33c0, 31;
v00000000015a2420_0 .array/port v00000000015a2420, 0;
v00000000015a2420_1 .array/port v00000000015a2420, 1;
E_00000000008f7b40/10 .event edge, v00000000015a33c0_30, v00000000015a33c0_31, v00000000015a2420_0, v00000000015a2420_1;
v00000000015a2420_2 .array/port v00000000015a2420, 2;
v00000000015a2420_3 .array/port v00000000015a2420, 3;
v00000000015a2420_4 .array/port v00000000015a2420, 4;
v00000000015a2420_5 .array/port v00000000015a2420, 5;
E_00000000008f7b40/11 .event edge, v00000000015a2420_2, v00000000015a2420_3, v00000000015a2420_4, v00000000015a2420_5;
v00000000015a2420_6 .array/port v00000000015a2420, 6;
v00000000015a2420_7 .array/port v00000000015a2420, 7;
v00000000015a2420_8 .array/port v00000000015a2420, 8;
v00000000015a2420_9 .array/port v00000000015a2420, 9;
E_00000000008f7b40/12 .event edge, v00000000015a2420_6, v00000000015a2420_7, v00000000015a2420_8, v00000000015a2420_9;
v00000000015a2420_10 .array/port v00000000015a2420, 10;
v00000000015a2420_11 .array/port v00000000015a2420, 11;
v00000000015a2420_12 .array/port v00000000015a2420, 12;
v00000000015a2420_13 .array/port v00000000015a2420, 13;
E_00000000008f7b40/13 .event edge, v00000000015a2420_10, v00000000015a2420_11, v00000000015a2420_12, v00000000015a2420_13;
v00000000015a2420_14 .array/port v00000000015a2420, 14;
v00000000015a2420_15 .array/port v00000000015a2420, 15;
v00000000015a2420_16 .array/port v00000000015a2420, 16;
v00000000015a2420_17 .array/port v00000000015a2420, 17;
E_00000000008f7b40/14 .event edge, v00000000015a2420_14, v00000000015a2420_15, v00000000015a2420_16, v00000000015a2420_17;
v00000000015a2420_18 .array/port v00000000015a2420, 18;
v00000000015a2420_19 .array/port v00000000015a2420, 19;
v00000000015a2420_20 .array/port v00000000015a2420, 20;
v00000000015a2420_21 .array/port v00000000015a2420, 21;
E_00000000008f7b40/15 .event edge, v00000000015a2420_18, v00000000015a2420_19, v00000000015a2420_20, v00000000015a2420_21;
v00000000015a2420_22 .array/port v00000000015a2420, 22;
v00000000015a2420_23 .array/port v00000000015a2420, 23;
v00000000015a2420_24 .array/port v00000000015a2420, 24;
v00000000015a2420_25 .array/port v00000000015a2420, 25;
E_00000000008f7b40/16 .event edge, v00000000015a2420_22, v00000000015a2420_23, v00000000015a2420_24, v00000000015a2420_25;
v00000000015a2420_26 .array/port v00000000015a2420, 26;
v00000000015a2420_27 .array/port v00000000015a2420, 27;
v00000000015a2420_28 .array/port v00000000015a2420, 28;
v00000000015a2420_29 .array/port v00000000015a2420, 29;
E_00000000008f7b40/17 .event edge, v00000000015a2420_26, v00000000015a2420_27, v00000000015a2420_28, v00000000015a2420_29;
v00000000015a2420_30 .array/port v00000000015a2420, 30;
v00000000015a2420_31 .array/port v00000000015a2420, 31;
v00000000015a2600_0 .array/port v00000000015a2600, 0;
v00000000015a2600_1 .array/port v00000000015a2600, 1;
E_00000000008f7b40/18 .event edge, v00000000015a2420_30, v00000000015a2420_31, v00000000015a2600_0, v00000000015a2600_1;
v00000000015a2600_2 .array/port v00000000015a2600, 2;
v00000000015a2600_3 .array/port v00000000015a2600, 3;
v00000000015a2600_4 .array/port v00000000015a2600, 4;
v00000000015a2600_5 .array/port v00000000015a2600, 5;
E_00000000008f7b40/19 .event edge, v00000000015a2600_2, v00000000015a2600_3, v00000000015a2600_4, v00000000015a2600_5;
v00000000015a2600_6 .array/port v00000000015a2600, 6;
v00000000015a2600_7 .array/port v00000000015a2600, 7;
v00000000015a2600_8 .array/port v00000000015a2600, 8;
v00000000015a2600_9 .array/port v00000000015a2600, 9;
E_00000000008f7b40/20 .event edge, v00000000015a2600_6, v00000000015a2600_7, v00000000015a2600_8, v00000000015a2600_9;
v00000000015a2600_10 .array/port v00000000015a2600, 10;
v00000000015a2600_11 .array/port v00000000015a2600, 11;
v00000000015a2600_12 .array/port v00000000015a2600, 12;
v00000000015a2600_13 .array/port v00000000015a2600, 13;
E_00000000008f7b40/21 .event edge, v00000000015a2600_10, v00000000015a2600_11, v00000000015a2600_12, v00000000015a2600_13;
v00000000015a2600_14 .array/port v00000000015a2600, 14;
v00000000015a2600_15 .array/port v00000000015a2600, 15;
v00000000015a2600_16 .array/port v00000000015a2600, 16;
v00000000015a2600_17 .array/port v00000000015a2600, 17;
E_00000000008f7b40/22 .event edge, v00000000015a2600_14, v00000000015a2600_15, v00000000015a2600_16, v00000000015a2600_17;
v00000000015a2600_18 .array/port v00000000015a2600, 18;
v00000000015a2600_19 .array/port v00000000015a2600, 19;
v00000000015a2600_20 .array/port v00000000015a2600, 20;
v00000000015a2600_21 .array/port v00000000015a2600, 21;
E_00000000008f7b40/23 .event edge, v00000000015a2600_18, v00000000015a2600_19, v00000000015a2600_20, v00000000015a2600_21;
v00000000015a2600_22 .array/port v00000000015a2600, 22;
v00000000015a2600_23 .array/port v00000000015a2600, 23;
v00000000015a2600_24 .array/port v00000000015a2600, 24;
v00000000015a2600_25 .array/port v00000000015a2600, 25;
E_00000000008f7b40/24 .event edge, v00000000015a2600_22, v00000000015a2600_23, v00000000015a2600_24, v00000000015a2600_25;
v00000000015a2600_26 .array/port v00000000015a2600, 26;
v00000000015a2600_27 .array/port v00000000015a2600, 27;
v00000000015a2600_28 .array/port v00000000015a2600, 28;
v00000000015a2600_29 .array/port v00000000015a2600, 29;
E_00000000008f7b40/25 .event edge, v00000000015a2600_26, v00000000015a2600_27, v00000000015a2600_28, v00000000015a2600_29;
v00000000015a2600_30 .array/port v00000000015a2600, 30;
v00000000015a2600_31 .array/port v00000000015a2600, 31;
E_00000000008f7b40/26 .event edge, v00000000015a2600_30, v00000000015a2600_31, v0000000000928ed0_0, v000000000092b980_0;
E_00000000008f7b40/27 .event edge, v000000000092bde0_0, v00000000015a38c0_0, v00000000015a3000_0, v0000000000929290_0;
E_00000000008f7b40/28 .event edge, v000000000092a620_0, v000000000092aee0_0, v000000000092a940_0, v00000000015a22e0_0;
E_00000000008f7b40/29 .event edge, v00000000015a3960_0, v0000000000928e30_0, v000000000092b160_0, v00000000008edce0_0;
v00000000015a3f00_0 .array/port v00000000015a3f00, 0;
v00000000015a3f00_1 .array/port v00000000015a3f00, 1;
E_00000000008f7b40/30 .event edge, v00000000015a2b00_0, v00000000009289d0_0, v00000000015a3f00_0, v00000000015a3f00_1;
v00000000015a3f00_2 .array/port v00000000015a3f00, 2;
v00000000015a3f00_3 .array/port v00000000015a3f00, 3;
v00000000015a3f00_4 .array/port v00000000015a3f00, 4;
v00000000015a3f00_5 .array/port v00000000015a3f00, 5;
E_00000000008f7b40/31 .event edge, v00000000015a3f00_2, v00000000015a3f00_3, v00000000015a3f00_4, v00000000015a3f00_5;
v00000000015a3f00_6 .array/port v00000000015a3f00, 6;
v00000000015a3f00_7 .array/port v00000000015a3f00, 7;
v00000000015a3f00_8 .array/port v00000000015a3f00, 8;
v00000000015a3f00_9 .array/port v00000000015a3f00, 9;
E_00000000008f7b40/32 .event edge, v00000000015a3f00_6, v00000000015a3f00_7, v00000000015a3f00_8, v00000000015a3f00_9;
v00000000015a3f00_10 .array/port v00000000015a3f00, 10;
v00000000015a3f00_11 .array/port v00000000015a3f00, 11;
v00000000015a3f00_12 .array/port v00000000015a3f00, 12;
v00000000015a3f00_13 .array/port v00000000015a3f00, 13;
E_00000000008f7b40/33 .event edge, v00000000015a3f00_10, v00000000015a3f00_11, v00000000015a3f00_12, v00000000015a3f00_13;
v00000000015a3f00_14 .array/port v00000000015a3f00, 14;
v00000000015a3f00_15 .array/port v00000000015a3f00, 15;
v00000000015a3f00_16 .array/port v00000000015a3f00, 16;
v00000000015a3f00_17 .array/port v00000000015a3f00, 17;
E_00000000008f7b40/34 .event edge, v00000000015a3f00_14, v00000000015a3f00_15, v00000000015a3f00_16, v00000000015a3f00_17;
v00000000015a3f00_18 .array/port v00000000015a3f00, 18;
v00000000015a3f00_19 .array/port v00000000015a3f00, 19;
v00000000015a3f00_20 .array/port v00000000015a3f00, 20;
v00000000015a3f00_21 .array/port v00000000015a3f00, 21;
E_00000000008f7b40/35 .event edge, v00000000015a3f00_18, v00000000015a3f00_19, v00000000015a3f00_20, v00000000015a3f00_21;
v00000000015a3f00_22 .array/port v00000000015a3f00, 22;
v00000000015a3f00_23 .array/port v00000000015a3f00, 23;
v00000000015a3f00_24 .array/port v00000000015a3f00, 24;
v00000000015a3f00_25 .array/port v00000000015a3f00, 25;
E_00000000008f7b40/36 .event edge, v00000000015a3f00_22, v00000000015a3f00_23, v00000000015a3f00_24, v00000000015a3f00_25;
v00000000015a3f00_26 .array/port v00000000015a3f00, 26;
v00000000015a3f00_27 .array/port v00000000015a3f00, 27;
v00000000015a3f00_28 .array/port v00000000015a3f00, 28;
v00000000015a3f00_29 .array/port v00000000015a3f00, 29;
E_00000000008f7b40/37 .event edge, v00000000015a3f00_26, v00000000015a3f00_27, v00000000015a3f00_28, v00000000015a3f00_29;
v00000000015a3f00_30 .array/port v00000000015a3f00, 30;
v00000000015a3f00_31 .array/port v00000000015a3f00, 31;
v00000000015a3b40_0 .array/port v00000000015a3b40, 0;
v00000000015a3b40_1 .array/port v00000000015a3b40, 1;
E_00000000008f7b40/38 .event edge, v00000000015a3f00_30, v00000000015a3f00_31, v00000000015a3b40_0, v00000000015a3b40_1;
v00000000015a3b40_2 .array/port v00000000015a3b40, 2;
v00000000015a3b40_3 .array/port v00000000015a3b40, 3;
v00000000015a3b40_4 .array/port v00000000015a3b40, 4;
v00000000015a3b40_5 .array/port v00000000015a3b40, 5;
E_00000000008f7b40/39 .event edge, v00000000015a3b40_2, v00000000015a3b40_3, v00000000015a3b40_4, v00000000015a3b40_5;
v00000000015a3b40_6 .array/port v00000000015a3b40, 6;
v00000000015a3b40_7 .array/port v00000000015a3b40, 7;
v00000000015a3b40_8 .array/port v00000000015a3b40, 8;
v00000000015a3b40_9 .array/port v00000000015a3b40, 9;
E_00000000008f7b40/40 .event edge, v00000000015a3b40_6, v00000000015a3b40_7, v00000000015a3b40_8, v00000000015a3b40_9;
v00000000015a3b40_10 .array/port v00000000015a3b40, 10;
v00000000015a3b40_11 .array/port v00000000015a3b40, 11;
v00000000015a3b40_12 .array/port v00000000015a3b40, 12;
v00000000015a3b40_13 .array/port v00000000015a3b40, 13;
E_00000000008f7b40/41 .event edge, v00000000015a3b40_10, v00000000015a3b40_11, v00000000015a3b40_12, v00000000015a3b40_13;
v00000000015a3b40_14 .array/port v00000000015a3b40, 14;
v00000000015a3b40_15 .array/port v00000000015a3b40, 15;
v00000000015a3b40_16 .array/port v00000000015a3b40, 16;
v00000000015a3b40_17 .array/port v00000000015a3b40, 17;
E_00000000008f7b40/42 .event edge, v00000000015a3b40_14, v00000000015a3b40_15, v00000000015a3b40_16, v00000000015a3b40_17;
v00000000015a3b40_18 .array/port v00000000015a3b40, 18;
v00000000015a3b40_19 .array/port v00000000015a3b40, 19;
v00000000015a3b40_20 .array/port v00000000015a3b40, 20;
v00000000015a3b40_21 .array/port v00000000015a3b40, 21;
E_00000000008f7b40/43 .event edge, v00000000015a3b40_18, v00000000015a3b40_19, v00000000015a3b40_20, v00000000015a3b40_21;
v00000000015a3b40_22 .array/port v00000000015a3b40, 22;
v00000000015a3b40_23 .array/port v00000000015a3b40, 23;
v00000000015a3b40_24 .array/port v00000000015a3b40, 24;
v00000000015a3b40_25 .array/port v00000000015a3b40, 25;
E_00000000008f7b40/44 .event edge, v00000000015a3b40_22, v00000000015a3b40_23, v00000000015a3b40_24, v00000000015a3b40_25;
v00000000015a3b40_26 .array/port v00000000015a3b40, 26;
v00000000015a3b40_27 .array/port v00000000015a3b40, 27;
v00000000015a3b40_28 .array/port v00000000015a3b40, 28;
v00000000015a3b40_29 .array/port v00000000015a3b40, 29;
E_00000000008f7b40/45 .event edge, v00000000015a3b40_26, v00000000015a3b40_27, v00000000015a3b40_28, v00000000015a3b40_29;
v00000000015a3b40_30 .array/port v00000000015a3b40, 30;
v00000000015a3b40_31 .array/port v00000000015a3b40, 31;
E_00000000008f7b40/46 .event edge, v00000000015a3b40_30, v00000000015a3b40_31;
E_00000000008f7b40 .event/or E_00000000008f7b40/0, E_00000000008f7b40/1, E_00000000008f7b40/2, E_00000000008f7b40/3, E_00000000008f7b40/4, E_00000000008f7b40/5, E_00000000008f7b40/6, E_00000000008f7b40/7, E_00000000008f7b40/8, E_00000000008f7b40/9, E_00000000008f7b40/10, E_00000000008f7b40/11, E_00000000008f7b40/12, E_00000000008f7b40/13, E_00000000008f7b40/14, E_00000000008f7b40/15, E_00000000008f7b40/16, E_00000000008f7b40/17, E_00000000008f7b40/18, E_00000000008f7b40/19, E_00000000008f7b40/20, E_00000000008f7b40/21, E_00000000008f7b40/22, E_00000000008f7b40/23, E_00000000008f7b40/24, E_00000000008f7b40/25, E_00000000008f7b40/26, E_00000000008f7b40/27, E_00000000008f7b40/28, E_00000000008f7b40/29, E_00000000008f7b40/30, E_00000000008f7b40/31, E_00000000008f7b40/32, E_00000000008f7b40/33, E_00000000008f7b40/34, E_00000000008f7b40/35, E_00000000008f7b40/36, E_00000000008f7b40/37, E_00000000008f7b40/38, E_00000000008f7b40/39, E_00000000008f7b40/40, E_00000000008f7b40/41, E_00000000008f7b40/42, E_00000000008f7b40/43, E_00000000008f7b40/44, E_00000000008f7b40/45, E_00000000008f7b40/46;
E_00000000008f7d00/0 .event edge, v00000000015a36e0_0, v00000000015a2ce0_0, v0000000000928610_0, v000000000092a6c0_0;
E_00000000008f7d00/1 .event edge, v0000000000929510_0, v0000000000929b50_0, v0000000000928d90_0, v00000000015a2c40_0;
E_00000000008f7d00/2 .event edge, v00000000008ed7e0_0, v00000000008ee320_0, v0000000000929970_0, v00000000015a2420_0;
E_00000000008f7d00/3 .event edge, v00000000015a2420_1, v00000000015a2420_2, v00000000015a2420_3, v00000000015a2420_4;
E_00000000008f7d00/4 .event edge, v00000000015a2420_5, v00000000015a2420_6, v00000000015a2420_7, v00000000015a2420_8;
E_00000000008f7d00/5 .event edge, v00000000015a2420_9, v00000000015a2420_10, v00000000015a2420_11, v00000000015a2420_12;
E_00000000008f7d00/6 .event edge, v00000000015a2420_13, v00000000015a2420_14, v00000000015a2420_15, v00000000015a2420_16;
E_00000000008f7d00/7 .event edge, v00000000015a2420_17, v00000000015a2420_18, v00000000015a2420_19, v00000000015a2420_20;
E_00000000008f7d00/8 .event edge, v00000000015a2420_21, v00000000015a2420_22, v00000000015a2420_23, v00000000015a2420_24;
E_00000000008f7d00/9 .event edge, v00000000015a2420_25, v00000000015a2420_26, v00000000015a2420_27, v00000000015a2420_28;
E_00000000008f7d00/10 .event edge, v00000000015a2420_29, v00000000015a2420_30, v00000000015a2420_31;
E_00000000008f7d00 .event/or E_00000000008f7d00/0, E_00000000008f7d00/1, E_00000000008f7d00/2, E_00000000008f7d00/3, E_00000000008f7d00/4, E_00000000008f7d00/5, E_00000000008f7d00/6, E_00000000008f7d00/7, E_00000000008f7d00/8, E_00000000008f7d00/9, E_00000000008f7d00/10;
E_00000000008f7880 .event edge, v00000000008edba0_0, v00000000008edec0_0, v00000000008ee460_0;
L_000000000092a9e0 .array/port v00000000015a2420, v00000000015a3500_0;
L_000000000092b0c0 .array/port v00000000015a2600, v00000000015a3500_0;
L_000000000092bac0 .array/port v00000000015a2600, v00000000015a3500_0;
S_0000000000890320 .scope module, "u_Decode1" "Decode" 2 153, 3 3 0, S_00000000008a60e0;
 .timescale 0 0;
    .port_info 0 /INPUT 32 "inst";
    .port_info 1 /OUTPUT 6 "order_type";
    .port_info 2 /OUTPUT 5 "order_rd";
    .port_info 3 /OUTPUT 5 "order_rs1";
    .port_info 4 /OUTPUT 5 "order_rs2";
    .port_info 5 /OUTPUT 32 "order_imm";
v00000000008ee280_0 .net "inst", 31 0, v0000000000929a10_0;  1 drivers
v00000000008ed920_0 .var "order_imm", 31 0;
v00000000008ee0a0_0 .var "order_rd", 4 0;
v00000000008edd80_0 .var "order_rs1", 4 0;
v00000000008ed600_0 .var "order_rs2", 4 0;
v00000000008ee320_0 .var "order_type", 5 0;
v00000000008eda60_0 .net "type1", 6 0, L_000000000092ba20;  1 drivers
v00000000008edb00_0 .net "type2", 2 0, L_000000000092af80;  1 drivers
v00000000008ed560_0 .net "type3", 6 0, L_000000000092b020;  1 drivers
E_00000000008f7f00/0 .event edge, v00000000008ee280_0, v00000000008eda60_0, v00000000008edb00_0, v00000000008ed560_0;
E_00000000008f7f00/1 .event edge, v00000000008ee320_0, v00000000008ed920_0;
E_00000000008f7f00 .event/or E_00000000008f7f00/0, E_00000000008f7f00/1;
L_000000000092ba20 .part v0000000000929a10_0, 0, 7;
L_000000000092af80 .part v0000000000929a10_0, 12, 3;
L_000000000092b020 .part v0000000000929a10_0, 25, 7;
S_00000000008904b0 .scope module, "u_Decode2" "Decode" 2 177, 3 3 0, S_00000000008a60e0;
 .timescale 0 0;
    .port_info 0 /INPUT 32 "inst";
    .port_info 1 /OUTPUT 6 "order_type";
    .port_info 2 /OUTPUT 5 "order_rd";
    .port_info 3 /OUTPUT 5 "order_rs1";
    .port_info 4 /OUTPUT 5 "order_rs2";
    .port_info 5 /OUTPUT 32 "order_imm";
v00000000008ee3c0_0 .net "inst", 31 0, L_000000000092a9e0;  1 drivers
v00000000008edce0_0 .var "order_imm", 31 0;
v00000000008edba0_0 .var "order_rd", 4 0;
v00000000008edec0_0 .var "order_rs1", 4 0;
v00000000008ee460_0 .var "order_rs2", 4 0;
v00000000008ee1e0_0 .var "order_type", 5 0;
v00000000008ed880_0 .net "type1", 6 0, L_000000000092a260;  1 drivers
v00000000008ed6a0_0 .net "type2", 2 0, L_000000000092b5c0;  1 drivers
v00000000008ed740_0 .net "type3", 6 0, L_000000000092b3e0;  1 drivers
E_00000000008f7480/0 .event edge, v00000000008ee3c0_0, v00000000008ed880_0, v00000000008ed6a0_0, v00000000008ed740_0;
E_00000000008f7480/1 .event edge, v00000000008ee1e0_0, v00000000008edce0_0;
E_00000000008f7480 .event/or E_00000000008f7480/0, E_00000000008f7480/1;
L_000000000092a260 .part L_000000000092a9e0, 0, 7;
L_000000000092b5c0 .part L_000000000092a9e0, 12, 3;
L_000000000092b3e0 .part L_000000000092a9e0, 25, 7;
S_00000000008926c0 .scope module, "u_IsBranch" "IsBranch" 2 163, 4 3 0, S_00000000008a60e0;
 .timescale 0 0;
    .port_info 0 /INPUT 6 "type";
    .port_info 1 /OUTPUT 1 "is_Branch";
v00000000008ed7e0_0 .var "is_Branch", 0 0;
v00000000008ed9c0_0 .net "type", 5 0, v00000000008ee320_0;  alias, 1 drivers
E_00000000008f8000 .event edge, v00000000008ee320_0;
S_0000000000892850 .scope module, "u_IsLoad" "IsLoad" 2 193, 5 3 0, S_00000000008a60e0;
 .timescale 0 0;
    .port_info 0 /INPUT 6 "type";
    .port_info 1 /OUTPUT 1 "is_Load";
v00000000008ede20_0 .var "is_Load", 0 0;
v00000000015a3e60_0 .net "type", 5 0, L_000000000092b0c0;  1 drivers
E_00000000008f8200 .event edge, v00000000015a3e60_0;
S_0000000000907c80 .scope module, "u_IsStore" "IsStore" 2 199, 6 3 0, S_00000000008a60e0;
 .timescale 0 0;
    .port_info 0 /INPUT 6 "type";
    .port_info 1 /OUTPUT 1 "is_Store";
v00000000015a3a00_0 .var "is_Store", 0 0;
v00000000015a3aa0_0 .net "type", 5 0, L_000000000092bac0;  1 drivers
E_00000000008f8140 .event edge, v00000000015a3aa0_0;
    .scope S_0000000000890320;
T_0 ;
    %wait E_00000000008f7f00;
    %load/vec4 v00000000008ee280_0;
    %parti/s 5, 7, 4;
    %store/vec4 v00000000008ee0a0_0, 0, 5;
    %load/vec4 v00000000008ee280_0;
    %parti/s 5, 15, 5;
    %store/vec4 v00000000008edd80_0, 0, 5;
    %load/vec4 v00000000008ee280_0;
    %parti/s 5, 20, 6;
    %store/vec4 v00000000008ed600_0, 0, 5;
    %load/vec4 v00000000008eda60_0;
    %cmpi/e 55, 0, 7;
    %flag_mov 8, 4;
    %load/vec4 v00000000008eda60_0;
    %cmpi/e 23, 0, 7;
    %flag_or 4, 8;
    %jmp/0xz  T_0.0, 4;
    %load/vec4 v00000000008eda60_0;
    %cmpi/e 55, 0, 7;
    %jmp/0xz  T_0.2, 4;
    %pushi/vec4 0, 0, 6;
    %store/vec4 v00000000008ee320_0, 0, 6;
T_0.2 ;
    %load/vec4 v00000000008eda60_0;
    %cmpi/e 23, 0, 7;
    %jmp/0xz  T_0.4, 4;
    %pushi/vec4 1, 0, 6;
    %store/vec4 v00000000008ee320_0, 0, 6;
T_0.4 ;
    %load/vec4 v00000000008ee280_0;
    %parti/s 20, 12, 5;
    %concati/vec4 0, 0, 12;
    %store/vec4 v00000000008ed920_0, 0, 32;
T_0.0 ;
    %load/vec4 v00000000008eda60_0;
    %cmpi/e 51, 0, 7;
    %jmp/0xz  T_0.6, 4;
    %load/vec4 v00000000008edb00_0;
    %cmpi/e 0, 0, 3;
    %jmp/0xz  T_0.8, 4;
    %load/vec4 v00000000008ed560_0;
    %cmpi/e 0, 0, 7;
    %jmp/0xz  T_0.10, 4;
    %pushi/vec4 2, 0, 6;
    %store/vec4 v00000000008ee320_0, 0, 6;
T_0.10 ;
    %load/vec4 v00000000008ed560_0;
    %cmpi/e 32, 0, 7;
    %jmp/0xz  T_0.12, 4;
    %pushi/vec4 3, 0, 6;
    %store/vec4 v00000000008ee320_0, 0, 6;
T_0.12 ;
T_0.8 ;
    %load/vec4 v00000000008edb00_0;
    %cmpi/e 1, 0, 3;
    %jmp/0xz  T_0.14, 4;
    %pushi/vec4 4, 0, 6;
    %store/vec4 v00000000008ee320_0, 0, 6;
T_0.14 ;
    %load/vec4 v00000000008edb00_0;
    %cmpi/e 2, 0, 3;
    %jmp/0xz  T_0.16, 4;
    %pushi/vec4 5, 0, 6;
    %store/vec4 v00000000008ee320_0, 0, 6;
T_0.16 ;
    %load/vec4 v00000000008edb00_0;
    %cmpi/e 3, 0, 3;
    %jmp/0xz  T_0.18, 4;
    %pushi/vec4 6, 0, 6;
    %store/vec4 v00000000008ee320_0, 0, 6;
T_0.18 ;
    %load/vec4 v00000000008edb00_0;
    %cmpi/e 4, 0, 3;
    %jmp/0xz  T_0.20, 4;
    %pushi/vec4 7, 0, 6;
    %store/vec4 v00000000008ee320_0, 0, 6;
T_0.20 ;
    %load/vec4 v00000000008edb00_0;
    %cmpi/e 5, 0, 3;
    %jmp/0xz  T_0.22, 4;
    %load/vec4 v00000000008ed560_0;
    %cmpi/e 0, 0, 7;
    %jmp/0xz  T_0.24, 4;
    %pushi/vec4 8, 0, 6;
    %store/vec4 v00000000008ee320_0, 0, 6;
T_0.24 ;
    %load/vec4 v00000000008ed560_0;
    %cmpi/e 32, 0, 7;
    %jmp/0xz  T_0.26, 4;
    %pushi/vec4 9, 0, 6;
    %store/vec4 v00000000008ee320_0, 0, 6;
T_0.26 ;
T_0.22 ;
    %load/vec4 v00000000008edb00_0;
    %cmpi/e 6, 0, 3;
    %jmp/0xz  T_0.28, 4;
    %pushi/vec4 10, 0, 6;
    %store/vec4 v00000000008ee320_0, 0, 6;
T_0.28 ;
    %load/vec4 v00000000008edb00_0;
    %cmpi/e 7, 0, 3;
    %jmp/0xz  T_0.30, 4;
    %pushi/vec4 11, 0, 6;
    %store/vec4 v00000000008ee320_0, 0, 6;
T_0.30 ;
T_0.6 ;
    %load/vec4 v00000000008eda60_0;
    %cmpi/e 103, 0, 7;
    %flag_mov 8, 4;
    %load/vec4 v00000000008eda60_0;
    %cmpi/e 3, 0, 7;
    %flag_or 4, 8;
    %flag_mov 8, 4;
    %load/vec4 v00000000008eda60_0;
    %cmpi/e 19, 0, 7;
    %flag_or 4, 8;
    %jmp/0xz  T_0.32, 4;
    %load/vec4 v00000000008eda60_0;
    %cmpi/e 103, 0, 7;
    %jmp/0xz  T_0.34, 4;
    %pushi/vec4 12, 0, 6;
    %store/vec4 v00000000008ee320_0, 0, 6;
T_0.34 ;
    %load/vec4 v00000000008eda60_0;
    %cmpi/e 3, 0, 7;
    %jmp/0xz  T_0.36, 4;
    %load/vec4 v00000000008edb00_0;
    %cmpi/e 0, 0, 3;
    %jmp/0xz  T_0.38, 4;
    %pushi/vec4 13, 0, 6;
    %store/vec4 v00000000008ee320_0, 0, 6;
T_0.38 ;
    %load/vec4 v00000000008edb00_0;
    %cmpi/e 1, 0, 3;
    %jmp/0xz  T_0.40, 4;
    %pushi/vec4 14, 0, 6;
    %store/vec4 v00000000008ee320_0, 0, 6;
T_0.40 ;
    %load/vec4 v00000000008edb00_0;
    %cmpi/e 2, 0, 3;
    %jmp/0xz  T_0.42, 4;
    %pushi/vec4 15, 0, 6;
    %store/vec4 v00000000008ee320_0, 0, 6;
T_0.42 ;
    %load/vec4 v00000000008edb00_0;
    %cmpi/e 4, 0, 3;
    %jmp/0xz  T_0.44, 4;
    %pushi/vec4 16, 0, 6;
    %store/vec4 v00000000008ee320_0, 0, 6;
T_0.44 ;
    %load/vec4 v00000000008edb00_0;
    %cmpi/e 5, 0, 3;
    %jmp/0xz  T_0.46, 4;
    %pushi/vec4 17, 0, 6;
    %store/vec4 v00000000008ee320_0, 0, 6;
T_0.46 ;
T_0.36 ;
    %load/vec4 v00000000008eda60_0;
    %cmpi/e 19, 0, 7;
    %jmp/0xz  T_0.48, 4;
    %load/vec4 v00000000008edb00_0;
    %cmpi/e 0, 0, 3;
    %jmp/0xz  T_0.50, 4;
    %pushi/vec4 18, 0, 6;
    %store/vec4 v00000000008ee320_0, 0, 6;
T_0.50 ;
    %load/vec4 v00000000008edb00_0;
    %cmpi/e 2, 0, 3;
    %jmp/0xz  T_0.52, 4;
    %pushi/vec4 19, 0, 6;
    %store/vec4 v00000000008ee320_0, 0, 6;
T_0.52 ;
    %load/vec4 v00000000008edb00_0;
    %cmpi/e 3, 0, 3;
    %jmp/0xz  T_0.54, 4;
    %pushi/vec4 20, 0, 6;
    %store/vec4 v00000000008ee320_0, 0, 6;
T_0.54 ;
    %load/vec4 v00000000008edb00_0;
    %cmpi/e 4, 0, 3;
    %jmp/0xz  T_0.56, 4;
    %pushi/vec4 21, 0, 6;
    %store/vec4 v00000000008ee320_0, 0, 6;
T_0.56 ;
    %load/vec4 v00000000008edb00_0;
    %cmpi/e 6, 0, 3;
    %jmp/0xz  T_0.58, 4;
    %pushi/vec4 22, 0, 6;
    %store/vec4 v00000000008ee320_0, 0, 6;
T_0.58 ;
    %load/vec4 v00000000008edb00_0;
    %cmpi/e 7, 0, 3;
    %jmp/0xz  T_0.60, 4;
    %pushi/vec4 23, 0, 6;
    %store/vec4 v00000000008ee320_0, 0, 6;
T_0.60 ;
    %load/vec4 v00000000008edb00_0;
    %cmpi/e 1, 0, 3;
    %jmp/0xz  T_0.62, 4;
    %pushi/vec4 24, 0, 6;
    %store/vec4 v00000000008ee320_0, 0, 6;
T_0.62 ;
    %load/vec4 v00000000008edb00_0;
    %cmpi/e 5, 0, 3;
    %jmp/0xz  T_0.64, 4;
    %load/vec4 v00000000008ed560_0;
    %cmpi/e 0, 0, 7;
    %jmp/0xz  T_0.66, 4;
    %pushi/vec4 25, 0, 6;
    %store/vec4 v00000000008ee320_0, 0, 6;
T_0.66 ;
    %load/vec4 v00000000008ed560_0;
    %cmpi/e 32, 0, 7;
    %jmp/0xz  T_0.68, 4;
    %pushi/vec4 26, 0, 6;
    %store/vec4 v00000000008ee320_0, 0, 6;
T_0.68 ;
T_0.64 ;
T_0.48 ;
    %pushi/vec4 0, 0, 20;
    %load/vec4 v00000000008ee280_0;
    %parti/s 12, 20, 6;
    %concat/vec4; draw_concat_vec4
    %store/vec4 v00000000008ed920_0, 0, 32;
T_0.32 ;
    %load/vec4 v00000000008eda60_0;
    %cmpi/e 35, 0, 7;
    %jmp/0xz  T_0.70, 4;
    %load/vec4 v00000000008edb00_0;
    %cmpi/e 0, 0, 3;
    %jmp/0xz  T_0.72, 4;
    %pushi/vec4 27, 0, 6;
    %store/vec4 v00000000008ee320_0, 0, 6;
T_0.72 ;
    %load/vec4 v00000000008edb00_0;
    %cmpi/e 1, 0, 3;
    %jmp/0xz  T_0.74, 4;
    %pushi/vec4 28, 0, 6;
    %store/vec4 v00000000008ee320_0, 0, 6;
T_0.74 ;
    %load/vec4 v00000000008edb00_0;
    %cmpi/e 2, 0, 3;
    %jmp/0xz  T_0.76, 4;
    %pushi/vec4 29, 0, 6;
    %store/vec4 v00000000008ee320_0, 0, 6;
T_0.76 ;
    %pushi/vec4 0, 0, 20;
    %load/vec4 v00000000008ee280_0;
    %parti/s 7, 25, 6;
    %concat/vec4; draw_concat_vec4
    %load/vec4 v00000000008ee280_0;
    %parti/s 5, 7, 4;
    %concat/vec4; draw_concat_vec4
    %store/vec4 v00000000008ed920_0, 0, 32;
T_0.70 ;
    %load/vec4 v00000000008eda60_0;
    %cmpi/e 111, 0, 7;
    %jmp/0xz  T_0.78, 4;
    %pushi/vec4 30, 0, 6;
    %store/vec4 v00000000008ee320_0, 0, 6;
    %pushi/vec4 0, 0, 11;
    %load/vec4 v00000000008ee280_0;
    %parti/s 1, 31, 6;
    %concat/vec4; draw_concat_vec4
    %load/vec4 v00000000008ee280_0;
    %parti/s 8, 12, 5;
    %concat/vec4; draw_concat_vec4
    %load/vec4 v00000000008ee280_0;
    %parti/s 1, 20, 6;
    %concat/vec4; draw_concat_vec4
    %load/vec4 v00000000008ee280_0;
    %parti/s 10, 21, 6;
    %concat/vec4; draw_concat_vec4
    %concati/vec4 0, 0, 1;
    %store/vec4 v00000000008ed920_0, 0, 32;
T_0.78 ;
    %load/vec4 v00000000008eda60_0;
    %cmpi/e 99, 0, 7;
    %jmp/0xz  T_0.80, 4;
    %load/vec4 v00000000008edb00_0;
    %cmpi/e 0, 0, 3;
    %jmp/0xz  T_0.82, 4;
    %pushi/vec4 31, 0, 6;
    %store/vec4 v00000000008ee320_0, 0, 6;
T_0.82 ;
    %load/vec4 v00000000008edb00_0;
    %cmpi/e 1, 0, 3;
    %jmp/0xz  T_0.84, 4;
    %pushi/vec4 32, 0, 6;
    %store/vec4 v00000000008ee320_0, 0, 6;
T_0.84 ;
    %load/vec4 v00000000008edb00_0;
    %cmpi/e 4, 0, 3;
    %jmp/0xz  T_0.86, 4;
    %pushi/vec4 33, 0, 6;
    %store/vec4 v00000000008ee320_0, 0, 6;
T_0.86 ;
    %load/vec4 v00000000008edb00_0;
    %cmpi/e 5, 0, 3;
    %jmp/0xz  T_0.88, 4;
    %pushi/vec4 34, 0, 6;
    %store/vec4 v00000000008ee320_0, 0, 6;
T_0.88 ;
    %load/vec4 v00000000008edb00_0;
    %cmpi/e 6, 0, 3;
    %jmp/0xz  T_0.90, 4;
    %pushi/vec4 35, 0, 6;
    %store/vec4 v00000000008ee320_0, 0, 6;
T_0.90 ;
    %load/vec4 v00000000008edb00_0;
    %cmpi/e 7, 0, 3;
    %jmp/0xz  T_0.92, 4;
    %pushi/vec4 36, 0, 6;
    %store/vec4 v00000000008ee320_0, 0, 6;
T_0.92 ;
    %pushi/vec4 0, 0, 19;
    %load/vec4 v00000000008ee280_0;
    %parti/s 1, 31, 6;
    %concat/vec4; draw_concat_vec4
    %load/vec4 v00000000008ee280_0;
    %parti/s 1, 7, 4;
    %concat/vec4; draw_concat_vec4
    %load/vec4 v00000000008ee280_0;
    %parti/s 6, 25, 6;
    %concat/vec4; draw_concat_vec4
    %load/vec4 v00000000008ee280_0;
    %parti/s 4, 8, 5;
    %concat/vec4; draw_concat_vec4
    %concati/vec4 0, 0, 1;
    %store/vec4 v00000000008ed920_0, 0, 32;
T_0.80 ;
    %load/vec4 v00000000008ee320_0;
    %cmpi/e 12, 0, 6;
    %flag_mov 8, 4;
    %load/vec4 v00000000008ee320_0;
    %cmpi/e 13, 0, 6;
    %flag_or 4, 8;
    %flag_mov 8, 4;
    %load/vec4 v00000000008ee320_0;
    %cmpi/e 14, 0, 6;
    %flag_or 4, 8;
    %flag_mov 8, 4;
    %load/vec4 v00000000008ee320_0;
    %cmpi/e 15, 0, 6;
    %flag_or 4, 8;
    %flag_mov 8, 4;
    %load/vec4 v00000000008ee320_0;
    %cmpi/e 16, 0, 6;
    %flag_or 4, 8;
    %flag_mov 8, 4;
    %load/vec4 v00000000008ee320_0;
    %cmpi/e 17, 0, 6;
    %flag_or 4, 8;
    %jmp/0xz  T_0.94, 4;
    %load/vec4 v00000000008ed920_0;
    %ix/load 4, 11, 0;
    %flag_set/imm 4, 0;
    %shiftr 4;
    %cmpi/ne 0, 0, 32;
    %jmp/0xz  T_0.96, 4;
    %load/vec4 v00000000008ed920_0;
    %pushi/vec4 4294963200, 0, 32;
    %or;
    %store/vec4 v00000000008ed920_0, 0, 32;
T_0.96 ;
T_0.94 ;
    %load/vec4 v00000000008ee320_0;
    %cmpi/e 18, 0, 6;
    %flag_mov 8, 4;
    %load/vec4 v00000000008ee320_0;
    %cmpi/e 19, 0, 6;
    %flag_or 4, 8;
    %flag_mov 8, 4;
    %load/vec4 v00000000008ee320_0;
    %cmpi/e 20, 0, 6;
    %flag_or 4, 8;
    %flag_mov 8, 4;
    %load/vec4 v00000000008ee320_0;
    %cmpi/e 21, 0, 6;
    %flag_or 4, 8;
    %flag_mov 8, 4;
    %load/vec4 v00000000008ee320_0;
    %cmpi/e 22, 0, 6;
    %flag_or 4, 8;
    %flag_mov 8, 4;
    %load/vec4 v00000000008ee320_0;
    %cmpi/e 23, 0, 6;
    %flag_or 4, 8;
    %jmp/0xz  T_0.98, 4;
    %load/vec4 v00000000008ed920_0;
    %ix/load 4, 11, 0;
    %flag_set/imm 4, 0;
    %shiftr 4;
    %cmpi/ne 0, 0, 32;
    %jmp/0xz  T_0.100, 4;
    ; show_stmt_assign_vector: Get l-value for compressed |= operand
    %load/vec4 v00000000008ed920_0;
    %pushi/vec4 4294963200, 0, 32;
    %or;
    %store/vec4 v00000000008ed920_0, 0, 32;
T_0.100 ;
T_0.98 ;
    %load/vec4 v00000000008ee320_0;
    %cmpi/e 27, 0, 6;
    %flag_mov 8, 4;
    %load/vec4 v00000000008ee320_0;
    %cmpi/e 28, 0, 6;
    %flag_or 4, 8;
    %flag_mov 8, 4;
    %load/vec4 v00000000008ee320_0;
    %cmpi/e 29, 0, 6;
    %flag_or 4, 8;
    %jmp/0xz  T_0.102, 4;
    %load/vec4 v00000000008ed920_0;
    %ix/load 4, 11, 0;
    %flag_set/imm 4, 0;
    %shiftr 4;
    %cmpi/ne 0, 0, 32;
    %jmp/0xz  T_0.104, 4;
    ; show_stmt_assign_vector: Get l-value for compressed |= operand
    %load/vec4 v00000000008ed920_0;
    %pushi/vec4 4294963200, 0, 32;
    %or;
    %store/vec4 v00000000008ed920_0, 0, 32;
T_0.104 ;
T_0.102 ;
    %load/vec4 v00000000008ee320_0;
    %cmpi/e 30, 0, 6;
    %jmp/0xz  T_0.106, 4;
    %load/vec4 v00000000008ed920_0;
    %ix/load 4, 20, 0;
    %flag_set/imm 4, 0;
    %shiftr 4;
    %cmpi/ne 0, 0, 32;
    %jmp/0xz  T_0.108, 4;
    ; show_stmt_assign_vector: Get l-value for compressed |= operand
    %load/vec4 v00000000008ed920_0;
    %pushi/vec4 4293918720, 0, 32;
    %or;
    %store/vec4 v00000000008ed920_0, 0, 32;
T_0.108 ;
T_0.106 ;
    %load/vec4 v00000000008ee320_0;
    %cmpi/e 31, 0, 6;
    %flag_mov 8, 4;
    %load/vec4 v00000000008ee320_0;
    %cmpi/e 32, 0, 6;
    %flag_or 4, 8;
    %flag_mov 8, 4;
    %load/vec4 v00000000008ee320_0;
    %cmpi/e 33, 0, 6;
    %flag_or 4, 8;
    %flag_mov 8, 4;
    %load/vec4 v00000000008ee320_0;
    %cmpi/e 34, 0, 6;
    %flag_or 4, 8;
    %flag_mov 8, 4;
    %load/vec4 v00000000008ee320_0;
    %cmpi/e 35, 0, 6;
    %flag_or 4, 8;
    %flag_mov 8, 4;
    %load/vec4 v00000000008ee320_0;
    %cmpi/e 36, 0, 6;
    %flag_or 4, 8;
    %jmp/0xz  T_0.110, 4;
    %load/vec4 v00000000008ed920_0;
    %ix/load 4, 12, 0;
    %flag_set/imm 4, 0;
    %shiftr 4;
    %cmpi/ne 0, 0, 32;
    %jmp/0xz  T_0.112, 4;
    ; show_stmt_assign_vector: Get l-value for compressed |= operand
    %load/vec4 v00000000008ed920_0;
    %pushi/vec4 4294959104, 0, 32;
    %or;
    %store/vec4 v00000000008ed920_0, 0, 32;
T_0.112 ;
T_0.110 ;
    %jmp T_0;
    .thread T_0, $push;
    .scope S_00000000008926c0;
T_1 ;
    %wait E_00000000008f8000;
    %load/vec4 v00000000008ed9c0_0;
    %cmpi/e 31, 0, 6;
    %flag_mov 8, 4;
    %load/vec4 v00000000008ed9c0_0;
    %cmpi/e 32, 0, 6;
    %flag_or 4, 8;
    %flag_mov 8, 4;
    %load/vec4 v00000000008ed9c0_0;
    %cmpi/e 33, 0, 6;
    %flag_or 4, 8;
    %flag_mov 8, 4;
    %load/vec4 v00000000008ed9c0_0;
    %cmpi/e 34, 0, 6;
    %flag_or 4, 8;
    %flag_mov 8, 4;
    %load/vec4 v00000000008ed9c0_0;
    %cmpi/e 35, 0, 6;
    %flag_or 4, 8;
    %flag_mov 8, 4;
    %load/vec4 v00000000008ed9c0_0;
    %cmpi/e 36, 0, 6;
    %flag_or 4, 8;
    %flag_mov 8, 4;
    %load/vec4 v00000000008ed9c0_0;
    %cmpi/e 30, 0, 6;
    %flag_or 4, 8;
    %flag_mov 8, 4;
    %load/vec4 v00000000008ed9c0_0;
    %cmpi/e 12, 0, 6;
    %flag_or 4, 8;
    %jmp/0xz  T_1.0, 4;
    %pushi/vec4 1, 0, 1;
    %store/vec4 v00000000008ed7e0_0, 0, 1;
T_1.0 ;
    %jmp T_1;
    .thread T_1, $push;
    .scope S_00000000008904b0;
T_2 ;
    %wait E_00000000008f7480;
    %load/vec4 v00000000008ee3c0_0;
    %parti/s 5, 7, 4;
    %store/vec4 v00000000008edba0_0, 0, 5;
    %load/vec4 v00000000008ee3c0_0;
    %parti/s 5, 15, 5;
    %store/vec4 v00000000008edec0_0, 0, 5;
    %load/vec4 v00000000008ee3c0_0;
    %parti/s 5, 20, 6;
    %store/vec4 v00000000008ee460_0, 0, 5;
    %load/vec4 v00000000008ed880_0;
    %cmpi/e 55, 0, 7;
    %flag_mov 8, 4;
    %load/vec4 v00000000008ed880_0;
    %cmpi/e 23, 0, 7;
    %flag_or 4, 8;
    %jmp/0xz  T_2.0, 4;
    %load/vec4 v00000000008ed880_0;
    %cmpi/e 55, 0, 7;
    %jmp/0xz  T_2.2, 4;
    %pushi/vec4 0, 0, 6;
    %store/vec4 v00000000008ee1e0_0, 0, 6;
T_2.2 ;
    %load/vec4 v00000000008ed880_0;
    %cmpi/e 23, 0, 7;
    %jmp/0xz  T_2.4, 4;
    %pushi/vec4 1, 0, 6;
    %store/vec4 v00000000008ee1e0_0, 0, 6;
T_2.4 ;
    %load/vec4 v00000000008ee3c0_0;
    %parti/s 20, 12, 5;
    %concati/vec4 0, 0, 12;
    %store/vec4 v00000000008edce0_0, 0, 32;
T_2.0 ;
    %load/vec4 v00000000008ed880_0;
    %cmpi/e 51, 0, 7;
    %jmp/0xz  T_2.6, 4;
    %load/vec4 v00000000008ed6a0_0;
    %cmpi/e 0, 0, 3;
    %jmp/0xz  T_2.8, 4;
    %load/vec4 v00000000008ed740_0;
    %cmpi/e 0, 0, 7;
    %jmp/0xz  T_2.10, 4;
    %pushi/vec4 2, 0, 6;
    %store/vec4 v00000000008ee1e0_0, 0, 6;
T_2.10 ;
    %load/vec4 v00000000008ed740_0;
    %cmpi/e 32, 0, 7;
    %jmp/0xz  T_2.12, 4;
    %pushi/vec4 3, 0, 6;
    %store/vec4 v00000000008ee1e0_0, 0, 6;
T_2.12 ;
T_2.8 ;
    %load/vec4 v00000000008ed6a0_0;
    %cmpi/e 1, 0, 3;
    %jmp/0xz  T_2.14, 4;
    %pushi/vec4 4, 0, 6;
    %store/vec4 v00000000008ee1e0_0, 0, 6;
T_2.14 ;
    %load/vec4 v00000000008ed6a0_0;
    %cmpi/e 2, 0, 3;
    %jmp/0xz  T_2.16, 4;
    %pushi/vec4 5, 0, 6;
    %store/vec4 v00000000008ee1e0_0, 0, 6;
T_2.16 ;
    %load/vec4 v00000000008ed6a0_0;
    %cmpi/e 3, 0, 3;
    %jmp/0xz  T_2.18, 4;
    %pushi/vec4 6, 0, 6;
    %store/vec4 v00000000008ee1e0_0, 0, 6;
T_2.18 ;
    %load/vec4 v00000000008ed6a0_0;
    %cmpi/e 4, 0, 3;
    %jmp/0xz  T_2.20, 4;
    %pushi/vec4 7, 0, 6;
    %store/vec4 v00000000008ee1e0_0, 0, 6;
T_2.20 ;
    %load/vec4 v00000000008ed6a0_0;
    %cmpi/e 5, 0, 3;
    %jmp/0xz  T_2.22, 4;
    %load/vec4 v00000000008ed740_0;
    %cmpi/e 0, 0, 7;
    %jmp/0xz  T_2.24, 4;
    %pushi/vec4 8, 0, 6;
    %store/vec4 v00000000008ee1e0_0, 0, 6;
T_2.24 ;
    %load/vec4 v00000000008ed740_0;
    %cmpi/e 32, 0, 7;
    %jmp/0xz  T_2.26, 4;
    %pushi/vec4 9, 0, 6;
    %store/vec4 v00000000008ee1e0_0, 0, 6;
T_2.26 ;
T_2.22 ;
    %load/vec4 v00000000008ed6a0_0;
    %cmpi/e 6, 0, 3;
    %jmp/0xz  T_2.28, 4;
    %pushi/vec4 10, 0, 6;
    %store/vec4 v00000000008ee1e0_0, 0, 6;
T_2.28 ;
    %load/vec4 v00000000008ed6a0_0;
    %cmpi/e 7, 0, 3;
    %jmp/0xz  T_2.30, 4;
    %pushi/vec4 11, 0, 6;
    %store/vec4 v00000000008ee1e0_0, 0, 6;
T_2.30 ;
T_2.6 ;
    %load/vec4 v00000000008ed880_0;
    %cmpi/e 103, 0, 7;
    %flag_mov 8, 4;
    %load/vec4 v00000000008ed880_0;
    %cmpi/e 3, 0, 7;
    %flag_or 4, 8;
    %flag_mov 8, 4;
    %load/vec4 v00000000008ed880_0;
    %cmpi/e 19, 0, 7;
    %flag_or 4, 8;
    %jmp/0xz  T_2.32, 4;
    %load/vec4 v00000000008ed880_0;
    %cmpi/e 103, 0, 7;
    %jmp/0xz  T_2.34, 4;
    %pushi/vec4 12, 0, 6;
    %store/vec4 v00000000008ee1e0_0, 0, 6;
T_2.34 ;
    %load/vec4 v00000000008ed880_0;
    %cmpi/e 3, 0, 7;
    %jmp/0xz  T_2.36, 4;
    %load/vec4 v00000000008ed6a0_0;
    %cmpi/e 0, 0, 3;
    %jmp/0xz  T_2.38, 4;
    %pushi/vec4 13, 0, 6;
    %store/vec4 v00000000008ee1e0_0, 0, 6;
T_2.38 ;
    %load/vec4 v00000000008ed6a0_0;
    %cmpi/e 1, 0, 3;
    %jmp/0xz  T_2.40, 4;
    %pushi/vec4 14, 0, 6;
    %store/vec4 v00000000008ee1e0_0, 0, 6;
T_2.40 ;
    %load/vec4 v00000000008ed6a0_0;
    %cmpi/e 2, 0, 3;
    %jmp/0xz  T_2.42, 4;
    %pushi/vec4 15, 0, 6;
    %store/vec4 v00000000008ee1e0_0, 0, 6;
T_2.42 ;
    %load/vec4 v00000000008ed6a0_0;
    %cmpi/e 4, 0, 3;
    %jmp/0xz  T_2.44, 4;
    %pushi/vec4 16, 0, 6;
    %store/vec4 v00000000008ee1e0_0, 0, 6;
T_2.44 ;
    %load/vec4 v00000000008ed6a0_0;
    %cmpi/e 5, 0, 3;
    %jmp/0xz  T_2.46, 4;
    %pushi/vec4 17, 0, 6;
    %store/vec4 v00000000008ee1e0_0, 0, 6;
T_2.46 ;
T_2.36 ;
    %load/vec4 v00000000008ed880_0;
    %cmpi/e 19, 0, 7;
    %jmp/0xz  T_2.48, 4;
    %load/vec4 v00000000008ed6a0_0;
    %cmpi/e 0, 0, 3;
    %jmp/0xz  T_2.50, 4;
    %pushi/vec4 18, 0, 6;
    %store/vec4 v00000000008ee1e0_0, 0, 6;
T_2.50 ;
    %load/vec4 v00000000008ed6a0_0;
    %cmpi/e 2, 0, 3;
    %jmp/0xz  T_2.52, 4;
    %pushi/vec4 19, 0, 6;
    %store/vec4 v00000000008ee1e0_0, 0, 6;
T_2.52 ;
    %load/vec4 v00000000008ed6a0_0;
    %cmpi/e 3, 0, 3;
    %jmp/0xz  T_2.54, 4;
    %pushi/vec4 20, 0, 6;
    %store/vec4 v00000000008ee1e0_0, 0, 6;
T_2.54 ;
    %load/vec4 v00000000008ed6a0_0;
    %cmpi/e 4, 0, 3;
    %jmp/0xz  T_2.56, 4;
    %pushi/vec4 21, 0, 6;
    %store/vec4 v00000000008ee1e0_0, 0, 6;
T_2.56 ;
    %load/vec4 v00000000008ed6a0_0;
    %cmpi/e 6, 0, 3;
    %jmp/0xz  T_2.58, 4;
    %pushi/vec4 22, 0, 6;
    %store/vec4 v00000000008ee1e0_0, 0, 6;
T_2.58 ;
    %load/vec4 v00000000008ed6a0_0;
    %cmpi/e 7, 0, 3;
    %jmp/0xz  T_2.60, 4;
    %pushi/vec4 23, 0, 6;
    %store/vec4 v00000000008ee1e0_0, 0, 6;
T_2.60 ;
    %load/vec4 v00000000008ed6a0_0;
    %cmpi/e 1, 0, 3;
    %jmp/0xz  T_2.62, 4;
    %pushi/vec4 24, 0, 6;
    %store/vec4 v00000000008ee1e0_0, 0, 6;
T_2.62 ;
    %load/vec4 v00000000008ed6a0_0;
    %cmpi/e 5, 0, 3;
    %jmp/0xz  T_2.64, 4;
    %load/vec4 v00000000008ed740_0;
    %cmpi/e 0, 0, 7;
    %jmp/0xz  T_2.66, 4;
    %pushi/vec4 25, 0, 6;
    %store/vec4 v00000000008ee1e0_0, 0, 6;
T_2.66 ;
    %load/vec4 v00000000008ed740_0;
    %cmpi/e 32, 0, 7;
    %jmp/0xz  T_2.68, 4;
    %pushi/vec4 26, 0, 6;
    %store/vec4 v00000000008ee1e0_0, 0, 6;
T_2.68 ;
T_2.64 ;
T_2.48 ;
    %pushi/vec4 0, 0, 20;
    %load/vec4 v00000000008ee3c0_0;
    %parti/s 12, 20, 6;
    %concat/vec4; draw_concat_vec4
    %store/vec4 v00000000008edce0_0, 0, 32;
T_2.32 ;
    %load/vec4 v00000000008ed880_0;
    %cmpi/e 35, 0, 7;
    %jmp/0xz  T_2.70, 4;
    %load/vec4 v00000000008ed6a0_0;
    %cmpi/e 0, 0, 3;
    %jmp/0xz  T_2.72, 4;
    %pushi/vec4 27, 0, 6;
    %store/vec4 v00000000008ee1e0_0, 0, 6;
T_2.72 ;
    %load/vec4 v00000000008ed6a0_0;
    %cmpi/e 1, 0, 3;
    %jmp/0xz  T_2.74, 4;
    %pushi/vec4 28, 0, 6;
    %store/vec4 v00000000008ee1e0_0, 0, 6;
T_2.74 ;
    %load/vec4 v00000000008ed6a0_0;
    %cmpi/e 2, 0, 3;
    %jmp/0xz  T_2.76, 4;
    %pushi/vec4 29, 0, 6;
    %store/vec4 v00000000008ee1e0_0, 0, 6;
T_2.76 ;
    %pushi/vec4 0, 0, 20;
    %load/vec4 v00000000008ee3c0_0;
    %parti/s 7, 25, 6;
    %concat/vec4; draw_concat_vec4
    %load/vec4 v00000000008ee3c0_0;
    %parti/s 5, 7, 4;
    %concat/vec4; draw_concat_vec4
    %store/vec4 v00000000008edce0_0, 0, 32;
T_2.70 ;
    %load/vec4 v00000000008ed880_0;
    %cmpi/e 111, 0, 7;
    %jmp/0xz  T_2.78, 4;
    %pushi/vec4 30, 0, 6;
    %store/vec4 v00000000008ee1e0_0, 0, 6;
    %pushi/vec4 0, 0, 11;
    %load/vec4 v00000000008ee3c0_0;
    %parti/s 1, 31, 6;
    %concat/vec4; draw_concat_vec4
    %load/vec4 v00000000008ee3c0_0;
    %parti/s 8, 12, 5;
    %concat/vec4; draw_concat_vec4
    %load/vec4 v00000000008ee3c0_0;
    %parti/s 1, 20, 6;
    %concat/vec4; draw_concat_vec4
    %load/vec4 v00000000008ee3c0_0;
    %parti/s 10, 21, 6;
    %concat/vec4; draw_concat_vec4
    %concati/vec4 0, 0, 1;
    %store/vec4 v00000000008edce0_0, 0, 32;
T_2.78 ;
    %load/vec4 v00000000008ed880_0;
    %cmpi/e 99, 0, 7;
    %jmp/0xz  T_2.80, 4;
    %load/vec4 v00000000008ed6a0_0;
    %cmpi/e 0, 0, 3;
    %jmp/0xz  T_2.82, 4;
    %pushi/vec4 31, 0, 6;
    %store/vec4 v00000000008ee1e0_0, 0, 6;
T_2.82 ;
    %load/vec4 v00000000008ed6a0_0;
    %cmpi/e 1, 0, 3;
    %jmp/0xz  T_2.84, 4;
    %pushi/vec4 32, 0, 6;
    %store/vec4 v00000000008ee1e0_0, 0, 6;
T_2.84 ;
    %load/vec4 v00000000008ed6a0_0;
    %cmpi/e 4, 0, 3;
    %jmp/0xz  T_2.86, 4;
    %pushi/vec4 33, 0, 6;
    %store/vec4 v00000000008ee1e0_0, 0, 6;
T_2.86 ;
    %load/vec4 v00000000008ed6a0_0;
    %cmpi/e 5, 0, 3;
    %jmp/0xz  T_2.88, 4;
    %pushi/vec4 34, 0, 6;
    %store/vec4 v00000000008ee1e0_0, 0, 6;
T_2.88 ;
    %load/vec4 v00000000008ed6a0_0;
    %cmpi/e 6, 0, 3;
    %jmp/0xz  T_2.90, 4;
    %pushi/vec4 35, 0, 6;
    %store/vec4 v00000000008ee1e0_0, 0, 6;
T_2.90 ;
    %load/vec4 v00000000008ed6a0_0;
    %cmpi/e 7, 0, 3;
    %jmp/0xz  T_2.92, 4;
    %pushi/vec4 36, 0, 6;
    %store/vec4 v00000000008ee1e0_0, 0, 6;
T_2.92 ;
    %pushi/vec4 0, 0, 19;
    %load/vec4 v00000000008ee3c0_0;
    %parti/s 1, 31, 6;
    %concat/vec4; draw_concat_vec4
    %load/vec4 v00000000008ee3c0_0;
    %parti/s 1, 7, 4;
    %concat/vec4; draw_concat_vec4
    %load/vec4 v00000000008ee3c0_0;
    %parti/s 6, 25, 6;
    %concat/vec4; draw_concat_vec4
    %load/vec4 v00000000008ee3c0_0;
    %parti/s 4, 8, 5;
    %concat/vec4; draw_concat_vec4
    %concati/vec4 0, 0, 1;
    %store/vec4 v00000000008edce0_0, 0, 32;
T_2.80 ;
    %load/vec4 v00000000008ee1e0_0;
    %cmpi/e 12, 0, 6;
    %flag_mov 8, 4;
    %load/vec4 v00000000008ee1e0_0;
    %cmpi/e 13, 0, 6;
    %flag_or 4, 8;
    %flag_mov 8, 4;
    %load/vec4 v00000000008ee1e0_0;
    %cmpi/e 14, 0, 6;
    %flag_or 4, 8;
    %flag_mov 8, 4;
    %load/vec4 v00000000008ee1e0_0;
    %cmpi/e 15, 0, 6;
    %flag_or 4, 8;
    %flag_mov 8, 4;
    %load/vec4 v00000000008ee1e0_0;
    %cmpi/e 16, 0, 6;
    %flag_or 4, 8;
    %flag_mov 8, 4;
    %load/vec4 v00000000008ee1e0_0;
    %cmpi/e 17, 0, 6;
    %flag_or 4, 8;
    %jmp/0xz  T_2.94, 4;
    %load/vec4 v00000000008edce0_0;
    %ix/load 4, 11, 0;
    %flag_set/imm 4, 0;
    %shiftr 4;
    %cmpi/ne 0, 0, 32;
    %jmp/0xz  T_2.96, 4;
    %load/vec4 v00000000008edce0_0;
    %pushi/vec4 4294963200, 0, 32;
    %or;
    %store/vec4 v00000000008edce0_0, 0, 32;
T_2.96 ;
T_2.94 ;
    %load/vec4 v00000000008ee1e0_0;
    %cmpi/e 18, 0, 6;
    %flag_mov 8, 4;
    %load/vec4 v00000000008ee1e0_0;
    %cmpi/e 19, 0, 6;
    %flag_or 4, 8;
    %flag_mov 8, 4;
    %load/vec4 v00000000008ee1e0_0;
    %cmpi/e 20, 0, 6;
    %flag_or 4, 8;
    %flag_mov 8, 4;
    %load/vec4 v00000000008ee1e0_0;
    %cmpi/e 21, 0, 6;
    %flag_or 4, 8;
    %flag_mov 8, 4;
    %load/vec4 v00000000008ee1e0_0;
    %cmpi/e 22, 0, 6;
    %flag_or 4, 8;
    %flag_mov 8, 4;
    %load/vec4 v00000000008ee1e0_0;
    %cmpi/e 23, 0, 6;
    %flag_or 4, 8;
    %jmp/0xz  T_2.98, 4;
    %load/vec4 v00000000008edce0_0;
    %ix/load 4, 11, 0;
    %flag_set/imm 4, 0;
    %shiftr 4;
    %cmpi/ne 0, 0, 32;
    %jmp/0xz  T_2.100, 4;
    ; show_stmt_assign_vector: Get l-value for compressed |= operand
    %load/vec4 v00000000008edce0_0;
    %pushi/vec4 4294963200, 0, 32;
    %or;
    %store/vec4 v00000000008edce0_0, 0, 32;
T_2.100 ;
T_2.98 ;
    %load/vec4 v00000000008ee1e0_0;
    %cmpi/e 27, 0, 6;
    %flag_mov 8, 4;
    %load/vec4 v00000000008ee1e0_0;
    %cmpi/e 28, 0, 6;
    %flag_or 4, 8;
    %flag_mov 8, 4;
    %load/vec4 v00000000008ee1e0_0;
    %cmpi/e 29, 0, 6;
    %flag_or 4, 8;
    %jmp/0xz  T_2.102, 4;
    %load/vec4 v00000000008edce0_0;
    %ix/load 4, 11, 0;
    %flag_set/imm 4, 0;
    %shiftr 4;
    %cmpi/ne 0, 0, 32;
    %jmp/0xz  T_2.104, 4;
    ; show_stmt_assign_vector: Get l-value for compressed |= operand
    %load/vec4 v00000000008edce0_0;
    %pushi/vec4 4294963200, 0, 32;
    %or;
    %store/vec4 v00000000008edce0_0, 0, 32;
T_2.104 ;
T_2.102 ;
    %load/vec4 v00000000008ee1e0_0;
    %cmpi/e 30, 0, 6;
    %jmp/0xz  T_2.106, 4;
    %load/vec4 v00000000008edce0_0;
    %ix/load 4, 20, 0;
    %flag_set/imm 4, 0;
    %shiftr 4;
    %cmpi/ne 0, 0, 32;
    %jmp/0xz  T_2.108, 4;
    ; show_stmt_assign_vector: Get l-value for compressed |= operand
    %load/vec4 v00000000008edce0_0;
    %pushi/vec4 4293918720, 0, 32;
    %or;
    %store/vec4 v00000000008edce0_0, 0, 32;
T_2.108 ;
T_2.106 ;
    %load/vec4 v00000000008ee1e0_0;
    %cmpi/e 31, 0, 6;
    %flag_mov 8, 4;
    %load/vec4 v00000000008ee1e0_0;
    %cmpi/e 32, 0, 6;
    %flag_or 4, 8;
    %flag_mov 8, 4;
    %load/vec4 v00000000008ee1e0_0;
    %cmpi/e 33, 0, 6;
    %flag_or 4, 8;
    %flag_mov 8, 4;
    %load/vec4 v00000000008ee1e0_0;
    %cmpi/e 34, 0, 6;
    %flag_or 4, 8;
    %flag_mov 8, 4;
    %load/vec4 v00000000008ee1e0_0;
    %cmpi/e 35, 0, 6;
    %flag_or 4, 8;
    %flag_mov 8, 4;
    %load/vec4 v00000000008ee1e0_0;
    %cmpi/e 36, 0, 6;
    %flag_or 4, 8;
    %jmp/0xz  T_2.110, 4;
    %load/vec4 v00000000008edce0_0;
    %ix/load 4, 12, 0;
    %flag_set/imm 4, 0;
    %shiftr 4;
    %cmpi/ne 0, 0, 32;
    %jmp/0xz  T_2.112, 4;
    ; show_stmt_assign_vector: Get l-value for compressed |= operand
    %load/vec4 v00000000008edce0_0;
    %pushi/vec4 4294959104, 0, 32;
    %or;
    %store/vec4 v00000000008edce0_0, 0, 32;
T_2.112 ;
T_2.110 ;
    %jmp T_2;
    .thread T_2, $push;
    .scope S_0000000000892850;
T_3 ;
    %wait E_00000000008f8200;
    %load/vec4 v00000000015a3e60_0;
    %cmpi/e 13, 0, 6;
    %flag_mov 8, 4;
    %load/vec4 v00000000015a3e60_0;
    %cmpi/e 14, 0, 6;
    %flag_or 4, 8;
    %flag_mov 8, 4;
    %load/vec4 v00000000015a3e60_0;
    %cmpi/e 15, 0, 6;
    %flag_or 4, 8;
    %flag_mov 8, 4;
    %load/vec4 v00000000015a3e60_0;
    %cmpi/e 16, 0, 6;
    %flag_or 4, 8;
    %flag_mov 8, 4;
    %load/vec4 v00000000015a3e60_0;
    %cmpi/e 17, 0, 6;
    %flag_or 4, 8;
    %jmp/0xz  T_3.0, 4;
    %pushi/vec4 1, 0, 1;
    %store/vec4 v00000000008ede20_0, 0, 1;
    %jmp T_3.1;
T_3.0 ;
    %pushi/vec4 0, 0, 1;
    %store/vec4 v00000000008ede20_0, 0, 1;
T_3.1 ;
    %jmp T_3;
    .thread T_3, $push;
    .scope S_0000000000907c80;
T_4 ;
    %wait E_00000000008f8140;
    %load/vec4 v00000000015a3aa0_0;
    %cmpi/e 27, 0, 6;
    %flag_mov 8, 4;
    %load/vec4 v00000000015a3aa0_0;
    %cmpi/e 28, 0, 6;
    %flag_or 4, 8;
    %flag_mov 8, 4;
    %load/vec4 v00000000015a3aa0_0;
    %cmpi/e 29, 0, 6;
    %flag_or 4, 8;
    %jmp/0xz  T_4.0, 4;
    %pushi/vec4 1, 0, 1;
    %store/vec4 v00000000015a3a00_0, 0, 1;
    %jmp T_4.1;
T_4.0 ;
    %pushi/vec4 0, 0, 1;
    %store/vec4 v00000000015a3a00_0, 0, 1;
T_4.1 ;
    %jmp T_4;
    .thread T_4, $push;
    .scope S_00000000008a60e0;
T_5 ;
    %wait E_00000000008f7880;
    %load/vec4 v00000000009287f0_0;
    %store/vec4 v0000000000928ed0_0, 0, 5;
    %load/vec4 v0000000000928430_0;
    %store/vec4 v0000000000929d30_0, 0, 5;
    %load/vec4 v00000000009298d0_0;
    %store/vec4 v0000000000929650_0, 0, 5;
    %jmp T_5;
    .thread T_5, $push;
    .scope S_00000000008a60e0;
T_6 ;
    %wait E_00000000008f7d00;
    %pushi/vec4 0, 0, 1;
    %store/vec4 v00000000009291f0_0, 0, 1;
    %pushi/vec4 0, 0, 1;
    %store/vec4 v00000000009282f0_0, 0, 1;
    %load/vec4 v00000000015a36e0_0;
    %nor/r;
    %load/vec4 v00000000015a2ce0_0;
    %pushi/vec4 32, 0, 32;
    %cmp/ne;
    %flag_get/vec4 4;
    %and;
    %flag_set/vec4 8;
    %jmp/0xz  T_6.0, 8;
    %load/vec4 v0000000000928610_0;
    %store/vec4 v00000000009281b0_0, 0, 32;
    %load/vec4 v000000000092a6c0_0;
    %store/vec4 v0000000000929a10_0, 0, 32;
    %load/vec4 v0000000000929510_0;
    %nor/r;
    %flag_set/vec4 8;
    %jmp/0xz  T_6.2, 8;
    %pushi/vec4 1, 0, 1;
    %store/vec4 v00000000009282f0_0, 0, 1;
    %load/vec4 v0000000000928610_0;
    %store/vec4 v0000000000928390_0, 0, 32;
    %pushi/vec4 4, 0, 4;
    %store/vec4 v0000000000929e70_0, 0, 4;
T_6.2 ;
T_6.0 ;
    %load/vec4 v0000000000929b50_0;
    %flag_set/vec4 8;
    %jmp/0xz  T_6.4, 8;
    %load/vec4 v0000000000928d90_0;
    %store/vec4 v0000000000929a10_0, 0, 32;
    %load/vec4 v0000000000928610_0;
    %store/vec4 v0000000000928c50_0, 0, 32;
    %load/vec4 v0000000000928d90_0;
    %store/vec4 v000000000092abc0_0, 0, 32;
T_6.4 ;
    %load/vec4 v0000000000929b50_0;
    %flag_set/vec4 8;
    %load/vec4 v0000000000929510_0;
    %flag_set/vec4 9;
    %flag_or 9, 8;
    %jmp/0xz  T_6.6, 9;
    %load/vec4 v00000000015a2c40_0;
    %addi 1, 0, 32;
    %pushi/vec4 32, 0, 32;
    %mod;
    %store/vec4 v0000000000929970_0, 0, 32;
    %pushi/vec4 1, 0, 1;
    %store/vec4 v00000000009291f0_0, 0, 1;
    %load/vec4 v00000000009295b0_0;
    %flag_set/vec4 8;
    %jmp/0xz  T_6.8, 8;
    %load/vec4 v0000000000928930_0;
    %cmpi/e 30, 0, 6;
    %jmp/0xz  T_6.10, 4;
    %jmp T_6.11;
T_6.10 ;
    %load/vec4 v0000000000928930_0;
    %cmpi/e 12, 0, 6;
    %jmp/0xz  T_6.12, 4;
    %jmp T_6.13;
T_6.12 ;
    %ix/getv/s 4, v0000000000929970_0;
    %load/vec4a v00000000015a2420, 4;
    %parti/s 12, 0, 2;
    %pad/u 32;
    %store/vec4 v0000000000929470_0, 0, 32;
T_6.13 ;
T_6.11 ;
T_6.8 ;
T_6.6 ;
    %jmp T_6;
    .thread T_6, $push;
    .scope S_00000000008a60e0;
T_7 ;
    %wait E_00000000008f7b40;
    %pushi/vec4 0, 0, 1;
    %store/vec4 v0000000000929f10_0, 0, 1;
    %pushi/vec4 0, 0, 1;
    %store/vec4 v00000000009293d0_0, 0, 1;
    %pushi/vec4 0, 0, 1;
    %store/vec4 v0000000000929010_0, 0, 1;
    %pushi/vec4 0, 0, 1;
    %store/vec4 v0000000000929790_0, 0, 1;
    %pushi/vec4 0, 0, 1;
    %store/vec4 v0000000000928110_0, 0, 1;
    %pushi/vec4 0, 0, 1;
    %store/vec4 v0000000000929fb0_0, 0, 1;
    %pushi/vec4 0, 0, 1;
    %store/vec4 v0000000000928750_0, 0, 1;
    %load/vec4 v00000000015a2ce0_0;
    %cmpi/e 0, 0, 32;
    %jmp/0xz  T_7.0, 4;
    %jmp T_7.1;
T_7.0 ;
    %load/vec4 v00000000015a2100_0;
    %cmpi/e 32, 0, 32;
    %jmp/0xz  T_7.2, 4;
    %jmp T_7.3;
T_7.2 ;
    %load/vec4 v0000000000929830_0;
    %flag_set/vec4 8;
    %load/vec4 v0000000000929330_0;
    %flag_set/vec4 9;
    %flag_or 9, 8;
    %jmp/0xz  T_7.4, 9;
    %load/vec4 v0000000000928b10_0;
    %cmpi/e 32, 0, 32;
    %jmp/0xz  T_7.6, 4;
    %jmp T_7.7;
T_7.6 ;
    %pushi/vec4 1, 0, 1;
    %store/vec4 v0000000000929010_0, 0, 1;
    %pushi/vec4 1, 0, 1;
    %store/vec4 v0000000000928110_0, 0, 1;
    %load/vec4 v00000000015a3d20_0;
    %addi 1, 0, 32;
    %pushi/vec4 32, 0, 32;
    %mod;
    %store/vec4 v00000000009286b0_0, 0, 32;
    %load/vec4 v00000000009286b0_0;
    %store/vec4 v00000000015a2d80_0, 0, 32;
    %pushi/vec4 1, 0, 1;
    %store/vec4 v0000000000929790_0, 0, 1;
    %load/vec4 v00000000015a2060_0;
    %addi 1, 0, 32;
    %pushi/vec4 32, 0, 32;
    %mod;
    %store/vec4 v00000000009290b0_0, 0, 32;
    %load/vec4 v00000000009290b0_0;
    %store/vec4 v00000000015a27e0_0, 0, 32;
    %pushi/vec4 1, 0, 1;
    %store/vec4 v0000000000929fb0_0, 0, 1;
    %pushi/vec4 1, 0, 1;
    %store/vec4 v0000000000929f10_0, 0, 1;
    %ix/getv 4, v00000000015a3500_0;
    %load/vec4a v00000000015a33c0, 4;
    %store/vec4 v00000000015a3820_0, 0, 32;
    %ix/getv 4, v00000000015a3500_0;
    %load/vec4a v00000000015a2420, 4;
    %store/vec4 v00000000015a2ba0_0, 0, 32;
    %ix/getv 4, v00000000015a3500_0;
    %load/vec4a v00000000015a2600, 4;
    %store/vec4 v00000000015a3780_0, 0, 6;
    %load/vec4 v0000000000928ed0_0;
    %store/vec4 v00000000015a31e0_0, 0, 5;
    %pushi/vec4 0, 0, 1;
    %store/vec4 v00000000015a35a0_0, 0, 1;
    %load/vec4 v000000000092b980_0;
    %flag_set/vec4 8;
    %jmp/0xz  T_7.8, 8;
    %load/vec4 v000000000092bde0_0;
    %store/vec4 v0000000000929290_0, 0, 32;
    %load/vec4 v00000000015a38c0_0;
    %flag_set/vec4 8;
    %jmp/0xz  T_7.10, 8;
    %load/vec4 v00000000015a3000_0;
    %store/vec4 v0000000000929dd0_0, 0, 32;
    %pushi/vec4 4294967295, 0, 32;
    %store/vec4 v00000000015a2f60_0, 0, 32;
    %jmp T_7.11;
T_7.10 ;
    %load/vec4 v0000000000929290_0;
    %store/vec4 v00000000015a2f60_0, 0, 32;
T_7.11 ;
    %jmp T_7.9;
T_7.8 ;
    %load/vec4 v000000000092a620_0;
    %store/vec4 v0000000000929dd0_0, 0, 32;
    %pushi/vec4 4294967295, 0, 32;
    %store/vec4 v00000000015a2f60_0, 0, 32;
T_7.9 ;
    %load/vec4 v0000000000929330_0;
    %flag_set/vec4 8;
    %jmp/0xz  T_7.12, 8;
    %load/vec4 v000000000092aee0_0;
    %flag_set/vec4 8;
    %jmp/0xz  T_7.14, 8;
    %load/vec4 v000000000092a940_0;
    %store/vec4 v0000000000928e30_0, 0, 32;
    %load/vec4 v00000000015a22e0_0;
    %flag_set/vec4 8;
    %jmp/0xz  T_7.16, 8;
    %load/vec4 v00000000015a3960_0;
    %store/vec4 v0000000000928bb0_0, 0, 32;
    %pushi/vec4 4294967295, 0, 32;
    %store/vec4 v00000000015a30a0_0, 0, 32;
    %jmp T_7.17;
T_7.16 ;
    %load/vec4 v0000000000928e30_0;
    %store/vec4 v00000000015a30a0_0, 0, 32;
T_7.17 ;
    %jmp T_7.15;
T_7.14 ;
    %load/vec4 v000000000092b160_0;
    %store/vec4 v0000000000928bb0_0, 0, 32;
T_7.15 ;
    %pushi/vec4 4294967295, 0, 32;
    %store/vec4 v00000000015a30a0_0, 0, 32;
    %jmp T_7.13;
T_7.12 ;
    %pushi/vec4 4294967295, 0, 32;
    %store/vec4 v00000000015a30a0_0, 0, 32;
T_7.13 ;
    %ix/getv 4, v00000000015a3500_0;
    %load/vec4a v00000000015a2420, 4;
    %store/vec4 v00000000015a3dc0_0, 0, 32;
    %ix/getv 4, v00000000015a3500_0;
    %load/vec4a v00000000015a2600, 4;
    %pad/u 32;
    %store/vec4 v00000000015a24c0_0, 0, 32;
    %ix/getv 4, v00000000015a3500_0;
    %load/vec4a v00000000015a33c0, 4;
    %store/vec4 v00000000015a2ec0_0, 0, 32;
    %load/vec4 v00000000009296f0_0;
    %store/vec4 v00000000015a2e20_0, 0, 32;
    %load/vec4 v00000000009290b0_0;
    %store/vec4 v00000000015a3460_0, 0, 32;
    %load/vec4 v0000000000929330_0;
    %flag_set/vec4 8;
    %jmp/0xz  T_7.18, 8;
    %pushi/vec4 0, 0, 1;
    %store/vec4 v00000000015a3320_0, 0, 1;
T_7.18 ;
    %load/vec4 v0000000000929330_0;
    %nor/r;
    %flag_set/vec4 8;
    %jmp/0xz  T_7.20, 8;
    %pushi/vec4 1, 0, 1;
    %store/vec4 v0000000000928750_0, 0, 1;
    %load/vec4 v00000000009290b0_0;
    %store/vec4 v000000000092a580_0, 0, 32;
    %pushi/vec4 1, 0, 1;
    %store/vec4 v0000000000928f70_0, 0, 1;
T_7.20 ;
T_7.7 ;
    %jmp T_7.5;
T_7.4 ;
    %load/vec4 v00000000015a2b00_0;
    %store/vec4 v00000000009289d0_0, 0, 32;
    %load/vec4 v00000000009289d0_0;
    %cmpi/e 4294967295, 0, 32;
    %jmp/0xz  T_7.22, 4;
    %jmp T_7.23;
T_7.22 ;
    %pushi/vec4 1, 0, 1;
    %store/vec4 v00000000009293d0_0, 0, 1;
    %pushi/vec4 1, 0, 1;
    %store/vec4 v0000000000928110_0, 0, 1;
    %load/vec4 v00000000015a2060_0;
    %addi 1, 0, 32;
    %pushi/vec4 32, 0, 32;
    %mod;
    %store/vec4 v00000000009290b0_0, 0, 32;
    %load/vec4 v00000000009290b0_0;
    %store/vec4 v00000000015a27e0_0, 0, 32;
    %pushi/vec4 1, 0, 1;
    %store/vec4 v0000000000929fb0_0, 0, 1;
    %pushi/vec4 1, 0, 1;
    %store/vec4 v0000000000929f10_0, 0, 1;
    ; show_stmt_assign_vector: Get l-value for compressed -= operand
    %load/vec4 v00000000015a2ce0_0;
    %pushi/vec4 1, 0, 32;
    %sub;
    %store/vec4 v00000000015a2ce0_0, 0, 32;
    %ix/getv 4, v00000000015a3500_0;
    %load/vec4a v00000000015a2420, 4;
    %store/vec4 v00000000015a2ba0_0, 0, 32;
    %ix/getv 4, v00000000015a3500_0;
    %load/vec4a v00000000015a2600, 4;
    %store/vec4 v00000000015a3780_0, 0, 6;
    %ix/getv 4, v00000000015a3500_0;
    %load/vec4a v00000000015a33c0, 4;
    %store/vec4 v00000000015a3820_0, 0, 32;
    %ix/getv 4, v00000000015a3500_0;
    %load/vec4a v00000000015a3f00, 4;
    %store/vec4 v00000000015a26a0_0, 0, 32;
    %ix/getv 4, v00000000015a3500_0;
    %load/vec4a v00000000015a3b40, 4;
    %store/vec4 v00000000015a2560_0, 0, 1;
    %load/vec4 v0000000000928ed0_0;
    %store/vec4 v00000000015a31e0_0, 0, 5;
    %pushi/vec4 0, 0, 1;
    %store/vec4 v00000000015a35a0_0, 0, 1;
    %ix/getv 4, v00000000015a3500_0;
    %load/vec4a v00000000015a2420, 4;
    %parti/s 7, 0, 2;
    %pushi/vec4 55, 0, 7;
    %cmp/ne;
    %flag_get/vec4 4;
    %ix/getv 4, v00000000015a3500_0;
    %load/vec4a v00000000015a2420, 4;
    %parti/s 7, 0, 2;
    %pushi/vec4 23, 0, 7;
    %cmp/ne;
    %flag_get/vec4 4;
    %and;
    %ix/getv 4, v00000000015a3500_0;
    %load/vec4a v00000000015a2420, 4;
    %parti/s 7, 0, 2;
    %pushi/vec4 111, 0, 7;
    %cmp/ne;
    %flag_get/vec4 4;
    %and;
    %flag_set/vec4 8;
    %jmp/0xz  T_7.24, 8;
    %load/vec4 v000000000092b980_0;
    %flag_set/vec4 8;
    %jmp/0xz  T_7.26, 8;
    %load/vec4 v000000000092bde0_0;
    %store/vec4 v0000000000929290_0, 0, 32;
    %load/vec4 v00000000015a38c0_0;
    %flag_set/vec4 8;
    %jmp/0xz  T_7.28, 8;
    %load/vec4 v00000000015a3000_0;
    %store/vec4 v00000000015a2a60_0, 0, 32;
    %pushi/vec4 4294967295, 0, 32;
    %store/vec4 v00000000015a2240_0, 0, 32;
    %jmp T_7.29;
T_7.28 ;
    %load/vec4 v0000000000929290_0;
    %store/vec4 v00000000015a2240_0, 0, 32;
T_7.29 ;
    %jmp T_7.27;
T_7.26 ;
    %load/vec4 v000000000092a620_0;
    %store/vec4 v00000000015a2a60_0, 0, 32;
    %pushi/vec4 4294967295, 0, 32;
    %store/vec4 v00000000015a2240_0, 0, 32;
T_7.27 ;
    %jmp T_7.25;
T_7.24 ;
    %pushi/vec4 4294967295, 0, 32;
    %store/vec4 v00000000015a2240_0, 0, 32;
T_7.25 ;
    %ix/getv 4, v00000000015a3500_0;
    %load/vec4a v00000000015a2420, 4;
    %parti/s 7, 0, 2;
    %cmpi/e 51, 0, 7;
    %flag_mov 8, 4;
    %ix/getv 4, v00000000015a3500_0;
    %load/vec4a v00000000015a2420, 4;
    %parti/s 7, 0, 2;
    %cmpi/e 99, 0, 7;
    %flag_or 4, 8;
    %jmp/0xz  T_7.30, 4;
    %load/vec4 v000000000092aee0_0;
    %flag_set/vec4 8;
    %jmp/0xz  T_7.32, 8;
    %load/vec4 v000000000092a940_0;
    %store/vec4 v0000000000928e30_0, 0, 32;
    %load/vec4 v00000000015a22e0_0;
    %flag_set/vec4 8;
    %jmp/0xz  T_7.34, 8;
    %load/vec4 v00000000015a3960_0;
    %store/vec4 v00000000015a2380_0, 0, 32;
    %pushi/vec4 4294967295, 0, 32;
    %store/vec4 v00000000015a3280_0, 0, 32;
    %jmp T_7.35;
T_7.34 ;
    %load/vec4 v0000000000928e30_0;
    %store/vec4 v00000000015a3280_0, 0, 32;
T_7.35 ;
    %jmp T_7.33;
T_7.32 ;
    %load/vec4 v000000000092b160_0;
    %store/vec4 v00000000015a2380_0, 0, 32;
T_7.33 ;
    %pushi/vec4 4294967295, 0, 32;
    %store/vec4 v00000000015a3280_0, 0, 32;
    %jmp T_7.31;
T_7.30 ;
    %pushi/vec4 4294967295, 0, 32;
    %store/vec4 v00000000015a3280_0, 0, 32;
T_7.31 ;
    %ix/getv 4, v00000000015a3500_0;
    %load/vec4a v00000000015a2420, 4;
    %store/vec4 v00000000015a21a0_0, 0, 32;
    %ix/getv 4, v00000000015a3500_0;
    %load/vec4a v00000000015a2600, 4;
    %store/vec4 v00000000015a2920_0, 0, 6;
    %ix/getv 4, v00000000015a3500_0;
    %load/vec4a v00000000015a33c0, 4;
    %store/vec4 v00000000015a3640_0, 0, 32;
    %ix/getv 4, v00000000015a3500_0;
    %load/vec4a v00000000015a3f00, 4;
    %store/vec4 v00000000015a2880_0, 0, 32;
    %load/vec4 v00000000009296f0_0;
    %store/vec4 v00000000015a29c0_0, 0, 32;
    %load/vec4 v00000000009290b0_0;
    %store/vec4 v00000000015a3140_0, 0, 32;
    %pushi/vec4 1, 0, 1;
    %store/vec4 v00000000015a3c80_0, 0, 1;
    %ix/getv 4, v00000000015a3500_0;
    %load/vec4a v00000000015a2420, 4;
    %parti/s 7, 0, 2;
    %cmpi/ne 99, 0, 7;
    %jmp/0xz  T_7.36, 4;
    %pushi/vec4 1, 0, 1;
    %store/vec4 v0000000000928750_0, 0, 1;
    %load/vec4 v00000000009290b0_0;
    %store/vec4 v000000000092a580_0, 0, 32;
    %pushi/vec4 1, 0, 1;
    %store/vec4 v0000000000928f70_0, 0, 1;
T_7.36 ;
T_7.23 ;
T_7.5 ;
T_7.3 ;
T_7.1 ;
    %jmp T_7;
    .thread T_7, $push;
    .scope S_00000000008a60e0;
T_8 ;
    %wait E_00000000008f7c40;
    %load/vec4 v000000000092a8a0_0;
    %flag_set/vec4 8;
    %jmp/0xz  T_8.0, 8;
    %pushi/vec4 0, 0, 32;
    %assign/vec4 v0000000000928610_0, 0;
    %pushi/vec4 0, 0, 32;
    %store/vec4 v0000000000928250_0, 0, 32;
T_8.2 ;
    %load/vec4 v0000000000928250_0;
    %cmpi/s 32, 0, 32;
    %jmp/0xz T_8.3, 5;
    %pushi/vec4 0, 0, 32;
    %ix/getv/s 3, v0000000000928250_0;
    %ix/load 4, 0, 0; Constant delay
    %assign/vec4/a/d v00000000015a2420, 0, 4;
    %pushi/vec4 0, 0, 32;
    %ix/getv/s 3, v0000000000928250_0;
    %ix/load 4, 0, 0; Constant delay
    %assign/vec4/a/d v00000000015a33c0, 0, 4;
    %pushi/vec4 0, 0, 32;
    %ix/getv/s 3, v0000000000928250_0;
    %ix/load 4, 0, 0; Constant delay
    %assign/vec4/a/d v00000000015a3f00, 0, 4;
    %pushi/vec4 0, 0, 1;
    %ix/getv/s 3, v0000000000928250_0;
    %ix/load 4, 0, 0; Constant delay
    %assign/vec4/a/d v00000000015a3b40, 0, 4;
    %pushi/vec4 0, 0, 6;
    %ix/getv/s 3, v0000000000928250_0;
    %ix/load 4, 0, 0; Constant delay
    %assign/vec4/a/d v00000000015a2600, 0, 4;
    %load/vec4 v0000000000928250_0;
    %addi 1, 0, 32;
    %store/vec4 v0000000000928250_0, 0, 32;
    %jmp T_8.2;
T_8.3 ;
    %pushi/vec4 1, 0, 32;
    %assign/vec4 v00000000015a3500_0, 0;
    %pushi/vec4 0, 0, 32;
    %assign/vec4 v00000000015a2c40_0, 0;
    %pushi/vec4 0, 0, 32;
    %assign/vec4 v00000000015a2ce0_0, 0;
    %pushi/vec4 0, 0, 1;
    %assign/vec4 v00000000015a36e0_0, 0;
    %jmp T_8.1;
T_8.0 ;
    %load/vec4 v0000000000928a70_0;
    %inv;
    %flag_set/vec4 8;
    %jmp/0xz  T_8.4, 8;
    %jmp T_8.5;
T_8.4 ;
    %load/vec4 v00000000015a2740_0;
    %flag_set/vec4 8;
    %jmp/0xz  T_8.6, 8;
    %pushi/vec4 1, 0, 32;
    %assign/vec4 v00000000015a3500_0, 0;
    %pushi/vec4 0, 0, 32;
    %assign/vec4 v00000000015a2c40_0, 0;
    %pushi/vec4 0, 0, 32;
    %assign/vec4 v00000000015a2ce0_0, 0;
    %pushi/vec4 0, 0, 1;
    %assign/vec4 v00000000015a36e0_0, 0;
    %jmp T_8.7;
T_8.6 ;
    %load/vec4 v00000000015a2ce0_0;
    %load/vec4 v00000000009291f0_0;
    %pad/u 32;
    %add;
    %load/vec4 v0000000000929f10_0;
    %pad/u 32;
    %sub;
    %assign/vec4 v00000000015a2ce0_0, 0;
    %load/vec4 v00000000015a36e0_0;
    %nor/r;
    %load/vec4 v00000000015a2ce0_0;
    %pushi/vec4 32, 0, 32;
    %cmp/ne;
    %flag_get/vec4 4;
    %and;
    %flag_set/vec4 8;
    %jmp/0xz  T_8.8, 8;
    %load/vec4 v0000000000929510_0;
    %nor/r;
    %flag_set/vec4 8;
    %jmp/0xz  T_8.10, 8;
    %pushi/vec4 1, 0, 1;
    %assign/vec4 v00000000015a36e0_0, 0;
T_8.10 ;
T_8.8 ;
    %load/vec4 v0000000000929b50_0;
    %flag_set/vec4 8;
    %jmp/0xz  T_8.12, 8;
    %pushi/vec4 0, 0, 1;
    %assign/vec4 v00000000015a36e0_0, 0;
T_8.12 ;
    %load/vec4 v0000000000929b50_0;
    %flag_set/vec4 8;
    %load/vec4 v0000000000929510_0;
    %flag_set/vec4 9;
    %flag_or 9, 8;
    %jmp/0xz  T_8.14, 9;
    %load/vec4 v0000000000929970_0;
    %assign/vec4 v00000000015a2c40_0, 0;
    %load/vec4 v0000000000929a10_0;
    %ix/getv/s 3, v0000000000929970_0;
    %ix/load 4, 0, 0; Constant delay
    %assign/vec4/a/d v00000000015a2420, 0, 4;
    %load/vec4 v0000000000928570_0;
    %ix/getv/s 3, v0000000000929970_0;
    %ix/load 4, 0, 0; Constant delay
    %assign/vec4/a/d v00000000015a2600, 0, 4;
    %load/vec4 v0000000000928610_0;
    %ix/getv/s 3, v0000000000929970_0;
    %ix/load 4, 0, 0; Constant delay
    %assign/vec4/a/d v00000000015a33c0, 0, 4;
    %load/vec4 v00000000009295b0_0;
    %flag_set/vec4 8;
    %jmp/0xz  T_8.16, 8;
    %load/vec4 v0000000000928570_0;
    %cmpi/e 30, 0, 6;
    %jmp/0xz  T_8.18, 4;
    %load/vec4 v00000000015a3be0_0;
    %nor/r;
    %flag_set/vec4 8;
    %jmp/0xz  T_8.20, 8;
    %load/vec4 v0000000000928610_0;
    %load/vec4 v0000000000929150_0;
    %add;
    %assign/vec4 v0000000000928610_0, 0;
T_8.20 ;
    %jmp T_8.19;
T_8.18 ;
    %load/vec4 v0000000000928570_0;
    %cmpi/e 12, 0, 6;
    %jmp/0xz  T_8.22, 4;
    %load/vec4 v00000000015a3be0_0;
    %nor/r;
    %flag_set/vec4 8;
    %jmp/0xz  T_8.24, 8;
    %load/vec4 v0000000000928610_0;
    %addi 4, 0, 32;
    %assign/vec4 v0000000000928610_0, 0;
T_8.24 ;
    %jmp T_8.23;
T_8.22 ;
    %load/vec4 v0000000000928610_0;
    %load/vec4 v0000000000929150_0;
    %add;
    %ix/getv/s 3, v0000000000929970_0;
    %ix/load 4, 0, 0; Constant delay
    %assign/vec4/a/d v00000000015a3f00, 0, 4;
    %load/vec4 v0000000000929c90_0;
    %flag_set/vec4 8;
    %jmp/0xz  T_8.26, 8;
    %load/vec4 v00000000015a3be0_0;
    %nor/r;
    %flag_set/vec4 8;
    %jmp/0xz  T_8.28, 8;
    %load/vec4 v0000000000928610_0;
    %load/vec4 v0000000000929150_0;
    %add;
    %assign/vec4 v0000000000928610_0, 0;
T_8.28 ;
    %pushi/vec4 1, 0, 1;
    %ix/getv/s 3, v0000000000929970_0;
    %ix/load 4, 0, 0; Constant delay
    %assign/vec4/a/d v00000000015a3b40, 0, 4;
    %jmp T_8.27;
T_8.26 ;
    %load/vec4 v00000000015a3be0_0;
    %nor/r;
    %flag_set/vec4 8;
    %jmp/0xz  T_8.30, 8;
    %load/vec4 v0000000000928610_0;
    %addi 4, 0, 32;
    %assign/vec4 v0000000000928610_0, 0;
T_8.30 ;
    %pushi/vec4 0, 0, 1;
    %ix/getv/s 3, v0000000000929970_0;
    %ix/load 4, 0, 0; Constant delay
    %assign/vec4/a/d v00000000015a3b40, 0, 4;
T_8.27 ;
T_8.23 ;
T_8.19 ;
    %jmp T_8.17;
T_8.16 ;
    %load/vec4 v00000000015a3be0_0;
    %nor/r;
    %flag_set/vec4 8;
    %jmp/0xz  T_8.32, 8;
    %load/vec4 v0000000000928610_0;
    %addi 4, 0, 32;
    %assign/vec4 v0000000000928610_0, 0;
T_8.32 ;
T_8.17 ;
T_8.14 ;
    %load/vec4 v00000000015a2ce0_0;
    %cmpi/e 0, 0, 32;
    %jmp/0xz  T_8.34, 4;
    %jmp T_8.35;
T_8.34 ;
    %load/vec4 v00000000015a2100_0;
    %cmpi/e 32, 0, 32;
    %jmp/0xz  T_8.36, 4;
    %jmp T_8.37;
T_8.36 ;
    %load/vec4 v0000000000929830_0;
    %flag_set/vec4 8;
    %load/vec4 v0000000000929330_0;
    %flag_set/vec4 9;
    %flag_or 9, 8;
    %jmp/0xz  T_8.38, 9;
    %load/vec4 v0000000000928b10_0;
    %cmpi/e 32, 0, 32;
    %jmp/0xz  T_8.40, 4;
    %jmp T_8.41;
T_8.40 ;
    %load/vec4 v00000000015a3500_0;
    %addi 1, 0, 32;
    %pushi/vec4 32, 0, 32;
    %mod;
    %assign/vec4 v00000000015a3500_0, 0;
T_8.41 ;
    %jmp T_8.39;
T_8.38 ;
    %load/vec4 v00000000009289d0_0;
    %cmpi/e 4294967295, 0, 32;
    %jmp/0xz  T_8.42, 4;
    %jmp T_8.43;
T_8.42 ;
    %load/vec4 v00000000015a3500_0;
    %addi 1, 0, 32;
    %pushi/vec4 32, 0, 32;
    %mod;
    %assign/vec4 v00000000015a3500_0, 0;
T_8.43 ;
T_8.39 ;
T_8.37 ;
T_8.35 ;
    %load/vec4 v00000000015a3be0_0;
    %flag_set/vec4 8;
    %jmp/0xz  T_8.44, 8;
    %load/vec4 v0000000000929bf0_0;
    %assign/vec4 v0000000000928610_0, 0;
T_8.44 ;
T_8.7 ;
T_8.5 ;
T_8.1 ;
    %jmp T_8;
    .thread T_8;
# The file index is used to find the file name in the following table.
:file_names 7;
    "N/A";
    "<interactive>";
    "Ins_Queue.v";
    "/RISCV-CPU/CPU/src/func/Decode.v";
    "/RISCV-CPU/CPU/src/func/IsBranch.v";
    "/RISCV-CPU/CPU/src/func/IsLoad.v";
    "/RISCV-CPU/CPU/src/func/IsStore.v";
