#! /usr/local/iverilog/bin/vvp
:ivl_version "11.0 (devel)" "(s20150603-642-g3bdb50da)";
:ivl_delay_selection "TYPICAL";
:vpi_time_precision + 0;
:vpi_module "system";
:vpi_module "vhdl_sys";
:vpi_module "vhdl_textio";
:vpi_module "v2005_math";
:vpi_module "va_math";
S_00000000010e1770 .scope module, "ROB" "ROB" 2 4;
 .timescale 0 0;
    .port_info 0 /INPUT 1 "clk";
    .port_info 1 /INPUT 1 "rst";
    .port_info 2 /INPUT 1 "rdy";
    .port_info 3 /INPUT 1 "Clear_flag";
    .port_info 4 /OUTPUT 32 "b3";
    .port_info 5 /OUTPUT 1 "ROB_to_BHT_needchange";
    .port_info 6 /OUTPUT 1 "ROB_to_BHT_needchange2";
    .port_info 7 /OUTPUT 32 "bht_id2";
    .port_info 8 /OUTPUT 1 "ROB_to_RS_needchange";
    .port_info 9 /OUTPUT 32 "ROB_to_RS_value_b3";
    .port_info 10 /OUTPUT 1 "ROB_to_SLB_needchange";
    .port_info 11 /OUTPUT 1 "ROB_to_SLB_needchange2";
    .port_info 12 /OUTPUT 32 "ROB_to_SLB_value_b3";
    .port_info 13 /OUTPUT 5 "commit_rd";
    .port_info 14 /INPUT 1 "reg_busy_commit_rd";
    .port_info 15 /INPUT 32 "reg_reorder_commit_rd";
    .port_info 16 /OUTPUT 1 "ROB_to_Reg_needchange";
    .port_info 17 /OUTPUT 32 "reg_reg_commit_rd_";
    .port_info 18 /OUTPUT 1 "reg_busy_commit_rd_";
    .port_info 19 /OUTPUT 1 "ROB_to_insqueue_needchange";
    .port_info 20 /OUTPUT 32 "pc_";
    .port_info 21 /OUTPUT 1 "Clear_flag_";
    .port_info 22 /INPUT 32 "h1";
    .port_info 23 /INPUT 32 "h2";
    .port_info 24 /OUTPUT 32 "ROB_size__";
    .port_info 25 /OUTPUT 32 "ROB_R__";
    .port_info 26 /OUTPUT 1 "ROB_s_ready_h1";
    .port_info 27 /OUTPUT 32 "ROB_s_value_h1";
    .port_info 28 /OUTPUT 1 "ROB_s_ready_h2";
    .port_info 29 /OUTPUT 32 "ROB_s_value_h2";
    .port_info 30 /INPUT 1 "insqueue_to_ROB_needchange";
    .port_info 31 /INPUT 1 "insqueue_to_ROB_size_addflag";
    .port_info 32 /INPUT 32 "b1";
    .port_info 33 /INPUT 32 "ROB_R_";
    .port_info 34 /INPUT 32 "ROB_s_pc_b1_";
    .port_info 35 /INPUT 32 "ROB_s_inst_b1_";
    .port_info 36 /INPUT 6 "ROB_s_ordertype_b1_";
    .port_info 37 /INPUT 5 "ROB_s_dest_b1_";
    .port_info 38 /INPUT 32 "ROB_s_jumppc_b1_";
    .port_info 39 /INPUT 1 "ROB_s_isjump_b1_";
    .port_info 40 /INPUT 1 "ROB_s_ready_b1_";
    .port_info 41 /INPUT 32 "b2";
    .port_info 42 /INPUT 32 "ROB_s_value_b2_";
    .port_info 43 /INPUT 1 "ROB_s_ready_b2_";
    .port_info 44 /INPUT 32 "ROB_s_jumppc_b2_";
    .port_info 45 /INPUT 1 "SLB_to_ROB_needchange";
    .port_info 46 /INPUT 32 "b4";
    .port_info 47 /INPUT 32 "ROB_s_value_b4_";
    .port_info 48 /INPUT 1 "ROB_s_ready_b4_";
o0000000001121d68 .functor BUFZ 1, C4<z>; HiZ drive
v00000000010e5610_0 .net "Clear_flag", 0 0, o0000000001121d68;  0 drivers
v00000000010e56b0_0 .var "Clear_flag_", 0 0;
v00000000010e5750_0 .var "ROB_L", 31 0;
v00000000010e57f0_0 .var "ROB_R", 31 0;
o0000000001121e28 .functor BUFZ 32, C4<zzzzzzzzzzzzzzzzzzzzzzzzzzzzzzzz>; HiZ drive
v00000000010e5890_0 .net "ROB_R_", 31 0, o0000000001121e28;  0 drivers
v0000000001113be0_0 .var "ROB_R__", 31 0;
v000000000117b310 .array "ROB_s_dest", 0 31, 31 0;
o0000000001122488 .functor BUFZ 5, C4<zzzzz>; HiZ drive
v000000000117b090_0 .net "ROB_s_dest_b1_", 4 0, o0000000001122488;  0 drivers
v000000000117bef0 .array "ROB_s_inst", 0 31, 31 0;
o0000000001122ab8 .functor BUFZ 32, C4<zzzzzzzzzzzzzzzzzzzzzzzzzzzzzzzz>; HiZ drive
v000000000117b1d0_0 .net "ROB_s_inst_b1_", 31 0, o0000000001122ab8;  0 drivers
v000000000117be50 .array "ROB_s_isjump", 0 31, 0 0;
o00000000011230e8 .functor BUFZ 1, C4<z>; HiZ drive
v000000000117bb30_0 .net "ROB_s_isjump_b1_", 0 0, o00000000011230e8;  0 drivers
v000000000117b630 .array "ROB_s_jumppc", 0 31, 31 0;
o0000000001123718 .functor BUFZ 32, C4<zzzzzzzzzzzzzzzzzzzzzzzzzzzzzzzz>; HiZ drive
v000000000117bf90_0 .net "ROB_s_jumppc_b1_", 31 0, o0000000001123718;  0 drivers
o0000000001123748 .functor BUFZ 32, C4<zzzzzzzzzzzzzzzzzzzzzzzzzzzzzzzz>; HiZ drive
v000000000117bbd0_0 .net "ROB_s_jumppc_b2_", 31 0, o0000000001123748;  0 drivers
v000000000117b950 .array "ROB_s_ordertype", 0 31, 5 0;
o0000000001123d78 .functor BUFZ 6, C4<zzzzzz>; HiZ drive
v000000000117b130_0 .net "ROB_s_ordertype_b1_", 5 0, o0000000001123d78;  0 drivers
v000000000117b3b0 .array "ROB_s_pc", 0 31, 31 0;
o00000000011243a8 .functor BUFZ 32, C4<zzzzzzzzzzzzzzzzzzzzzzzzzzzzzzzz>; HiZ drive
v000000000117b270_0 .net "ROB_s_pc_b1_", 31 0, o00000000011243a8;  0 drivers
v000000000117b590 .array "ROB_s_ready", 0 31, 0 0;
o00000000011249d8 .functor BUFZ 1, C4<z>; HiZ drive
v000000000117b9f0_0 .net "ROB_s_ready_b1_", 0 0, o00000000011249d8;  0 drivers
o0000000001124a08 .functor BUFZ 1, C4<z>; HiZ drive
v000000000117b450_0 .net "ROB_s_ready_b2_", 0 0, o0000000001124a08;  0 drivers
o0000000001124a38 .functor BUFZ 1, C4<z>; HiZ drive
v000000000117ba90_0 .net "ROB_s_ready_b4_", 0 0, o0000000001124a38;  0 drivers
v000000000117b4f0_0 .var "ROB_s_ready_h1", 0 0;
v000000000117bc70_0 .var "ROB_s_ready_h2", 0 0;
v000000000117bd10 .array "ROB_s_value", 0 31, 31 0;
o00000000011250c8 .functor BUFZ 32, C4<zzzzzzzzzzzzzzzzzzzzzzzzzzzzzzzz>; HiZ drive
v000000000117b6d0_0 .net "ROB_s_value_b2_", 31 0, o00000000011250c8;  0 drivers
o00000000011250f8 .functor BUFZ 32, C4<zzzzzzzzzzzzzzzzzzzzzzzzzzzzzzzz>; HiZ drive
v000000000117b770_0 .net "ROB_s_value_b4_", 31 0, o00000000011250f8;  0 drivers
v000000000117b810_0 .var "ROB_s_value_h1", 31 0;
v000000000117bdb0_0 .var "ROB_s_value_h2", 31 0;
v000000000117b8b0_0 .var "ROB_size", 31 0;
v000000000117d340_0 .var "ROB_size__", 31 0;
v000000000117d3e0_0 .var "ROB_size_internal_subflag", 0 0;
v000000000117dd40_0 .var "ROB_to_BHT_needchange", 0 0;
v000000000117e2e0_0 .var "ROB_to_BHT_needchange2", 0 0;
v000000000117d8e0_0 .var "ROB_to_RS_needchange", 0 0;
v000000000117dca0_0 .var "ROB_to_RS_value_b3", 31 0;
v000000000117d980_0 .var "ROB_to_Reg_needchange", 0 0;
v000000000117c940_0 .var "ROB_to_SLB_needchange", 0 0;
v000000000117ca80_0 .var "ROB_to_SLB_needchange2", 0 0;
v000000000117c6c0_0 .var "ROB_to_SLB_value_b3", 31 0;
v000000000117df20_0 .var "ROB_to_insqueue_needchange", 0 0;
o00000000011253c8 .functor BUFZ 1, C4<z>; HiZ drive
v000000000117d7a0_0 .net "SLB_to_ROB_needchange", 0 0, o00000000011253c8;  0 drivers
o00000000011253f8 .functor BUFZ 32, C4<zzzzzzzzzzzzzzzzzzzzzzzzzzzzzzzz>; HiZ drive
v000000000117c800_0 .net "b1", 31 0, o00000000011253f8;  0 drivers
o0000000001125428 .functor BUFZ 32, C4<zzzzzzzzzzzzzzzzzzzzzzzzzzzzzzzz>; HiZ drive
v000000000117e100_0 .net "b2", 31 0, o0000000001125428;  0 drivers
v000000000117d660_0 .var "b3", 31 0;
o0000000001125488 .functor BUFZ 32, C4<zzzzzzzzzzzzzzzzzzzzzzzzzzzzzzzz>; HiZ drive
v000000000117e060_0 .net "b4", 31 0, o0000000001125488;  0 drivers
v000000000117d520_0 .var "bht_id2", 31 0;
o00000000011254e8 .functor BUFZ 1, C4<z>; HiZ drive
v000000000117d2a0_0 .net "clk", 0 0, o00000000011254e8;  0 drivers
v000000000117cc60_0 .var "commit_rd", 4 0;
o0000000001125548 .functor BUFZ 32, C4<zzzzzzzzzzzzzzzzzzzzzzzzzzzzzzzz>; HiZ drive
v000000000117cda0_0 .net "h1", 31 0, o0000000001125548;  0 drivers
o0000000001125578 .functor BUFZ 32, C4<zzzzzzzzzzzzzzzzzzzzzzzzzzzzzzzz>; HiZ drive
v000000000117d480_0 .net "h2", 31 0, o0000000001125578;  0 drivers
v000000000117c760_0 .var/i "i", 31 0;
o00000000011255d8 .functor BUFZ 1, C4<z>; HiZ drive
v000000000117cd00_0 .net "insqueue_to_ROB_needchange", 0 0, o00000000011255d8;  0 drivers
o0000000001125608 .functor BUFZ 1, C4<z>; HiZ drive
v000000000117d840_0 .net "insqueue_to_ROB_size_addflag", 0 0, o0000000001125608;  0 drivers
v000000000117e1a0_0 .net "isbranch", 0 0, v00000000010e5e50_0;  1 drivers
v000000000117d5c0_0 .net "isstore", 0 0, v00000000010e54d0_0;  1 drivers
v000000000117d700_0 .var "pc_", 31 0;
o0000000001125668 .functor BUFZ 1, C4<z>; HiZ drive
v000000000117c8a0_0 .net "rdy", 0 0, o0000000001125668;  0 drivers
o0000000001125698 .functor BUFZ 1, C4<z>; HiZ drive
v000000000117da20_0 .net "reg_busy_commit_rd", 0 0, o0000000001125698;  0 drivers
v000000000117c4e0_0 .var "reg_busy_commit_rd_", 0 0;
v000000000117c9e0_0 .var "reg_reg_commit_rd_", 31 0;
o0000000001125728 .functor BUFZ 32, C4<zzzzzzzzzzzzzzzzzzzzzzzzzzzzzzzz>; HiZ drive
v000000000117e240_0 .net "reg_reorder_commit_rd", 31 0, o0000000001125728;  0 drivers
o0000000001125758 .functor BUFZ 1, C4<z>; HiZ drive
v000000000117cb20_0 .net "rst", 0 0, o0000000001125758;  0 drivers
E_00000000010db570 .event posedge, v000000000117d2a0_0;
v000000000117b590_0 .array/port v000000000117b590, 0;
E_00000000010dafb0/0 .event edge, v000000000117b8b0_0, v00000000010e57f0_0, v000000000117cda0_0, v000000000117b590_0;
v000000000117b590_1 .array/port v000000000117b590, 1;
v000000000117b590_2 .array/port v000000000117b590, 2;
v000000000117b590_3 .array/port v000000000117b590, 3;
v000000000117b590_4 .array/port v000000000117b590, 4;
E_00000000010dafb0/1 .event edge, v000000000117b590_1, v000000000117b590_2, v000000000117b590_3, v000000000117b590_4;
v000000000117b590_5 .array/port v000000000117b590, 5;
v000000000117b590_6 .array/port v000000000117b590, 6;
v000000000117b590_7 .array/port v000000000117b590, 7;
v000000000117b590_8 .array/port v000000000117b590, 8;
E_00000000010dafb0/2 .event edge, v000000000117b590_5, v000000000117b590_6, v000000000117b590_7, v000000000117b590_8;
v000000000117b590_9 .array/port v000000000117b590, 9;
v000000000117b590_10 .array/port v000000000117b590, 10;
v000000000117b590_11 .array/port v000000000117b590, 11;
v000000000117b590_12 .array/port v000000000117b590, 12;
E_00000000010dafb0/3 .event edge, v000000000117b590_9, v000000000117b590_10, v000000000117b590_11, v000000000117b590_12;
v000000000117b590_13 .array/port v000000000117b590, 13;
v000000000117b590_14 .array/port v000000000117b590, 14;
v000000000117b590_15 .array/port v000000000117b590, 15;
v000000000117b590_16 .array/port v000000000117b590, 16;
E_00000000010dafb0/4 .event edge, v000000000117b590_13, v000000000117b590_14, v000000000117b590_15, v000000000117b590_16;
v000000000117b590_17 .array/port v000000000117b590, 17;
v000000000117b590_18 .array/port v000000000117b590, 18;
v000000000117b590_19 .array/port v000000000117b590, 19;
v000000000117b590_20 .array/port v000000000117b590, 20;
E_00000000010dafb0/5 .event edge, v000000000117b590_17, v000000000117b590_18, v000000000117b590_19, v000000000117b590_20;
v000000000117b590_21 .array/port v000000000117b590, 21;
v000000000117b590_22 .array/port v000000000117b590, 22;
v000000000117b590_23 .array/port v000000000117b590, 23;
v000000000117b590_24 .array/port v000000000117b590, 24;
E_00000000010dafb0/6 .event edge, v000000000117b590_21, v000000000117b590_22, v000000000117b590_23, v000000000117b590_24;
v000000000117b590_25 .array/port v000000000117b590, 25;
v000000000117b590_26 .array/port v000000000117b590, 26;
v000000000117b590_27 .array/port v000000000117b590, 27;
v000000000117b590_28 .array/port v000000000117b590, 28;
E_00000000010dafb0/7 .event edge, v000000000117b590_25, v000000000117b590_26, v000000000117b590_27, v000000000117b590_28;
v000000000117b590_29 .array/port v000000000117b590, 29;
v000000000117b590_30 .array/port v000000000117b590, 30;
v000000000117b590_31 .array/port v000000000117b590, 31;
v000000000117bd10_0 .array/port v000000000117bd10, 0;
E_00000000010dafb0/8 .event edge, v000000000117b590_29, v000000000117b590_30, v000000000117b590_31, v000000000117bd10_0;
v000000000117bd10_1 .array/port v000000000117bd10, 1;
v000000000117bd10_2 .array/port v000000000117bd10, 2;
v000000000117bd10_3 .array/port v000000000117bd10, 3;
v000000000117bd10_4 .array/port v000000000117bd10, 4;
E_00000000010dafb0/9 .event edge, v000000000117bd10_1, v000000000117bd10_2, v000000000117bd10_3, v000000000117bd10_4;
v000000000117bd10_5 .array/port v000000000117bd10, 5;
v000000000117bd10_6 .array/port v000000000117bd10, 6;
v000000000117bd10_7 .array/port v000000000117bd10, 7;
v000000000117bd10_8 .array/port v000000000117bd10, 8;
E_00000000010dafb0/10 .event edge, v000000000117bd10_5, v000000000117bd10_6, v000000000117bd10_7, v000000000117bd10_8;
v000000000117bd10_9 .array/port v000000000117bd10, 9;
v000000000117bd10_10 .array/port v000000000117bd10, 10;
v000000000117bd10_11 .array/port v000000000117bd10, 11;
v000000000117bd10_12 .array/port v000000000117bd10, 12;
E_00000000010dafb0/11 .event edge, v000000000117bd10_9, v000000000117bd10_10, v000000000117bd10_11, v000000000117bd10_12;
v000000000117bd10_13 .array/port v000000000117bd10, 13;
v000000000117bd10_14 .array/port v000000000117bd10, 14;
v000000000117bd10_15 .array/port v000000000117bd10, 15;
v000000000117bd10_16 .array/port v000000000117bd10, 16;
E_00000000010dafb0/12 .event edge, v000000000117bd10_13, v000000000117bd10_14, v000000000117bd10_15, v000000000117bd10_16;
v000000000117bd10_17 .array/port v000000000117bd10, 17;
v000000000117bd10_18 .array/port v000000000117bd10, 18;
v000000000117bd10_19 .array/port v000000000117bd10, 19;
v000000000117bd10_20 .array/port v000000000117bd10, 20;
E_00000000010dafb0/13 .event edge, v000000000117bd10_17, v000000000117bd10_18, v000000000117bd10_19, v000000000117bd10_20;
v000000000117bd10_21 .array/port v000000000117bd10, 21;
v000000000117bd10_22 .array/port v000000000117bd10, 22;
v000000000117bd10_23 .array/port v000000000117bd10, 23;
v000000000117bd10_24 .array/port v000000000117bd10, 24;
E_00000000010dafb0/14 .event edge, v000000000117bd10_21, v000000000117bd10_22, v000000000117bd10_23, v000000000117bd10_24;
v000000000117bd10_25 .array/port v000000000117bd10, 25;
v000000000117bd10_26 .array/port v000000000117bd10, 26;
v000000000117bd10_27 .array/port v000000000117bd10, 27;
v000000000117bd10_28 .array/port v000000000117bd10, 28;
E_00000000010dafb0/15 .event edge, v000000000117bd10_25, v000000000117bd10_26, v000000000117bd10_27, v000000000117bd10_28;
v000000000117bd10_29 .array/port v000000000117bd10, 29;
v000000000117bd10_30 .array/port v000000000117bd10, 30;
v000000000117bd10_31 .array/port v000000000117bd10, 31;
E_00000000010dafb0/16 .event edge, v000000000117bd10_29, v000000000117bd10_30, v000000000117bd10_31, v000000000117d480_0;
E_00000000010dafb0 .event/or E_00000000010dafb0/0, E_00000000010dafb0/1, E_00000000010dafb0/2, E_00000000010dafb0/3, E_00000000010dafb0/4, E_00000000010dafb0/5, E_00000000010dafb0/6, E_00000000010dafb0/7, E_00000000010dafb0/8, E_00000000010dafb0/9, E_00000000010dafb0/10, E_00000000010dafb0/11, E_00000000010dafb0/12, E_00000000010dafb0/13, E_00000000010dafb0/14, E_00000000010dafb0/15, E_00000000010dafb0/16;
E_00000000010dc6f0/0 .event edge, v000000000117b8b0_0, v00000000010e5750_0, v00000000010e5e50_0, v000000000117d660_0;
E_00000000010dc6f0/1 .event edge, v000000000117b590_0, v000000000117b590_1, v000000000117b590_2, v000000000117b590_3;
E_00000000010dc6f0/2 .event edge, v000000000117b590_4, v000000000117b590_5, v000000000117b590_6, v000000000117b590_7;
E_00000000010dc6f0/3 .event edge, v000000000117b590_8, v000000000117b590_9, v000000000117b590_10, v000000000117b590_11;
E_00000000010dc6f0/4 .event edge, v000000000117b590_12, v000000000117b590_13, v000000000117b590_14, v000000000117b590_15;
E_00000000010dc6f0/5 .event edge, v000000000117b590_16, v000000000117b590_17, v000000000117b590_18, v000000000117b590_19;
E_00000000010dc6f0/6 .event edge, v000000000117b590_20, v000000000117b590_21, v000000000117b590_22, v000000000117b590_23;
E_00000000010dc6f0/7 .event edge, v000000000117b590_24, v000000000117b590_25, v000000000117b590_26, v000000000117b590_27;
E_00000000010dc6f0/8 .event edge, v000000000117b590_28, v000000000117b590_29, v000000000117b590_30, v000000000117b590_31;
v000000000117b950_0 .array/port v000000000117b950, 0;
v000000000117b950_1 .array/port v000000000117b950, 1;
v000000000117b950_2 .array/port v000000000117b950, 2;
v000000000117b950_3 .array/port v000000000117b950, 3;
E_00000000010dc6f0/9 .event edge, v000000000117b950_0, v000000000117b950_1, v000000000117b950_2, v000000000117b950_3;
v000000000117b950_4 .array/port v000000000117b950, 4;
v000000000117b950_5 .array/port v000000000117b950, 5;
v000000000117b950_6 .array/port v000000000117b950, 6;
v000000000117b950_7 .array/port v000000000117b950, 7;
E_00000000010dc6f0/10 .event edge, v000000000117b950_4, v000000000117b950_5, v000000000117b950_6, v000000000117b950_7;
v000000000117b950_8 .array/port v000000000117b950, 8;
v000000000117b950_9 .array/port v000000000117b950, 9;
v000000000117b950_10 .array/port v000000000117b950, 10;
v000000000117b950_11 .array/port v000000000117b950, 11;
E_00000000010dc6f0/11 .event edge, v000000000117b950_8, v000000000117b950_9, v000000000117b950_10, v000000000117b950_11;
v000000000117b950_12 .array/port v000000000117b950, 12;
v000000000117b950_13 .array/port v000000000117b950, 13;
v000000000117b950_14 .array/port v000000000117b950, 14;
v000000000117b950_15 .array/port v000000000117b950, 15;
E_00000000010dc6f0/12 .event edge, v000000000117b950_12, v000000000117b950_13, v000000000117b950_14, v000000000117b950_15;
v000000000117b950_16 .array/port v000000000117b950, 16;
v000000000117b950_17 .array/port v000000000117b950, 17;
v000000000117b950_18 .array/port v000000000117b950, 18;
v000000000117b950_19 .array/port v000000000117b950, 19;
E_00000000010dc6f0/13 .event edge, v000000000117b950_16, v000000000117b950_17, v000000000117b950_18, v000000000117b950_19;
v000000000117b950_20 .array/port v000000000117b950, 20;
v000000000117b950_21 .array/port v000000000117b950, 21;
v000000000117b950_22 .array/port v000000000117b950, 22;
v000000000117b950_23 .array/port v000000000117b950, 23;
E_00000000010dc6f0/14 .event edge, v000000000117b950_20, v000000000117b950_21, v000000000117b950_22, v000000000117b950_23;
v000000000117b950_24 .array/port v000000000117b950, 24;
v000000000117b950_25 .array/port v000000000117b950, 25;
v000000000117b950_26 .array/port v000000000117b950, 26;
v000000000117b950_27 .array/port v000000000117b950, 27;
E_00000000010dc6f0/15 .event edge, v000000000117b950_24, v000000000117b950_25, v000000000117b950_26, v000000000117b950_27;
v000000000117b950_28 .array/port v000000000117b950, 28;
v000000000117b950_29 .array/port v000000000117b950, 29;
v000000000117b950_30 .array/port v000000000117b950, 30;
v000000000117b950_31 .array/port v000000000117b950, 31;
E_00000000010dc6f0/16 .event edge, v000000000117b950_28, v000000000117b950_29, v000000000117b950_30, v000000000117b950_31;
v000000000117b310_0 .array/port v000000000117b310, 0;
v000000000117b310_1 .array/port v000000000117b310, 1;
v000000000117b310_2 .array/port v000000000117b310, 2;
v000000000117b310_3 .array/port v000000000117b310, 3;
E_00000000010dc6f0/17 .event edge, v000000000117b310_0, v000000000117b310_1, v000000000117b310_2, v000000000117b310_3;
v000000000117b310_4 .array/port v000000000117b310, 4;
v000000000117b310_5 .array/port v000000000117b310, 5;
v000000000117b310_6 .array/port v000000000117b310, 6;
v000000000117b310_7 .array/port v000000000117b310, 7;
E_00000000010dc6f0/18 .event edge, v000000000117b310_4, v000000000117b310_5, v000000000117b310_6, v000000000117b310_7;
v000000000117b310_8 .array/port v000000000117b310, 8;
v000000000117b310_9 .array/port v000000000117b310, 9;
v000000000117b310_10 .array/port v000000000117b310, 10;
v000000000117b310_11 .array/port v000000000117b310, 11;
E_00000000010dc6f0/19 .event edge, v000000000117b310_8, v000000000117b310_9, v000000000117b310_10, v000000000117b310_11;
v000000000117b310_12 .array/port v000000000117b310, 12;
v000000000117b310_13 .array/port v000000000117b310, 13;
v000000000117b310_14 .array/port v000000000117b310, 14;
v000000000117b310_15 .array/port v000000000117b310, 15;
E_00000000010dc6f0/20 .event edge, v000000000117b310_12, v000000000117b310_13, v000000000117b310_14, v000000000117b310_15;
v000000000117b310_16 .array/port v000000000117b310, 16;
v000000000117b310_17 .array/port v000000000117b310, 17;
v000000000117b310_18 .array/port v000000000117b310, 18;
v000000000117b310_19 .array/port v000000000117b310, 19;
E_00000000010dc6f0/21 .event edge, v000000000117b310_16, v000000000117b310_17, v000000000117b310_18, v000000000117b310_19;
v000000000117b310_20 .array/port v000000000117b310, 20;
v000000000117b310_21 .array/port v000000000117b310, 21;
v000000000117b310_22 .array/port v000000000117b310, 22;
v000000000117b310_23 .array/port v000000000117b310, 23;
E_00000000010dc6f0/22 .event edge, v000000000117b310_20, v000000000117b310_21, v000000000117b310_22, v000000000117b310_23;
v000000000117b310_24 .array/port v000000000117b310, 24;
v000000000117b310_25 .array/port v000000000117b310, 25;
v000000000117b310_26 .array/port v000000000117b310, 26;
v000000000117b310_27 .array/port v000000000117b310, 27;
E_00000000010dc6f0/23 .event edge, v000000000117b310_24, v000000000117b310_25, v000000000117b310_26, v000000000117b310_27;
v000000000117b310_28 .array/port v000000000117b310, 28;
v000000000117b310_29 .array/port v000000000117b310, 29;
v000000000117b310_30 .array/port v000000000117b310, 30;
v000000000117b310_31 .array/port v000000000117b310, 31;
E_00000000010dc6f0/24 .event edge, v000000000117b310_28, v000000000117b310_29, v000000000117b310_30, v000000000117b310_31;
E_00000000010dc6f0/25 .event edge, v000000000117bd10_0, v000000000117bd10_1, v000000000117bd10_2, v000000000117bd10_3;
E_00000000010dc6f0/26 .event edge, v000000000117bd10_4, v000000000117bd10_5, v000000000117bd10_6, v000000000117bd10_7;
E_00000000010dc6f0/27 .event edge, v000000000117bd10_8, v000000000117bd10_9, v000000000117bd10_10, v000000000117bd10_11;
E_00000000010dc6f0/28 .event edge, v000000000117bd10_12, v000000000117bd10_13, v000000000117bd10_14, v000000000117bd10_15;
E_00000000010dc6f0/29 .event edge, v000000000117bd10_16, v000000000117bd10_17, v000000000117bd10_18, v000000000117bd10_19;
E_00000000010dc6f0/30 .event edge, v000000000117bd10_20, v000000000117bd10_21, v000000000117bd10_22, v000000000117bd10_23;
E_00000000010dc6f0/31 .event edge, v000000000117bd10_24, v000000000117bd10_25, v000000000117bd10_26, v000000000117bd10_27;
E_00000000010dc6f0/32 .event edge, v000000000117bd10_28, v000000000117bd10_29, v000000000117bd10_30, v000000000117bd10_31;
v000000000117be50_0 .array/port v000000000117be50, 0;
v000000000117be50_1 .array/port v000000000117be50, 1;
E_00000000010dc6f0/33 .event edge, v000000000117da20_0, v000000000117e240_0, v000000000117be50_0, v000000000117be50_1;
v000000000117be50_2 .array/port v000000000117be50, 2;
v000000000117be50_3 .array/port v000000000117be50, 3;
v000000000117be50_4 .array/port v000000000117be50, 4;
v000000000117be50_5 .array/port v000000000117be50, 5;
E_00000000010dc6f0/34 .event edge, v000000000117be50_2, v000000000117be50_3, v000000000117be50_4, v000000000117be50_5;
v000000000117be50_6 .array/port v000000000117be50, 6;
v000000000117be50_7 .array/port v000000000117be50, 7;
v000000000117be50_8 .array/port v000000000117be50, 8;
v000000000117be50_9 .array/port v000000000117be50, 9;
E_00000000010dc6f0/35 .event edge, v000000000117be50_6, v000000000117be50_7, v000000000117be50_8, v000000000117be50_9;
v000000000117be50_10 .array/port v000000000117be50, 10;
v000000000117be50_11 .array/port v000000000117be50, 11;
v000000000117be50_12 .array/port v000000000117be50, 12;
v000000000117be50_13 .array/port v000000000117be50, 13;
E_00000000010dc6f0/36 .event edge, v000000000117be50_10, v000000000117be50_11, v000000000117be50_12, v000000000117be50_13;
v000000000117be50_14 .array/port v000000000117be50, 14;
v000000000117be50_15 .array/port v000000000117be50, 15;
v000000000117be50_16 .array/port v000000000117be50, 16;
v000000000117be50_17 .array/port v000000000117be50, 17;
E_00000000010dc6f0/37 .event edge, v000000000117be50_14, v000000000117be50_15, v000000000117be50_16, v000000000117be50_17;
v000000000117be50_18 .array/port v000000000117be50, 18;
v000000000117be50_19 .array/port v000000000117be50, 19;
v000000000117be50_20 .array/port v000000000117be50, 20;
v000000000117be50_21 .array/port v000000000117be50, 21;
E_00000000010dc6f0/38 .event edge, v000000000117be50_18, v000000000117be50_19, v000000000117be50_20, v000000000117be50_21;
v000000000117be50_22 .array/port v000000000117be50, 22;
v000000000117be50_23 .array/port v000000000117be50, 23;
v000000000117be50_24 .array/port v000000000117be50, 24;
v000000000117be50_25 .array/port v000000000117be50, 25;
E_00000000010dc6f0/39 .event edge, v000000000117be50_22, v000000000117be50_23, v000000000117be50_24, v000000000117be50_25;
v000000000117be50_26 .array/port v000000000117be50, 26;
v000000000117be50_27 .array/port v000000000117be50, 27;
v000000000117be50_28 .array/port v000000000117be50, 28;
v000000000117be50_29 .array/port v000000000117be50, 29;
E_00000000010dc6f0/40 .event edge, v000000000117be50_26, v000000000117be50_27, v000000000117be50_28, v000000000117be50_29;
v000000000117be50_30 .array/port v000000000117be50, 30;
v000000000117be50_31 .array/port v000000000117be50, 31;
v000000000117bef0_0 .array/port v000000000117bef0, 0;
v000000000117bef0_1 .array/port v000000000117bef0, 1;
E_00000000010dc6f0/41 .event edge, v000000000117be50_30, v000000000117be50_31, v000000000117bef0_0, v000000000117bef0_1;
v000000000117bef0_2 .array/port v000000000117bef0, 2;
v000000000117bef0_3 .array/port v000000000117bef0, 3;
v000000000117bef0_4 .array/port v000000000117bef0, 4;
v000000000117bef0_5 .array/port v000000000117bef0, 5;
E_00000000010dc6f0/42 .event edge, v000000000117bef0_2, v000000000117bef0_3, v000000000117bef0_4, v000000000117bef0_5;
v000000000117bef0_6 .array/port v000000000117bef0, 6;
v000000000117bef0_7 .array/port v000000000117bef0, 7;
v000000000117bef0_8 .array/port v000000000117bef0, 8;
v000000000117bef0_9 .array/port v000000000117bef0, 9;
E_00000000010dc6f0/43 .event edge, v000000000117bef0_6, v000000000117bef0_7, v000000000117bef0_8, v000000000117bef0_9;
v000000000117bef0_10 .array/port v000000000117bef0, 10;
v000000000117bef0_11 .array/port v000000000117bef0, 11;
v000000000117bef0_12 .array/port v000000000117bef0, 12;
v000000000117bef0_13 .array/port v000000000117bef0, 13;
E_00000000010dc6f0/44 .event edge, v000000000117bef0_10, v000000000117bef0_11, v000000000117bef0_12, v000000000117bef0_13;
v000000000117bef0_14 .array/port v000000000117bef0, 14;
v000000000117bef0_15 .array/port v000000000117bef0, 15;
v000000000117bef0_16 .array/port v000000000117bef0, 16;
v000000000117bef0_17 .array/port v000000000117bef0, 17;
E_00000000010dc6f0/45 .event edge, v000000000117bef0_14, v000000000117bef0_15, v000000000117bef0_16, v000000000117bef0_17;
v000000000117bef0_18 .array/port v000000000117bef0, 18;
v000000000117bef0_19 .array/port v000000000117bef0, 19;
v000000000117bef0_20 .array/port v000000000117bef0, 20;
v000000000117bef0_21 .array/port v000000000117bef0, 21;
E_00000000010dc6f0/46 .event edge, v000000000117bef0_18, v000000000117bef0_19, v000000000117bef0_20, v000000000117bef0_21;
v000000000117bef0_22 .array/port v000000000117bef0, 22;
v000000000117bef0_23 .array/port v000000000117bef0, 23;
v000000000117bef0_24 .array/port v000000000117bef0, 24;
v000000000117bef0_25 .array/port v000000000117bef0, 25;
E_00000000010dc6f0/47 .event edge, v000000000117bef0_22, v000000000117bef0_23, v000000000117bef0_24, v000000000117bef0_25;
v000000000117bef0_26 .array/port v000000000117bef0, 26;
v000000000117bef0_27 .array/port v000000000117bef0, 27;
v000000000117bef0_28 .array/port v000000000117bef0, 28;
v000000000117bef0_29 .array/port v000000000117bef0, 29;
E_00000000010dc6f0/48 .event edge, v000000000117bef0_26, v000000000117bef0_27, v000000000117bef0_28, v000000000117bef0_29;
v000000000117bef0_30 .array/port v000000000117bef0, 30;
v000000000117bef0_31 .array/port v000000000117bef0, 31;
v000000000117b630_0 .array/port v000000000117b630, 0;
v000000000117b630_1 .array/port v000000000117b630, 1;
E_00000000010dc6f0/49 .event edge, v000000000117bef0_30, v000000000117bef0_31, v000000000117b630_0, v000000000117b630_1;
v000000000117b630_2 .array/port v000000000117b630, 2;
v000000000117b630_3 .array/port v000000000117b630, 3;
v000000000117b630_4 .array/port v000000000117b630, 4;
v000000000117b630_5 .array/port v000000000117b630, 5;
E_00000000010dc6f0/50 .event edge, v000000000117b630_2, v000000000117b630_3, v000000000117b630_4, v000000000117b630_5;
v000000000117b630_6 .array/port v000000000117b630, 6;
v000000000117b630_7 .array/port v000000000117b630, 7;
v000000000117b630_8 .array/port v000000000117b630, 8;
v000000000117b630_9 .array/port v000000000117b630, 9;
E_00000000010dc6f0/51 .event edge, v000000000117b630_6, v000000000117b630_7, v000000000117b630_8, v000000000117b630_9;
v000000000117b630_10 .array/port v000000000117b630, 10;
v000000000117b630_11 .array/port v000000000117b630, 11;
v000000000117b630_12 .array/port v000000000117b630, 12;
v000000000117b630_13 .array/port v000000000117b630, 13;
E_00000000010dc6f0/52 .event edge, v000000000117b630_10, v000000000117b630_11, v000000000117b630_12, v000000000117b630_13;
v000000000117b630_14 .array/port v000000000117b630, 14;
v000000000117b630_15 .array/port v000000000117b630, 15;
v000000000117b630_16 .array/port v000000000117b630, 16;
v000000000117b630_17 .array/port v000000000117b630, 17;
E_00000000010dc6f0/53 .event edge, v000000000117b630_14, v000000000117b630_15, v000000000117b630_16, v000000000117b630_17;
v000000000117b630_18 .array/port v000000000117b630, 18;
v000000000117b630_19 .array/port v000000000117b630, 19;
v000000000117b630_20 .array/port v000000000117b630, 20;
v000000000117b630_21 .array/port v000000000117b630, 21;
E_00000000010dc6f0/54 .event edge, v000000000117b630_18, v000000000117b630_19, v000000000117b630_20, v000000000117b630_21;
v000000000117b630_22 .array/port v000000000117b630, 22;
v000000000117b630_23 .array/port v000000000117b630, 23;
v000000000117b630_24 .array/port v000000000117b630, 24;
v000000000117b630_25 .array/port v000000000117b630, 25;
E_00000000010dc6f0/55 .event edge, v000000000117b630_22, v000000000117b630_23, v000000000117b630_24, v000000000117b630_25;
v000000000117b630_26 .array/port v000000000117b630, 26;
v000000000117b630_27 .array/port v000000000117b630, 27;
v000000000117b630_28 .array/port v000000000117b630, 28;
v000000000117b630_29 .array/port v000000000117b630, 29;
E_00000000010dc6f0/56 .event edge, v000000000117b630_26, v000000000117b630_27, v000000000117b630_28, v000000000117b630_29;
v000000000117b630_30 .array/port v000000000117b630, 30;
v000000000117b630_31 .array/port v000000000117b630, 31;
v000000000117b3b0_0 .array/port v000000000117b3b0, 0;
v000000000117b3b0_1 .array/port v000000000117b3b0, 1;
E_00000000010dc6f0/57 .event edge, v000000000117b630_30, v000000000117b630_31, v000000000117b3b0_0, v000000000117b3b0_1;
v000000000117b3b0_2 .array/port v000000000117b3b0, 2;
v000000000117b3b0_3 .array/port v000000000117b3b0, 3;
v000000000117b3b0_4 .array/port v000000000117b3b0, 4;
v000000000117b3b0_5 .array/port v000000000117b3b0, 5;
E_00000000010dc6f0/58 .event edge, v000000000117b3b0_2, v000000000117b3b0_3, v000000000117b3b0_4, v000000000117b3b0_5;
v000000000117b3b0_6 .array/port v000000000117b3b0, 6;
v000000000117b3b0_7 .array/port v000000000117b3b0, 7;
v000000000117b3b0_8 .array/port v000000000117b3b0, 8;
v000000000117b3b0_9 .array/port v000000000117b3b0, 9;
E_00000000010dc6f0/59 .event edge, v000000000117b3b0_6, v000000000117b3b0_7, v000000000117b3b0_8, v000000000117b3b0_9;
v000000000117b3b0_10 .array/port v000000000117b3b0, 10;
v000000000117b3b0_11 .array/port v000000000117b3b0, 11;
v000000000117b3b0_12 .array/port v000000000117b3b0, 12;
v000000000117b3b0_13 .array/port v000000000117b3b0, 13;
E_00000000010dc6f0/60 .event edge, v000000000117b3b0_10, v000000000117b3b0_11, v000000000117b3b0_12, v000000000117b3b0_13;
v000000000117b3b0_14 .array/port v000000000117b3b0, 14;
v000000000117b3b0_15 .array/port v000000000117b3b0, 15;
v000000000117b3b0_16 .array/port v000000000117b3b0, 16;
v000000000117b3b0_17 .array/port v000000000117b3b0, 17;
E_00000000010dc6f0/61 .event edge, v000000000117b3b0_14, v000000000117b3b0_15, v000000000117b3b0_16, v000000000117b3b0_17;
v000000000117b3b0_18 .array/port v000000000117b3b0, 18;
v000000000117b3b0_19 .array/port v000000000117b3b0, 19;
v000000000117b3b0_20 .array/port v000000000117b3b0, 20;
v000000000117b3b0_21 .array/port v000000000117b3b0, 21;
E_00000000010dc6f0/62 .event edge, v000000000117b3b0_18, v000000000117b3b0_19, v000000000117b3b0_20, v000000000117b3b0_21;
v000000000117b3b0_22 .array/port v000000000117b3b0, 22;
v000000000117b3b0_23 .array/port v000000000117b3b0, 23;
v000000000117b3b0_24 .array/port v000000000117b3b0, 24;
v000000000117b3b0_25 .array/port v000000000117b3b0, 25;
E_00000000010dc6f0/63 .event edge, v000000000117b3b0_22, v000000000117b3b0_23, v000000000117b3b0_24, v000000000117b3b0_25;
v000000000117b3b0_26 .array/port v000000000117b3b0, 26;
v000000000117b3b0_27 .array/port v000000000117b3b0, 27;
v000000000117b3b0_28 .array/port v000000000117b3b0, 28;
v000000000117b3b0_29 .array/port v000000000117b3b0, 29;
E_00000000010dc6f0/64 .event edge, v000000000117b3b0_26, v000000000117b3b0_27, v000000000117b3b0_28, v000000000117b3b0_29;
v000000000117b3b0_30 .array/port v000000000117b3b0, 30;
v000000000117b3b0_31 .array/port v000000000117b3b0, 31;
E_00000000010dc6f0/65 .event edge, v000000000117b3b0_30, v000000000117b3b0_31, v00000000010e54d0_0;
E_00000000010dc6f0 .event/or E_00000000010dc6f0/0, E_00000000010dc6f0/1, E_00000000010dc6f0/2, E_00000000010dc6f0/3, E_00000000010dc6f0/4, E_00000000010dc6f0/5, E_00000000010dc6f0/6, E_00000000010dc6f0/7, E_00000000010dc6f0/8, E_00000000010dc6f0/9, E_00000000010dc6f0/10, E_00000000010dc6f0/11, E_00000000010dc6f0/12, E_00000000010dc6f0/13, E_00000000010dc6f0/14, E_00000000010dc6f0/15, E_00000000010dc6f0/16, E_00000000010dc6f0/17, E_00000000010dc6f0/18, E_00000000010dc6f0/19, E_00000000010dc6f0/20, E_00000000010dc6f0/21, E_00000000010dc6f0/22, E_00000000010dc6f0/23, E_00000000010dc6f0/24, E_00000000010dc6f0/25, E_00000000010dc6f0/26, E_00000000010dc6f0/27, E_00000000010dc6f0/28, E_00000000010dc6f0/29, E_00000000010dc6f0/30, E_00000000010dc6f0/31, E_00000000010dc6f0/32, E_00000000010dc6f0/33, E_00000000010dc6f0/34, E_00000000010dc6f0/35, E_00000000010dc6f0/36, E_00000000010dc6f0/37, E_00000000010dc6f0/38, E_00000000010dc6f0/39, E_00000000010dc6f0/40, E_00000000010dc6f0/41, E_00000000010dc6f0/42, E_00000000010dc6f0/43, E_00000000010dc6f0/44, E_00000000010dc6f0/45, E_00000000010dc6f0/46, E_00000000010dc6f0/47, E_00000000010dc6f0/48, E_00000000010dc6f0/49, E_00000000010dc6f0/50, E_00000000010dc6f0/51, E_00000000010dc6f0/52, E_00000000010dc6f0/53, E_00000000010dc6f0/54, E_00000000010dc6f0/55, E_00000000010dc6f0/56, E_00000000010dc6f0/57, E_00000000010dc6f0/58, E_00000000010dc6f0/59, E_00000000010dc6f0/60, E_00000000010dc6f0/61, E_00000000010dc6f0/62, E_00000000010dc6f0/63, E_00000000010dc6f0/64, E_00000000010dc6f0/65;
L_000000000117dac0 .array/port v000000000117b950, v000000000117d660_0;
L_000000000117dde0 .array/port v000000000117b950, v000000000117d660_0;
S_00000000008cdad0 .scope module, "u_IsBranch" "IsBranch" 2 110, 3 3 0, S_00000000010e1770;
 .timescale 0 0;
    .port_info 0 /INPUT 6 "type";
    .port_info 1 /OUTPUT 1 "is_Branch";
v00000000010e5e50_0 .var "is_Branch", 0 0;
v00000000011112c0_0 .net "type", 5 0, L_000000000117dac0;  1 drivers
E_00000000010dc870 .event edge, v00000000011112c0_0;
S_0000000001117040 .scope module, "u_IsStore" "IsStore" 2 116, 4 3 0, S_00000000010e1770;
 .timescale 0 0;
    .port_info 0 /INPUT 6 "type";
    .port_info 1 /OUTPUT 1 "is_Store";
v00000000010e54d0_0 .var "is_Store", 0 0;
v00000000010e5570_0 .net "type", 5 0, L_000000000117dde0;  1 drivers
E_00000000010dc8b0 .event edge, v00000000010e5570_0;
    .scope S_00000000008cdad0;
T_0 ;
    %wait E_00000000010dc870;
    %load/vec4 v00000000011112c0_0;
    %cmpi/e 31, 0, 6;
    %flag_mov 8, 4;
    %load/vec4 v00000000011112c0_0;
    %cmpi/e 32, 0, 6;
    %flag_or 4, 8;
    %flag_mov 8, 4;
    %load/vec4 v00000000011112c0_0;
    %cmpi/e 33, 0, 6;
    %flag_or 4, 8;
    %flag_mov 8, 4;
    %load/vec4 v00000000011112c0_0;
    %cmpi/e 34, 0, 6;
    %flag_or 4, 8;
    %flag_mov 8, 4;
    %load/vec4 v00000000011112c0_0;
    %cmpi/e 35, 0, 6;
    %flag_or 4, 8;
    %flag_mov 8, 4;
    %load/vec4 v00000000011112c0_0;
    %cmpi/e 36, 0, 6;
    %flag_or 4, 8;
    %flag_mov 8, 4;
    %load/vec4 v00000000011112c0_0;
    %cmpi/e 30, 0, 6;
    %flag_or 4, 8;
    %flag_mov 8, 4;
    %load/vec4 v00000000011112c0_0;
    %cmpi/e 12, 0, 6;
    %flag_or 4, 8;
    %jmp/0xz  T_0.0, 4;
    %pushi/vec4 1, 0, 1;
    %store/vec4 v00000000010e5e50_0, 0, 1;
T_0.0 ;
    %jmp T_0;
    .thread T_0, $push;
    .scope S_0000000001117040;
T_1 ;
    %wait E_00000000010dc8b0;
    %load/vec4 v00000000010e5570_0;
    %cmpi/e 27, 0, 6;
    %flag_mov 8, 4;
    %load/vec4 v00000000010e5570_0;
    %cmpi/e 28, 0, 6;
    %flag_or 4, 8;
    %flag_mov 8, 4;
    %load/vec4 v00000000010e5570_0;
    %cmpi/e 29, 0, 6;
    %flag_or 4, 8;
    %jmp/0xz  T_1.0, 4;
    %pushi/vec4 1, 0, 1;
    %store/vec4 v00000000010e54d0_0, 0, 1;
    %jmp T_1.1;
T_1.0 ;
    %pushi/vec4 0, 0, 1;
    %store/vec4 v00000000010e54d0_0, 0, 1;
T_1.1 ;
    %jmp T_1;
    .thread T_1, $push;
    .scope S_00000000010e1770;
T_2 ;
    %wait E_00000000010dc6f0;
    %pushi/vec4 0, 0, 1;
    %store/vec4 v000000000117d3e0_0, 0, 1;
    %pushi/vec4 0, 0, 1;
    %store/vec4 v000000000117d980_0, 0, 1;
    %pushi/vec4 0, 0, 1;
    %store/vec4 v000000000117d8e0_0, 0, 1;
    %pushi/vec4 0, 0, 1;
    %store/vec4 v000000000117c940_0, 0, 1;
    %pushi/vec4 0, 0, 1;
    %store/vec4 v000000000117ca80_0, 0, 1;
    %pushi/vec4 0, 0, 1;
    %store/vec4 v000000000117dd40_0, 0, 1;
    %pushi/vec4 0, 0, 1;
    %store/vec4 v000000000117e2e0_0, 0, 1;
    %pushi/vec4 0, 0, 1;
    %store/vec4 v000000000117df20_0, 0, 1;
    %pushi/vec4 0, 0, 1;
    %store/vec4 v00000000010e56b0_0, 0, 1;
    %load/vec4 v000000000117b8b0_0;
    %nor/r;
    %flag_set/vec4 8;
    %jmp/0xz  T_2.0, 8;
    %jmp T_2.1;
T_2.0 ;
    %load/vec4 v00000000010e5750_0;
    %store/vec4 v000000000117d660_0, 0, 32;
    %load/vec4 v000000000117e1a0_0;
    %flag_set/vec4 8;
    %jmp/0xz  T_2.2, 8;
    %ix/getv 4, v000000000117d660_0;
    %load/vec4a v000000000117b590, 4;
    %nor/r;
    %flag_set/vec4 8;
    %jmp/0xz  T_2.4, 8;
    %jmp T_2.5;
T_2.4 ;
    %pushi/vec4 1, 0, 1;
    %store/vec4 v000000000117d3e0_0, 0, 1;
    %ix/getv 4, v000000000117d660_0;
    %load/vec4a v000000000117b950, 4;
    %cmpi/e 30, 0, 6;
    %jmp/0xz  T_2.6, 4;
    %pushi/vec4 1, 0, 1;
    %store/vec4 v000000000117d980_0, 0, 1;
    %ix/getv 4, v000000000117d660_0;
    %load/vec4a v000000000117b310, 4;
    %pad/u 5;
    %store/vec4 v000000000117cc60_0, 0, 5;
    %ix/getv 4, v000000000117d660_0;
    %load/vec4a v000000000117bd10, 4;
    %store/vec4 v000000000117c9e0_0, 0, 32;
    %load/vec4 v000000000117da20_0;
    %load/vec4 v000000000117e240_0;
    %load/vec4 v000000000117d660_0;
    %cmp/e;
    %flag_get/vec4 4;
    %and;
    %flag_set/vec4 8;
    %jmp/0xz  T_2.8, 8;
    %pushi/vec4 0, 0, 1;
    %store/vec4 v000000000117c4e0_0, 0, 1;
T_2.8 ;
    %pushi/vec4 1, 0, 1;
    %store/vec4 v000000000117d8e0_0, 0, 1;
    %ix/getv 4, v000000000117d660_0;
    %load/vec4a v000000000117bd10, 4;
    %store/vec4 v000000000117dca0_0, 0, 32;
    %pushi/vec4 1, 0, 1;
    %store/vec4 v000000000117c940_0, 0, 1;
    %ix/getv 4, v000000000117d660_0;
    %load/vec4a v000000000117bd10, 4;
    %store/vec4 v000000000117c6c0_0, 0, 32;
    %jmp T_2.7;
T_2.6 ;
    %ix/getv 4, v000000000117d660_0;
    %load/vec4a v000000000117bd10, 4;
    %ix/getv 4, v000000000117d660_0;
    %load/vec4a v000000000117be50, 4;
    %pad/u 32;
    %xor;
    %cmpi/e 1, 0, 32;
    %flag_mov 8, 4;
    %ix/getv 4, v000000000117d660_0;
    %load/vec4a v000000000117b950, 4;
    %cmpi/e 12, 0, 6;
    %flag_or 4, 8;
    %jmp/0xz  T_2.10, 4;
    %pushi/vec4 1, 0, 1;
    %store/vec4 v000000000117dd40_0, 0, 1;
    %ix/getv 4, v000000000117d660_0;
    %load/vec4a v000000000117bef0, 4;
    %parti/s 12, 0, 2;
    %pad/u 32;
    %store/vec4 v000000000117d520_0, 0, 32;
    %pushi/vec4 1, 0, 1;
    %store/vec4 v000000000117df20_0, 0, 1;
    %ix/getv 4, v000000000117d660_0;
    %load/vec4a v000000000117bd10, 4;
    %cmpi/ne 0, 0, 32;
    %jmp/0xz  T_2.12, 4;
    %ix/getv 4, v000000000117d660_0;
    %load/vec4a v000000000117b630, 4;
    %store/vec4 v000000000117d700_0, 0, 32;
    %jmp T_2.13;
T_2.12 ;
    %ix/getv 4, v000000000117d660_0;
    %load/vec4a v000000000117b3b0, 4;
    %addi 4, 0, 32;
    %store/vec4 v000000000117d700_0, 0, 32;
T_2.13 ;
    %pushi/vec4 1, 0, 1;
    %store/vec4 v00000000010e56b0_0, 0, 1;
    %ix/getv 4, v000000000117d660_0;
    %load/vec4a v000000000117b950, 4;
    %cmpi/e 12, 0, 6;
    %jmp/0xz  T_2.14, 4;
    %pushi/vec4 1, 0, 1;
    %store/vec4 v000000000117d980_0, 0, 1;
    %ix/getv 4, v000000000117d660_0;
    %load/vec4a v000000000117b310, 4;
    %pad/u 5;
    %store/vec4 v000000000117cc60_0, 0, 5;
    %ix/getv 4, v000000000117d660_0;
    %load/vec4a v000000000117bd10, 4;
    %store/vec4 v000000000117c9e0_0, 0, 32;
    %load/vec4 v000000000117da20_0;
    %load/vec4 v000000000117e240_0;
    %load/vec4 v000000000117d660_0;
    %cmp/e;
    %flag_get/vec4 4;
    %and;
    %flag_set/vec4 8;
    %jmp/0xz  T_2.16, 8;
    %pushi/vec4 0, 0, 1;
    %store/vec4 v000000000117c4e0_0, 0, 1;
T_2.16 ;
T_2.14 ;
    %jmp T_2.11;
T_2.10 ;
    %pushi/vec4 1, 0, 1;
    %store/vec4 v000000000117e2e0_0, 0, 1;
    %ix/getv 4, v000000000117d660_0;
    %load/vec4a v000000000117bef0, 4;
    %parti/s 12, 0, 2;
    %pad/u 32;
    %store/vec4 v000000000117d520_0, 0, 32;
T_2.11 ;
T_2.7 ;
T_2.5 ;
    %jmp T_2.3;
T_2.2 ;
    %load/vec4 v000000000117d5c0_0;
    %flag_set/vec4 8;
    %jmp/0xz  T_2.18, 8;
    %ix/getv 4, v000000000117d660_0;
    %load/vec4a v000000000117b590, 4;
    %nor/r;
    %flag_set/vec4 8;
    %jmp/0xz  T_2.20, 8;
    %pushi/vec4 1, 0, 1;
    %store/vec4 v000000000117ca80_0, 0, 1;
    %jmp T_2.21;
T_2.20 ;
    %pushi/vec4 1, 0, 1;
    %store/vec4 v000000000117d3e0_0, 0, 1;
T_2.21 ;
    %jmp T_2.19;
T_2.18 ;
    %ix/getv 4, v000000000117d660_0;
    %load/vec4a v000000000117b590, 4;
    %nor/r;
    %flag_set/vec4 8;
    %jmp/0xz  T_2.22, 8;
    %jmp T_2.23;
T_2.22 ;
    %pushi/vec4 1, 0, 1;
    %store/vec4 v000000000117d3e0_0, 0, 1;
    %pushi/vec4 1, 0, 1;
    %store/vec4 v000000000117d980_0, 0, 1;
    %ix/getv 4, v000000000117d660_0;
    %load/vec4a v000000000117b310, 4;
    %pad/u 5;
    %store/vec4 v000000000117cc60_0, 0, 5;
    %ix/getv 4, v000000000117d660_0;
    %load/vec4a v000000000117bd10, 4;
    %store/vec4 v000000000117c9e0_0, 0, 32;
    %load/vec4 v000000000117da20_0;
    %load/vec4 v000000000117e240_0;
    %load/vec4 v000000000117d660_0;
    %cmp/e;
    %flag_get/vec4 4;
    %and;
    %flag_set/vec4 8;
    %jmp/0xz  T_2.24, 8;
    %pushi/vec4 0, 0, 1;
    %store/vec4 v000000000117c4e0_0, 0, 1;
T_2.24 ;
    %pushi/vec4 1, 0, 1;
    %store/vec4 v000000000117d8e0_0, 0, 1;
    %ix/getv 4, v000000000117d660_0;
    %load/vec4a v000000000117bd10, 4;
    %store/vec4 v000000000117dca0_0, 0, 32;
    %pushi/vec4 1, 0, 1;
    %store/vec4 v000000000117c940_0, 0, 1;
    %ix/getv 4, v000000000117d660_0;
    %load/vec4a v000000000117bd10, 4;
    %store/vec4 v000000000117c6c0_0, 0, 32;
T_2.23 ;
T_2.19 ;
T_2.3 ;
T_2.1 ;
    %jmp T_2;
    .thread T_2, $push;
    .scope S_00000000010e1770;
T_3 ;
    %wait E_00000000010dafb0;
    %load/vec4 v000000000117b8b0_0;
    %store/vec4 v000000000117d340_0, 0, 32;
    %load/vec4 v00000000010e57f0_0;
    %store/vec4 v0000000001113be0_0, 0, 32;
    %ix/getv 4, v000000000117cda0_0;
    %load/vec4a v000000000117b590, 4;
    %store/vec4 v000000000117b4f0_0, 0, 1;
    %ix/getv 4, v000000000117cda0_0;
    %load/vec4a v000000000117bd10, 4;
    %store/vec4 v000000000117b810_0, 0, 32;
    %ix/getv 4, v000000000117d480_0;
    %load/vec4a v000000000117b590, 4;
    %store/vec4 v000000000117bc70_0, 0, 1;
    %ix/getv 4, v000000000117d480_0;
    %load/vec4a v000000000117bd10, 4;
    %store/vec4 v000000000117bdb0_0, 0, 32;
    %jmp T_3;
    .thread T_3, $push;
    .scope S_00000000010e1770;
T_4 ;
    %wait E_00000000010db570;
    %load/vec4 v000000000117cb20_0;
    %flag_set/vec4 8;
    %jmp/0xz  T_4.0, 8;
    %pushi/vec4 0, 0, 32;
    %store/vec4 v000000000117c760_0, 0, 32;
T_4.2 ;
    %load/vec4 v000000000117c760_0;
    %cmpi/s 32, 0, 32;
    %jmp/0xz T_4.3, 5;
    %pushi/vec4 0, 0, 6;
    %ix/getv/s 3, v000000000117c760_0;
    %ix/load 4, 0, 0; Constant delay
    %assign/vec4/a/d v000000000117b950, 0, 4;
    %pushi/vec4 0, 0, 32;
    %ix/getv/s 3, v000000000117c760_0;
    %ix/load 4, 0, 0; Constant delay
    %assign/vec4/a/d v000000000117bef0, 0, 4;
    %pushi/vec4 0, 0, 32;
    %ix/getv/s 3, v000000000117c760_0;
    %ix/load 4, 0, 0; Constant delay
    %assign/vec4/a/d v000000000117b3b0, 0, 4;
    %pushi/vec4 0, 0, 32;
    %ix/getv/s 3, v000000000117c760_0;
    %ix/load 4, 0, 0; Constant delay
    %assign/vec4/a/d v000000000117b630, 0, 4;
    %pushi/vec4 0, 0, 32;
    %ix/getv/s 3, v000000000117c760_0;
    %ix/load 4, 0, 0; Constant delay
    %assign/vec4/a/d v000000000117b310, 0, 4;
    %pushi/vec4 0, 0, 32;
    %ix/getv/s 3, v000000000117c760_0;
    %ix/load 4, 0, 0; Constant delay
    %assign/vec4/a/d v000000000117bd10, 0, 4;
    %pushi/vec4 0, 0, 1;
    %ix/getv/s 3, v000000000117c760_0;
    %ix/load 4, 0, 0; Constant delay
    %assign/vec4/a/d v000000000117be50, 0, 4;
    %pushi/vec4 0, 0, 1;
    %ix/getv/s 3, v000000000117c760_0;
    %ix/load 4, 0, 0; Constant delay
    %assign/vec4/a/d v000000000117b590, 0, 4;
    %load/vec4 v000000000117c760_0;
    %addi 1, 0, 32;
    %store/vec4 v000000000117c760_0, 0, 32;
    %jmp T_4.2;
T_4.3 ;
    %pushi/vec4 1, 0, 32;
    %assign/vec4 v00000000010e5750_0, 0;
    %pushi/vec4 0, 0, 32;
    %assign/vec4 v00000000010e57f0_0, 0;
    %pushi/vec4 0, 0, 32;
    %assign/vec4 v000000000117b8b0_0, 0;
    %jmp T_4.1;
T_4.0 ;
    %load/vec4 v000000000117c8a0_0;
    %inv;
    %flag_set/vec4 8;
    %jmp/0xz  T_4.4, 8;
    %jmp T_4.5;
T_4.4 ;
    %load/vec4 v00000000010e5610_0;
    %flag_set/vec4 8;
    %jmp/0xz  T_4.6, 8;
    %pushi/vec4 1, 0, 32;
    %assign/vec4 v00000000010e5750_0, 0;
    %pushi/vec4 0, 0, 32;
    %assign/vec4 v00000000010e57f0_0, 0;
    %pushi/vec4 0, 0, 32;
    %assign/vec4 v000000000117b8b0_0, 0;
    %pushi/vec4 0, 0, 32;
    %store/vec4 v000000000117c760_0, 0, 32;
T_4.8 ;
    %load/vec4 v000000000117c760_0;
    %cmpi/s 32, 0, 32;
    %jmp/0xz T_4.9, 5;
    %pushi/vec4 0, 0, 1;
    %ix/getv/s 3, v000000000117c760_0;
    %ix/load 4, 0, 0; Constant delay
    %assign/vec4/a/d v000000000117b590, 0, 4;
    ; show_stmt_assign_vector: Get l-value for compressed += operand
    %load/vec4 v000000000117c760_0;
    %pushi/vec4 1, 0, 32;
    %add;
    %store/vec4 v000000000117c760_0, 0, 32;
    %jmp T_4.8;
T_4.9 ;
    %jmp T_4.7;
T_4.6 ;
    %load/vec4 v000000000117b8b0_0;
    %load/vec4 v000000000117d840_0;
    %pad/u 32;
    %add;
    %load/vec4 v000000000117d3e0_0;
    %pad/u 32;
    %sub;
    %assign/vec4 v000000000117b8b0_0, 0;
    %load/vec4 v000000000117b8b0_0;
    %nor/r;
    %flag_set/vec4 8;
    %jmp/0xz  T_4.10, 8;
    %jmp T_4.11;
T_4.10 ;
    %load/vec4 v000000000117e1a0_0;
    %flag_set/vec4 8;
    %jmp/0xz  T_4.12, 8;
    %ix/getv 4, v000000000117d660_0;
    %load/vec4a v000000000117b590, 4;
    %nor/r;
    %flag_set/vec4 8;
    %jmp/0xz  T_4.14, 8;
    %jmp T_4.15;
T_4.14 ;
    %load/vec4 v00000000010e5750_0;
    %addi 1, 0, 32;
    %pushi/vec4 32, 0, 32;
    %mod;
    %assign/vec4 v00000000010e5750_0, 0;
T_4.15 ;
    %jmp T_4.13;
T_4.12 ;
    %load/vec4 v000000000117d5c0_0;
    %flag_set/vec4 8;
    %jmp/0xz  T_4.16, 8;
    %ix/getv 4, v000000000117d660_0;
    %load/vec4a v000000000117b590, 4;
    %nor/r;
    %flag_set/vec4 8;
    %jmp/0xz  T_4.18, 8;
    %jmp T_4.19;
T_4.18 ;
    %load/vec4 v00000000010e5750_0;
    %addi 1, 0, 32;
    %pushi/vec4 32, 0, 32;
    %mod;
    %assign/vec4 v00000000010e5750_0, 0;
T_4.19 ;
    %jmp T_4.17;
T_4.16 ;
    %ix/getv 4, v000000000117d660_0;
    %load/vec4a v000000000117b590, 4;
    %nor/r;
    %flag_set/vec4 8;
    %jmp/0xz  T_4.20, 8;
    %jmp T_4.21;
T_4.20 ;
    %load/vec4 v00000000010e5750_0;
    %addi 1, 0, 32;
    %pushi/vec4 32, 0, 32;
    %mod;
    %assign/vec4 v00000000010e5750_0, 0;
T_4.21 ;
T_4.17 ;
T_4.13 ;
T_4.11 ;
    %load/vec4 v000000000117cd00_0;
    %flag_set/vec4 8;
    %jmp/0xz  T_4.22, 8;
    %load/vec4 v00000000010e5890_0;
    %assign/vec4 v00000000010e57f0_0, 0;
    %load/vec4 v000000000117b270_0;
    %ix/getv 3, v000000000117c800_0;
    %ix/load 4, 0, 0; Constant delay
    %assign/vec4/a/d v000000000117b3b0, 0, 4;
    %load/vec4 v000000000117b1d0_0;
    %ix/getv 3, v000000000117c800_0;
    %ix/load 4, 0, 0; Constant delay
    %assign/vec4/a/d v000000000117bef0, 0, 4;
    %load/vec4 v000000000117b130_0;
    %ix/getv 3, v000000000117c800_0;
    %ix/load 4, 0, 0; Constant delay
    %assign/vec4/a/d v000000000117b950, 0, 4;
    %load/vec4 v000000000117b090_0;
    %pad/u 32;
    %ix/getv 3, v000000000117c800_0;
    %ix/load 4, 0, 0; Constant delay
    %assign/vec4/a/d v000000000117b310, 0, 4;
    %load/vec4 v000000000117bf90_0;
    %ix/getv 3, v000000000117c800_0;
    %ix/load 4, 0, 0; Constant delay
    %assign/vec4/a/d v000000000117b630, 0, 4;
    %load/vec4 v000000000117bb30_0;
    %ix/getv 3, v000000000117c800_0;
    %ix/load 4, 0, 0; Constant delay
    %assign/vec4/a/d v000000000117be50, 0, 4;
    %load/vec4 v000000000117b9f0_0;
    %ix/getv 3, v000000000117c800_0;
    %ix/load 4, 0, 0; Constant delay
    %assign/vec4/a/d v000000000117b590, 0, 4;
T_4.22 ;
    %load/vec4 v000000000117b6d0_0;
    %ix/getv 3, v000000000117e100_0;
    %ix/load 4, 0, 0; Constant delay
    %assign/vec4/a/d v000000000117bd10, 0, 4;
    %load/vec4 v000000000117b450_0;
    %ix/getv 3, v000000000117e100_0;
    %ix/load 4, 0, 0; Constant delay
    %assign/vec4/a/d v000000000117b590, 0, 4;
    %load/vec4 v000000000117bbd0_0;
    %ix/getv 3, v000000000117e100_0;
    %ix/load 4, 0, 0; Constant delay
    %assign/vec4/a/d v000000000117b630, 0, 4;
T_4.7 ;
T_4.5 ;
T_4.1 ;
    %load/vec4 v000000000117d7a0_0;
    %flag_set/vec4 8;
    %jmp/0xz  T_4.24, 8;
    %load/vec4 v000000000117b770_0;
    %ix/getv 3, v000000000117e060_0;
    %ix/load 4, 0, 0; Constant delay
    %assign/vec4/a/d v000000000117bd10, 0, 4;
    %load/vec4 v000000000117ba90_0;
    %ix/getv 3, v000000000117e060_0;
    %ix/load 4, 0, 0; Constant delay
    %assign/vec4/a/d v000000000117b590, 0, 4;
T_4.24 ;
    %jmp T_4;
    .thread T_4;
# The file index is used to find the file name in the following table.
:file_names 5;
    "N/A";
    "<interactive>";
    "ROB.v";
    "/RISCV-CPU/CPU/src/func/IsBranch.v";
    "/RISCV-CPU/CPU/src/func/IsStore.v";
