#! /usr/local/iverilog/bin/vvp
:ivl_version "11.0 (devel)" "(s20150603-642-g3bdb50da)";
:ivl_delay_selection "TYPICAL";
:vpi_time_precision + 0;
:vpi_module "system";
:vpi_module "vhdl_sys";
:vpi_module "vhdl_textio";
:vpi_module "v2005_math";
:vpi_module "va_math";
S_000000000086a8d0 .scope module, "dual_port_ram_sync" "dual_port_ram_sync" 2 29;
 .timescale 0 0;
    .port_info 0 /INPUT 1 "clk";
    .port_info 1 /INPUT 1 "we";
    .port_info 2 /INPUT 6 "addr_a";
    .port_info 3 /INPUT 6 "addr_b";
    .port_info 4 /INPUT 8 "din_a";
    .port_info 5 /OUTPUT 8 "dout_a";
    .port_info 6 /OUTPUT 8 "dout_b";
P_00000000008436e0 .param/l "ADDR_WIDTH" 0 2 31, +C4<00000000000000000000000000000110>;
P_0000000000843718 .param/l "DATA_WIDTH" 0 2 32, +C4<00000000000000000000000000001000>;
L_000000000086ab00 .functor BUFZ 8, L_00000000008ce2a0, C4<00000000>, C4<00000000>, C4<00000000>;
L_0000000000843350 .functor BUFZ 8, L_00000000008ce200, C4<00000000>, C4<00000000>, C4<00000000>;
v000000000086aa60_0 .net *"_s0", 7 0, L_00000000008ce2a0;  1 drivers
v0000000000843120_0 .net *"_s10", 7 0, L_00000000008cdb20;  1 drivers
L_00000000008cf090 .functor BUFT 1, C4<00>, C4<0>, C4<0>, C4<0>;
v0000000000873470_0 .net *"_s13", 1 0, L_00000000008cf090;  1 drivers
v0000000000872ed0_0 .net *"_s2", 7 0, L_00000000008cdd00;  1 drivers
L_00000000008cf048 .functor BUFT 1, C4<00>, C4<0>, C4<0>, C4<0>;
v0000000000872e30_0 .net *"_s5", 1 0, L_00000000008cf048;  1 drivers
v0000000000872bb0_0 .net *"_s8", 7 0, L_00000000008ce200;  1 drivers
o000000000087c0c8 .functor BUFZ 6, C4<zzzzzz>; HiZ drive
v0000000000872890_0 .net "addr_a", 5 0, o000000000087c0c8;  0 drivers
o000000000087c0f8 .functor BUFZ 6, C4<zzzzzz>; HiZ drive
v00000000008727f0_0 .net "addr_b", 5 0, o000000000087c0f8;  0 drivers
o000000000087c128 .functor BUFZ 1, C4<z>; HiZ drive
v00000000008729d0_0 .net "clk", 0 0, o000000000087c128;  0 drivers
o000000000087c158 .functor BUFZ 8, C4<zzzzzzzz>; HiZ drive
v0000000000872c50_0 .net "din_a", 7 0, o000000000087c158;  0 drivers
v00000000008735b0_0 .net "dout_a", 7 0, L_000000000086ab00;  1 drivers
v0000000000873510_0 .net "dout_b", 7 0, L_0000000000843350;  1 drivers
v0000000000872930_0 .var "q_addr_a", 5 0;
v00000000008736f0_0 .var "q_addr_b", 5 0;
v00000000008730b0 .array "ram", 0 63, 7 0;
o000000000087c248 .functor BUFZ 1, C4<z>; HiZ drive
v00000000008731f0_0 .net "we", 0 0, o000000000087c248;  0 drivers
E_000000000124ba60 .event posedge, v00000000008729d0_0;
L_00000000008ce2a0 .array/port v00000000008730b0, L_00000000008cdd00;
L_00000000008cdd00 .concat [ 6 2 0 0], v0000000000872930_0, L_00000000008cf048;
L_00000000008ce200 .array/port v00000000008730b0, L_00000000008cdb20;
L_00000000008cdb20 .concat [ 6 2 0 0], v00000000008736f0_0, L_00000000008cf090;
S_0000000000876bc0 .scope module, "single_port_ram_sync" "single_port_ram_sync" 2 62;
 .timescale 0 0;
    .port_info 0 /INPUT 1 "clk";
    .port_info 1 /INPUT 1 "we";
    .port_info 2 /INPUT 6 "addr_a";
    .port_info 3 /INPUT 8 "din_a";
    .port_info 4 /OUTPUT 8 "dout_a";
P_000000000124ef00 .param/l "ADDR_WIDTH" 0 2 64, +C4<00000000000000000000000000000110>;
P_000000000124ef38 .param/l "DATA_WIDTH" 0 2 65, +C4<00000000000000000000000000001000>;
L_0000000000876d50 .functor BUFZ 8, L_00000000008cd1c0, C4<00000000>, C4<00000000>, C4<00000000>;
v0000000000872a70_0 .net *"_s0", 7 0, L_00000000008cd1c0;  1 drivers
v0000000000873330_0 .net *"_s2", 7 0, L_00000000008cdc60;  1 drivers
L_00000000008cf0d8 .functor BUFT 1, C4<00>, C4<0>, C4<0>, C4<0>;
v0000000000873650_0 .net *"_s5", 1 0, L_00000000008cf0d8;  1 drivers
o000000000087c458 .functor BUFZ 6, C4<zzzzzz>; HiZ drive
v0000000000872f70_0 .net "addr_a", 5 0, o000000000087c458;  0 drivers
o000000000087c488 .functor BUFZ 1, C4<z>; HiZ drive
v0000000000873010_0 .net "clk", 0 0, o000000000087c488;  0 drivers
o000000000087c4b8 .functor BUFZ 8, C4<zzzzzzzz>; HiZ drive
v0000000000872b10_0 .net "din_a", 7 0, o000000000087c4b8;  0 drivers
v0000000000872cf0_0 .net "dout_a", 7 0, L_0000000000876d50;  1 drivers
v0000000000872d90_0 .var/i "i", 31 0;
v0000000000873150_0 .var "q_addr_a", 5 0;
v0000000000873290 .array "ram", 0 63, 7 0;
o000000000087c578 .functor BUFZ 1, C4<z>; HiZ drive
v00000000008733d0_0 .net "we", 0 0, o000000000087c578;  0 drivers
E_000000000124b660 .event posedge, v0000000000873010_0;
L_00000000008cd1c0 .array/port v0000000000873290, L_00000000008cdc60;
L_00000000008cdc60 .concat [ 6 2 0 0], v0000000000873150_0, L_00000000008cf0d8;
    .scope S_000000000086a8d0;
T_0 ;
    %wait E_000000000124ba60;
    %load/vec4 v00000000008731f0_0;
    %flag_set/vec4 8;
    %jmp/0xz  T_0.0, 8;
    %load/vec4 v0000000000872c50_0;
    %load/vec4 v0000000000872890_0;
    %pad/u 8;
    %ix/vec4 3;
    %ix/load 4, 0, 0; Constant delay
    %assign/vec4/a/d v00000000008730b0, 0, 4;
T_0.0 ;
    %load/vec4 v0000000000872890_0;
    %assign/vec4 v0000000000872930_0, 0;
    %load/vec4 v00000000008727f0_0;
    %assign/vec4 v00000000008736f0_0, 0;
    %jmp T_0;
    .thread T_0;
    .scope S_0000000000876bc0;
T_1 ;
    %wait E_000000000124b660;
    %load/vec4 v00000000008733d0_0;
    %flag_set/vec4 8;
    %jmp/0xz  T_1.0, 8;
    %load/vec4 v0000000000872b10_0;
    %load/vec4 v0000000000872f70_0;
    %pad/u 8;
    %ix/vec4 3;
    %ix/load 4, 0, 0; Constant delay
    %assign/vec4/a/d v0000000000873290, 0, 4;
T_1.0 ;
    %load/vec4 v0000000000872f70_0;
    %assign/vec4 v0000000000873150_0, 0;
    %jmp T_1;
    .thread T_1;
    .scope S_0000000000876bc0;
T_2 ;
    %pushi/vec4 0, 0, 32;
    %store/vec4 v0000000000872d90_0, 0, 32;
T_2.0 ;
    %load/vec4 v0000000000872d90_0;
    %cmpi/s 64, 0, 32;
    %jmp/0xz T_2.1, 5;
    %pushi/vec4 0, 0, 8;
    %ix/getv/s 4, v0000000000872d90_0;
    %store/vec4a v0000000000873290, 4, 0;
    %load/vec4 v0000000000872d90_0;
    %addi 1, 0, 32;
    %store/vec4 v0000000000872d90_0, 0, 32;
    %jmp T_2.0;
T_2.1 ;
    %vpi_call 2 93 "$readmemh", "/RISCV-CPU/CPU/test/test.data", v0000000000873290 {0 0 0};
    %end;
    .thread T_2;
# The file index is used to find the file name in the following table.
:file_names 3;
    "N/A";
    "<interactive>";
    "block_ram.v";
