#! /usr/local/iverilog/bin/vvp
:ivl_version "11.0 (devel)" "(s20150603-642-g3bdb50da)";
:ivl_delay_selection "TYPICAL";
:vpi_time_precision + 0;
:vpi_module "system";
:vpi_module "vhdl_sys";
:vpi_module "vhdl_textio";
:vpi_module "v2005_math";
:vpi_module "va_math";
S_000000000105c100 .scope module, "hci" "hci" 2 36;
 .timescale 0 0;
    .port_info 0 /INPUT 1 "clk";
    .port_info 1 /INPUT 1 "rst";
    .port_info 2 /OUTPUT 1 "tx";
    .port_info 3 /INPUT 1 "rx";
    .port_info 4 /OUTPUT 1 "active";
    .port_info 5 /OUTPUT 1 "ram_wr";
    .port_info 6 /OUTPUT 17 "ram_a";
    .port_info 7 /INPUT 8 "ram_din";
    .port_info 8 /OUTPUT 8 "ram_dout";
    .port_info 9 /INPUT 3 "io_sel";
    .port_info 10 /INPUT 1 "io_en";
    .port_info 11 /INPUT 8 "io_din";
    .port_info 12 /OUTPUT 8 "io_dout";
    .port_info 13 /INPUT 1 "io_wr";
    .port_info 14 /OUTPUT 1 "io_full";
    .port_info 15 /OUTPUT 1 "program_finish";
    .port_info 16 /INPUT 32 "cpu_dbgreg_din";
P_000000000110e180 .param/l "BAUD_RATE" 0 2 40, +C4<00000000000000011100001000000000>;
P_000000000110e1b8 .param/l "DBG_UART_PARITY_ERR" 1 2 78, +C4<00000000000000000000000000000000>;
P_000000000110e1f0 .param/l "DBG_UNKNOWN_OPCODE" 1 2 79, +C4<00000000000000000000000000000001>;
P_000000000110e228 .param/l "IO_IN_BUF_WIDTH" 1 2 117, +C4<00000000000000000000000000001010>;
P_000000000110e260 .param/l "OP_CPU_REG_RD" 1 2 66, C4<00000001>;
P_000000000110e298 .param/l "OP_CPU_REG_WR" 1 2 67, C4<00000010>;
P_000000000110e2d0 .param/l "OP_DBG_BRK" 1 2 68, C4<00000011>;
P_000000000110e308 .param/l "OP_DBG_RUN" 1 2 69, C4<00000100>;
P_000000000110e340 .param/l "OP_DISABLE" 1 2 75, C4<00001011>;
P_000000000110e378 .param/l "OP_ECHO" 1 2 65, C4<00000000>;
P_000000000110e3b0 .param/l "OP_IO_IN" 1 2 70, C4<00000101>;
P_000000000110e3e8 .param/l "OP_MEM_RD" 1 2 73, C4<00001001>;
P_000000000110e420 .param/l "OP_MEM_WR" 1 2 74, C4<00001010>;
P_000000000110e458 .param/l "OP_QUERY_DBG_BRK" 1 2 71, C4<00000111>;
P_000000000110e490 .param/l "OP_QUERY_ERR_CODE" 1 2 72, C4<00001000>;
P_000000000110e4c8 .param/l "RAM_ADDR_WIDTH" 0 2 39, +C4<00000000000000000000000000010001>;
P_000000000110e500 .param/l "SYS_CLK_FREQ" 0 2 38, +C4<00000101111101011110000100000000>;
P_000000000110e538 .param/l "S_CPU_REG_RD_STG0" 1 2 88, C4<00110>;
P_000000000110e570 .param/l "S_CPU_REG_RD_STG1" 1 2 89, C4<00111>;
P_000000000110e5a8 .param/l "S_DECODE" 1 2 83, C4<00001>;
P_000000000110e5e0 .param/l "S_DISABLE" 1 2 95, C4<10000>;
P_000000000110e618 .param/l "S_DISABLED" 1 2 82, C4<00000>;
P_000000000110e650 .param/l "S_ECHO_STG_0" 1 2 84, C4<00010>;
P_000000000110e688 .param/l "S_ECHO_STG_1" 1 2 85, C4<00011>;
P_000000000110e6c0 .param/l "S_IO_IN_STG_0" 1 2 86, C4<00100>;
P_000000000110e6f8 .param/l "S_IO_IN_STG_1" 1 2 87, C4<00101>;
P_000000000110e730 .param/l "S_MEM_RD_STG_0" 1 2 91, C4<01001>;
P_000000000110e768 .param/l "S_MEM_RD_STG_1" 1 2 92, C4<01010>;
P_000000000110e7a0 .param/l "S_MEM_WR_STG_0" 1 2 93, C4<01011>;
P_000000000110e7d8 .param/l "S_MEM_WR_STG_1" 1 2 94, C4<01100>;
P_000000000110e810 .param/l "S_QUERY_ERR_CODE" 1 2 90, C4<01000>;
L_00000000010f7140 .functor BUFZ 1, L_000000000108bcd0, C4<0>, C4<0>, C4<0>;
L_000000000108c600 .functor BUFZ 17, v00000000014b9030_0, C4<00000000000000000>, C4<00000000000000000>, C4<00000000000000000>;
L_000000000108bf00 .functor BUFZ 8, L_00000000010f75a0, C4<00000000>, C4<00000000>, C4<00000000>;
L_000000000108c360 .functor BUFZ 8, v00000000014babe0_0, C4<00000000>, C4<00000000>, C4<00000000>;
L_00000000014bc3e0 .functor BUFT 1, C4<00000000000000000000000000000001>, C4<0>, C4<0>, C4<0>;
v00000000014b89f0_0 .net/2u *"_s14", 31 0, L_00000000014bc3e0;  1 drivers
v00000000014b93f0_0 .net *"_s16", 31 0, L_00000000014ba6e0;  1 drivers
L_00000000014bc938 .functor BUFT 1, C4<00000>, C4<0>, C4<0>, C4<0>;
v00000000014b8c70_0 .net/2u *"_s20", 4 0, L_00000000014bc938;  1 drivers
v00000000014b9490_0 .net "active", 0 0, L_0000000001516a50;  1 drivers
o00000000014584f8 .functor BUFZ 1, C4<z>; HiZ drive
v00000000014b9850_0 .net "clk", 0 0, o00000000014584f8;  0 drivers
o000000000145ab68 .functor BUFZ 32, C4<zzzzzzzzzzzzzzzzzzzzzzzzzzzzzzzz>; HiZ drive
v00000000014b9d50_0 .net "cpu_dbgreg_din", 31 0, o000000000145ab68;  0 drivers
v00000000014b8310 .array "cpu_dbgreg_seg", 0 3;
v00000000014b8310_0 .net v00000000014b8310 0, 7 0, L_00000000014baf00; 1 drivers
v00000000014b8310_1 .net v00000000014b8310 1, 7 0, L_00000000014ba3c0; 1 drivers
v00000000014b8310_2 .net v00000000014b8310 2, 7 0, L_00000000014ba500; 1 drivers
v00000000014b8310_3 .net v00000000014b8310 3, 7 0, L_00000000014ba280; 1 drivers
v00000000014b8a90_0 .var "d_addr", 16 0;
v00000000014b81d0_0 .net "d_cpu_cycle_cnt", 31 0, L_00000000014bb040;  1 drivers
v00000000014b9f30_0 .var "d_decode_cnt", 2 0;
v00000000014b98f0_0 .var "d_err_code", 1 0;
v00000000014b83b0_0 .var "d_execute_cnt", 16 0;
v00000000014b95d0_0 .var "d_io_dout", 7 0;
v00000000014b9ad0_0 .var "d_io_in_wr_data", 7 0;
v00000000014b9b70_0 .var "d_io_in_wr_en", 0 0;
v00000000014b8450_0 .var "d_program_finish", 0 0;
v00000000014b8db0_0 .var "d_state", 4 0;
v00000000014b9670_0 .var "d_tx_data", 7 0;
v00000000014b9c10_0 .var "d_wr_en", 0 0;
o000000000145ae98 .functor BUFZ 8, C4<zzzzzzzz>; HiZ drive
v00000000014b9cb0_0 .net "io_din", 7 0, o000000000145ae98;  0 drivers
v00000000014b9e90_0 .net "io_dout", 7 0, L_000000000108c360;  1 drivers
o000000000145aef8 .functor BUFZ 1, C4<z>; HiZ drive
v00000000014b8090_0 .net "io_en", 0 0, o000000000145aef8;  0 drivers
v00000000014b84f0_0 .net "io_full", 0 0, L_00000000010f7140;  1 drivers
v00000000014b86d0_0 .net "io_in_empty", 0 0, L_00000000010f6dc0;  1 drivers
v00000000014b8770_0 .net "io_in_full", 0 0, L_00000000010f7220;  1 drivers
v00000000014b8b30_0 .net "io_in_rd_data", 7 0, L_00000000010f74c0;  1 drivers
v00000000014b8810_0 .var "io_in_rd_en", 0 0;
o000000000145af58 .functor BUFZ 3, C4<zzz>; HiZ drive
v00000000014b88b0_0 .net "io_sel", 2 0, o000000000145af58;  0 drivers
o000000000145af88 .functor BUFZ 1, C4<z>; HiZ drive
v00000000014b8bd0_0 .net "io_wr", 0 0, o000000000145af88;  0 drivers
v00000000014b8e50_0 .net "parity_err", 0 0, L_00000000010f7290;  1 drivers
v00000000014b8f90_0 .var "program_finish", 0 0;
v00000000014b9030_0 .var "q_addr", 16 0;
v00000000014bbc20_0 .var "q_cpu_cycle_cnt", 31 0;
v00000000014baa00_0 .var "q_decode_cnt", 2 0;
v00000000014ba960_0 .var "q_err_code", 1 0;
v00000000014bb540_0 .var "q_execute_cnt", 16 0;
v00000000014babe0_0 .var "q_io_dout", 7 0;
v00000000014bb0e0_0 .var "q_io_en", 0 0;
v00000000014bb9a0_0 .var "q_io_in_wr_data", 7 0;
v00000000014ba5a0_0 .var "q_io_in_wr_en", 0 0;
v00000000014ba140_0 .var "q_state", 4 0;
v00000000014bba40_0 .var "q_tx_data", 7 0;
v00000000014bbd60_0 .var "q_wr_en", 0 0;
v00000000014bad20_0 .net "ram_a", 16 0, L_000000000108c600;  1 drivers
o000000000145b198 .functor BUFZ 8, C4<zzzzzzzz>; HiZ drive
v00000000014bbcc0_0 .net "ram_din", 7 0, o000000000145b198;  0 drivers
v00000000014bbb80_0 .net "ram_dout", 7 0, L_000000000108bf00;  1 drivers
v00000000014bbea0_0 .var "ram_wr", 0 0;
v00000000014bb2c0_0 .net "rd_data", 7 0, L_00000000010f75a0;  1 drivers
v00000000014bb5e0_0 .var "rd_en", 0 0;
o00000000014587c8 .functor BUFZ 1, C4<z>; HiZ drive
v00000000014bbe00_0 .net "rst", 0 0, o00000000014587c8;  0 drivers
o0000000001459038 .functor BUFZ 1, C4<z>; HiZ drive
v00000000014ba460_0 .net "rx", 0 0, o0000000001459038;  0 drivers
v00000000014bb400_0 .net "rx_empty", 0 0, L_00000000010f6ce0;  1 drivers
v00000000014baaa0_0 .net "tx", 0 0, L_00000000010f6960;  1 drivers
v00000000014ba640_0 .net "tx_full", 0 0, L_000000000108bcd0;  1 drivers
E_00000000010fd220/0 .event edge, v00000000014ba140_0, v00000000014baa00_0, v00000000014bb540_0, v00000000014b9030_0;
E_00000000010fd220/1 .event edge, v00000000014ba960_0, v00000000014b92b0_0, v00000000014bb0e0_0, v00000000014b8090_0;
E_00000000010fd220/2 .event edge, v00000000014b8bd0_0, v00000000014b88b0_0, v00000000014b7980_0, v00000000014b9cb0_0;
E_00000000010fd220/3 .event edge, v00000000010f0010_0, v00000000014b5470_0, v00000000010ee850_0, v00000000014b5ab0_0;
E_00000000010fd220/4 .event edge, v00000000014b83b0_0, v00000000014b8310_0, v00000000014b8310_1, v00000000014b8310_2;
E_00000000010fd220/5 .event edge, v00000000014b8310_3, v00000000014bbcc0_0;
E_00000000010fd220 .event/or E_00000000010fd220/0, E_00000000010fd220/1, E_00000000010fd220/2, E_00000000010fd220/3, E_00000000010fd220/4, E_00000000010fd220/5;
E_00000000010ff0e0/0 .event edge, v00000000014b8090_0, v00000000014b8bd0_0, v00000000014b88b0_0, v000000000100c800_0;
E_00000000010ff0e0/1 .event edge, v00000000014bbc20_0;
E_00000000010ff0e0 .event/or E_00000000010ff0e0/0, E_00000000010ff0e0/1;
L_00000000014ba280 .part o000000000145ab68, 24, 8;
L_00000000014ba500 .part o000000000145ab68, 16, 8;
L_00000000014ba3c0 .part o000000000145ab68, 8, 8;
L_00000000014baf00 .part o000000000145ab68, 0, 8;
L_00000000014ba6e0 .arith/sum 32, v00000000014bbc20_0, L_00000000014bc3e0;
L_00000000014bb040 .functor MUXZ 32, L_00000000014ba6e0, v00000000014bbc20_0, L_0000000001516a50, C4<>;
L_0000000001516a50 .cmp/ne 5, v00000000014ba140_0, L_00000000014bc938;
S_0000000001075be0 .scope module, "io_in_fifo" "fifo" 2 129, 3 27 0, S_000000000105c100;
 .timescale 0 0;
    .port_info 0 /INPUT 1 "clk";
    .port_info 1 /INPUT 1 "reset";
    .port_info 2 /INPUT 1 "rd_en";
    .port_info 3 /INPUT 1 "wr_en";
    .port_info 4 /INPUT 8 "wr_data";
    .port_info 5 /OUTPUT 8 "rd_data";
    .port_info 6 /OUTPUT 1 "full";
    .port_info 7 /OUTPUT 1 "empty";
P_00000000010a9150 .param/l "ADDR_BITS" 0 3 30, +C4<00000000000000000000000000001010>;
P_00000000010a9188 .param/l "DATA_BITS" 0 3 29, +C4<00000000000000000000000000001000>;
L_00000000010f71b0 .functor AND 1, v00000000014b8810_0, L_00000000014bab40, C4<1>, C4<1>;
L_00000000010f7060 .functor AND 1, v00000000014ba5a0_0, L_00000000014bb7c0, C4<1>, C4<1>;
L_00000000010f6ea0 .functor AND 1, v00000000010eefd0_0, L_00000000014bafa0, C4<1>, C4<1>;
L_00000000010f73e0 .functor AND 1, L_00000000014ba320, L_00000000010f71b0, C4<1>, C4<1>;
L_00000000010f6a40 .functor OR 1, L_00000000010f6ea0, L_00000000010f73e0, C4<0>, C4<0>;
L_00000000010f7450 .functor AND 1, v00000000010ef4d0_0, L_00000000014ba780, C4<1>, C4<1>;
L_00000000010f68f0 .functor AND 1, L_00000000014bb720, L_00000000010f7060, C4<1>, C4<1>;
L_00000000010f70d0 .functor OR 1, L_00000000010f7450, L_00000000010f68f0, C4<0>, C4<0>;
L_00000000010f74c0 .functor BUFZ 8, L_00000000014bb220, C4<00000000>, C4<00000000>, C4<00000000>;
L_00000000010f7220 .functor BUFZ 1, v00000000010ef4d0_0, C4<0>, C4<0>, C4<0>;
L_00000000010f6dc0 .functor BUFZ 1, v00000000010eefd0_0, C4<0>, C4<0>, C4<0>;
v00000000010ee670_0 .net *"_s1", 0 0, L_00000000014bab40;  1 drivers
v00000000010f0290_0 .net *"_s10", 9 0, L_00000000014bbae0;  1 drivers
v00000000010ef9d0_0 .net *"_s14", 7 0, L_00000000014bbf40;  1 drivers
v00000000010ee710_0 .net *"_s16", 11 0, L_00000000014badc0;  1 drivers
L_00000000014bc2c0 .functor BUFT 1, C4<00>, C4<0>, C4<0>, C4<0>;
v00000000010f0150_0 .net *"_s19", 1 0, L_00000000014bc2c0;  1 drivers
L_00000000014bc308 .functor BUFT 1, C4<0000000001>, C4<0>, C4<0>, C4<0>;
v00000000010eea30_0 .net/2u *"_s22", 9 0, L_00000000014bc308;  1 drivers
v00000000010efa70_0 .net *"_s24", 9 0, L_00000000014ba1e0;  1 drivers
v00000000010efed0_0 .net *"_s31", 0 0, L_00000000014bafa0;  1 drivers
v00000000010efb10_0 .net *"_s32", 0 0, L_00000000010f6ea0;  1 drivers
v00000000010eead0_0 .net *"_s34", 9 0, L_00000000014ba820;  1 drivers
v00000000010ef750_0 .net *"_s36", 0 0, L_00000000014ba320;  1 drivers
v00000000010ef610_0 .net *"_s38", 0 0, L_00000000010f73e0;  1 drivers
v00000000010ef390_0 .net *"_s43", 0 0, L_00000000014ba780;  1 drivers
v00000000010f01f0_0 .net *"_s44", 0 0, L_00000000010f7450;  1 drivers
v00000000010efbb0_0 .net *"_s46", 9 0, L_00000000014bb680;  1 drivers
v00000000010efd90_0 .net *"_s48", 0 0, L_00000000014bb720;  1 drivers
v00000000010efcf0_0 .net *"_s5", 0 0, L_00000000014bb7c0;  1 drivers
v00000000010ef6b0_0 .net *"_s50", 0 0, L_00000000010f68f0;  1 drivers
v00000000010eff70_0 .net *"_s54", 7 0, L_00000000014bb220;  1 drivers
v00000000010f0330_0 .net *"_s56", 11 0, L_00000000014bae60;  1 drivers
L_00000000014bc398 .functor BUFT 1, C4<00>, C4<0>, C4<0>, C4<0>;
v00000000010ef2f0_0 .net *"_s59", 1 0, L_00000000014bc398;  1 drivers
L_00000000014bc278 .functor BUFT 1, C4<0000000001>, C4<0>, C4<0>, C4<0>;
v00000000010f03d0_0 .net/2u *"_s8", 9 0, L_00000000014bc278;  1 drivers
L_00000000014bc350 .functor BUFT 1, C4<0000000001>, C4<0>, C4<0>, C4<0>;
v00000000010ee7b0_0 .net "addr_bits_wide_1", 9 0, L_00000000014bc350;  1 drivers
v00000000010eecb0_0 .net "clk", 0 0, o00000000014584f8;  alias, 0 drivers
v00000000010f0470_0 .net "d_data", 7 0, L_00000000014ba0a0;  1 drivers
v00000000010ef110_0 .net "d_empty", 0 0, L_00000000010f6a40;  1 drivers
v00000000010eec10_0 .net "d_full", 0 0, L_00000000010f70d0;  1 drivers
v00000000010eee90_0 .net "d_rd_ptr", 9 0, L_00000000014bb180;  1 drivers
v00000000010ef430_0 .net "d_wr_ptr", 9 0, L_00000000014bac80;  1 drivers
v00000000010f0010_0 .net "empty", 0 0, L_00000000010f6dc0;  alias, 1 drivers
v00000000010ee850_0 .net "full", 0 0, L_00000000010f7220;  alias, 1 drivers
v00000000010eef30 .array "q_data_array", 0 1023, 7 0;
v00000000010eefd0_0 .var "q_empty", 0 0;
v00000000010ef4d0_0 .var "q_full", 0 0;
v00000000010ef570_0 .var "q_rd_ptr", 9 0;
v000000000100c760_0 .var "q_wr_ptr", 9 0;
v000000000100c800_0 .net "rd_data", 7 0, L_00000000010f74c0;  alias, 1 drivers
v000000000100cb20_0 .net "rd_en", 0 0, v00000000014b8810_0;  1 drivers
v000000000100cbc0_0 .net "rd_en_prot", 0 0, L_00000000010f71b0;  1 drivers
v00000000010e7000_0 .net "reset", 0 0, o00000000014587c8;  alias, 0 drivers
v00000000014b3000_0 .net "wr_data", 7 0, v00000000014bb9a0_0;  1 drivers
v00000000014b2240_0 .net "wr_en", 0 0, v00000000014ba5a0_0;  1 drivers
v00000000014b3e60_0 .net "wr_en_prot", 0 0, L_00000000010f7060;  1 drivers
E_00000000010feee0 .event posedge, v00000000010eecb0_0;
L_00000000014bab40 .reduce/nor v00000000010eefd0_0;
L_00000000014bb7c0 .reduce/nor v00000000010ef4d0_0;
L_00000000014bbae0 .arith/sum 10, v000000000100c760_0, L_00000000014bc278;
L_00000000014bac80 .functor MUXZ 10, v000000000100c760_0, L_00000000014bbae0, L_00000000010f7060, C4<>;
L_00000000014bbf40 .array/port v00000000010eef30, L_00000000014badc0;
L_00000000014badc0 .concat [ 10 2 0 0], v000000000100c760_0, L_00000000014bc2c0;
L_00000000014ba0a0 .functor MUXZ 8, L_00000000014bbf40, v00000000014bb9a0_0, L_00000000010f7060, C4<>;
L_00000000014ba1e0 .arith/sum 10, v00000000010ef570_0, L_00000000014bc308;
L_00000000014bb180 .functor MUXZ 10, v00000000010ef570_0, L_00000000014ba1e0, L_00000000010f71b0, C4<>;
L_00000000014bafa0 .reduce/nor L_00000000010f7060;
L_00000000014ba820 .arith/sub 10, v000000000100c760_0, v00000000010ef570_0;
L_00000000014ba320 .cmp/eq 10, L_00000000014ba820, L_00000000014bc350;
L_00000000014ba780 .reduce/nor L_00000000010f71b0;
L_00000000014bb680 .arith/sub 10, v00000000010ef570_0, v000000000100c760_0;
L_00000000014bb720 .cmp/eq 10, L_00000000014bb680, L_00000000014bc350;
L_00000000014bb220 .array/port v00000000010eef30, L_00000000014bae60;
L_00000000014bae60 .concat [ 10 2 0 0], v00000000010ef570_0, L_00000000014bc398;
S_0000000001075d70 .scope module, "uart_blk" "uart" 2 196, 4 28 0, S_000000000105c100;
 .timescale 0 0;
    .port_info 0 /INPUT 1 "clk";
    .port_info 1 /INPUT 1 "reset";
    .port_info 2 /INPUT 1 "rx";
    .port_info 3 /INPUT 8 "tx_data";
    .port_info 4 /INPUT 1 "rd_en";
    .port_info 5 /INPUT 1 "wr_en";
    .port_info 6 /OUTPUT 1 "tx";
    .port_info 7 /OUTPUT 8 "rx_data";
    .port_info 8 /OUTPUT 1 "rx_empty";
    .port_info 9 /OUTPUT 1 "tx_full";
    .port_info 10 /OUTPUT 1 "parity_err";
P_0000000001086330 .param/l "BAUD_CLK_OVERSAMPLE_RATE" 1 4 50, +C4<00000000000000000000000000010000>;
P_0000000001086368 .param/l "BAUD_RATE" 0 4 31, +C4<00000000000000011100001000000000>;
P_00000000010863a0 .param/l "DATA_BITS" 0 4 32, +C4<00000000000000000000000000001000>;
P_00000000010863d8 .param/l "PARITY_MODE" 0 4 34, +C4<00000000000000000000000000000001>;
P_0000000001086410 .param/l "STOP_BITS" 0 4 33, +C4<00000000000000000000000000000001>;
P_0000000001086448 .param/l "SYS_CLK_FREQ" 0 4 30, +C4<00000101111101011110000100000000>;
L_00000000010f7290 .functor BUFZ 1, v00000000014b8590_0, C4<0>, C4<0>, C4<0>;
L_00000000010f67a0 .functor OR 1, v00000000014b8590_0, v00000000014b3460_0, C4<0>, C4<0>;
L_00000000010f6ff0 .functor NOT 1, L_000000000108be20, C4<0>, C4<0>, C4<0>;
v00000000014b6a80_0 .net "baud_clk_tick", 0 0, L_00000000015158d0;  1 drivers
v00000000014b6b20_0 .net "clk", 0 0, o00000000014584f8;  alias, 0 drivers
v00000000014b9710_0 .net "d_rx_parity_err", 0 0, L_00000000010f67a0;  1 drivers
v00000000014b92b0_0 .net "parity_err", 0 0, L_00000000010f7290;  alias, 1 drivers
v00000000014b8590_0 .var "q_rx_parity_err", 0 0;
v00000000014b97b0_0 .net "rd_en", 0 0, v00000000014bb5e0_0;  1 drivers
v00000000014b8950_0 .net "reset", 0 0, o00000000014587c8;  alias, 0 drivers
v00000000014b9170_0 .net "rx", 0 0, o0000000001459038;  alias, 0 drivers
v00000000014b9530_0 .net "rx_data", 7 0, L_00000000010f75a0;  alias, 1 drivers
v00000000014b8ef0_0 .net "rx_done_tick", 0 0, v00000000014b21a0_0;  1 drivers
v00000000014b90d0_0 .net "rx_empty", 0 0, L_00000000010f6ce0;  alias, 1 drivers
v00000000014b9990_0 .net "rx_fifo_wr_data", 7 0, v00000000014b2100_0;  1 drivers
v00000000014b8630_0 .net "rx_parity_err", 0 0, v00000000014b3460_0;  1 drivers
v00000000014b8130_0 .net "tx", 0 0, L_00000000010f6960;  alias, 1 drivers
v00000000014b9210_0 .net "tx_data", 7 0, v00000000014bba40_0;  1 drivers
v00000000014b9df0_0 .net "tx_done_tick", 0 0, v00000000014b4430_0;  1 drivers
v00000000014b9a30_0 .net "tx_fifo_empty", 0 0, L_000000000108be20;  1 drivers
v00000000014b9350_0 .net "tx_fifo_rd_data", 7 0, L_000000000108c4b0;  1 drivers
v00000000014b8d10_0 .net "tx_full", 0 0, L_000000000108bcd0;  alias, 1 drivers
v00000000014b8270_0 .net "wr_en", 0 0, v00000000014bbd60_0;  1 drivers
S_0000000001022e20 .scope module, "uart_baud_clk_blk" "uart_baud_clk" 4 80, 5 29 0, S_0000000001075d70;
 .timescale 0 0;
    .port_info 0 /INPUT 1 "clk";
    .port_info 1 /INPUT 1 "reset";
    .port_info 2 /OUTPUT 1 "baud_clk_tick";
P_0000000001022fb0 .param/l "BAUD" 0 5 32, +C4<00000000000000011100001000000000>;
P_0000000001022fe8 .param/l "BAUD_CLK_OVERSAMPLE_RATE" 0 5 33, +C4<00000000000000000000000000010000>;
P_0000000001023020 .param/l "CLKS_PER_OVERSAMPLE_TICK" 1 5 41, C4<0000000000110110>;
P_0000000001023058 .param/l "SYS_CLK_FREQ" 0 5 31, +C4<00000101111101011110000100000000>;
v00000000014b3280_0 .net *"_s0", 31 0, L_00000000014ba8c0;  1 drivers
L_00000000014bc500 .functor BUFT 1, C4<0000000000000001>, C4<0>, C4<0>, C4<0>;
v00000000014b24c0_0 .net/2u *"_s10", 15 0, L_00000000014bc500;  1 drivers
v00000000014b2ce0_0 .net *"_s12", 15 0, L_00000000014bb4a0;  1 drivers
v00000000014b36e0_0 .net *"_s16", 31 0, L_00000000014bb900;  1 drivers
L_00000000014bc548 .functor BUFT 1, C4<0000000000000000>, C4<0>, C4<0>, C4<0>;
v00000000014b27e0_0 .net *"_s19", 15 0, L_00000000014bc548;  1 drivers
L_00000000014bc590 .functor BUFT 1, C4<00000000000000000000000000110101>, C4<0>, C4<0>, C4<0>;
v00000000014b2920_0 .net/2u *"_s20", 31 0, L_00000000014bc590;  1 drivers
v00000000014b2d80_0 .net *"_s22", 0 0, L_0000000001515470;  1 drivers
L_00000000014bc5d8 .functor BUFT 1, C4<1>, C4<0>, C4<0>, C4<0>;
v00000000014b2560_0 .net/2u *"_s24", 0 0, L_00000000014bc5d8;  1 drivers
L_00000000014bc620 .functor BUFT 1, C4<0>, C4<0>, C4<0>, C4<0>;
v00000000014b2a60_0 .net/2u *"_s26", 0 0, L_00000000014bc620;  1 drivers
L_00000000014bc428 .functor BUFT 1, C4<0000000000000000>, C4<0>, C4<0>, C4<0>;
v00000000014b2b00_0 .net *"_s3", 15 0, L_00000000014bc428;  1 drivers
L_00000000014bc470 .functor BUFT 1, C4<00000000000000000000000000110101>, C4<0>, C4<0>, C4<0>;
v00000000014b2060_0 .net/2u *"_s4", 31 0, L_00000000014bc470;  1 drivers
v00000000014b3c80_0 .net *"_s6", 0 0, L_00000000014bb360;  1 drivers
L_00000000014bc4b8 .functor BUFT 1, C4<0000000000000000>, C4<0>, C4<0>, C4<0>;
v00000000014b3be0_0 .net/2u *"_s8", 15 0, L_00000000014bc4b8;  1 drivers
v00000000014b3d20_0 .net "baud_clk_tick", 0 0, L_00000000015158d0;  alias, 1 drivers
v00000000014b2ba0_0 .net "clk", 0 0, o00000000014584f8;  alias, 0 drivers
v00000000014b2c40_0 .net "d_cnt", 15 0, L_00000000014bb860;  1 drivers
v00000000014b2e20_0 .var "q_cnt", 15 0;
v00000000014b2ec0_0 .net "reset", 0 0, o00000000014587c8;  alias, 0 drivers
E_00000000010ff520 .event posedge, v00000000010e7000_0, v00000000010eecb0_0;
L_00000000014ba8c0 .concat [ 16 16 0 0], v00000000014b2e20_0, L_00000000014bc428;
L_00000000014bb360 .cmp/eq 32, L_00000000014ba8c0, L_00000000014bc470;
L_00000000014bb4a0 .arith/sum 16, v00000000014b2e20_0, L_00000000014bc500;
L_00000000014bb860 .functor MUXZ 16, L_00000000014bb4a0, L_00000000014bc4b8, L_00000000014bb360, C4<>;
L_00000000014bb900 .concat [ 16 16 0 0], v00000000014b2e20_0, L_00000000014bc548;
L_0000000001515470 .cmp/eq 32, L_00000000014bb900, L_00000000014bc590;
L_00000000015158d0 .functor MUXZ 1, L_00000000014bc620, L_00000000014bc5d8, L_0000000001515470, C4<>;
S_000000000105afc0 .scope module, "uart_rx_blk" "uart_rx" 4 91, 6 28 0, S_0000000001075d70;
 .timescale 0 0;
    .port_info 0 /INPUT 1 "clk";
    .port_info 1 /INPUT 1 "reset";
    .port_info 2 /INPUT 1 "baud_clk_tick";
    .port_info 3 /INPUT 1 "rx";
    .port_info 4 /OUTPUT 8 "rx_data";
    .port_info 5 /OUTPUT 1 "rx_done_tick";
    .port_info 6 /OUTPUT 1 "parity_err";
P_000000000105b150 .param/l "BAUD_CLK_OVERSAMPLE_RATE" 0 6 33, +C4<00000000000000000000000000010000>;
P_000000000105b188 .param/l "DATA_BITS" 0 6 30, +C4<00000000000000000000000000001000>;
P_000000000105b1c0 .param/l "PARITY_MODE" 0 6 32, +C4<00000000000000000000000000000001>;
P_000000000105b1f8 .param/l "STOP_BITS" 0 6 31, +C4<00000000000000000000000000000001>;
P_000000000105b230 .param/l "STOP_OVERSAMPLE_TICKS" 1 6 45, C4<010000>;
P_000000000105b268 .param/l "S_DATA" 1 6 50, C4<00100>;
P_000000000105b2a0 .param/l "S_IDLE" 1 6 48, C4<00001>;
P_000000000105b2d8 .param/l "S_PARITY" 1 6 51, C4<01000>;
P_000000000105b310 .param/l "S_START" 1 6 49, C4<00010>;
P_000000000105b348 .param/l "S_STOP" 1 6 52, C4<10000>;
v00000000014b3f00_0 .net "baud_clk_tick", 0 0, L_00000000015158d0;  alias, 1 drivers
v00000000014b29c0_0 .net "clk", 0 0, o00000000014584f8;  alias, 0 drivers
v00000000014b35a0_0 .var "d_data", 7 0;
v00000000014b3780_0 .var "d_data_bit_idx", 2 0;
v00000000014b31e0_0 .var "d_done_tick", 0 0;
v00000000014b33c0_0 .var "d_oversample_tick_cnt", 3 0;
v00000000014b2f60_0 .var "d_parity_err", 0 0;
v00000000014b3140_0 .var "d_state", 4 0;
v00000000014b2880_0 .net "parity_err", 0 0, v00000000014b3460_0;  alias, 1 drivers
v00000000014b2100_0 .var "q_data", 7 0;
v00000000014b3320_0 .var "q_data_bit_idx", 2 0;
v00000000014b21a0_0 .var "q_done_tick", 0 0;
v00000000014b3dc0_0 .var "q_oversample_tick_cnt", 3 0;
v00000000014b3460_0 .var "q_parity_err", 0 0;
v00000000014b3500_0 .var "q_rx", 0 0;
v00000000014b22e0_0 .var "q_state", 4 0;
v00000000014b2380_0 .net "reset", 0 0, o00000000014587c8;  alias, 0 drivers
v00000000014b30a0_0 .net "rx", 0 0, o0000000001459038;  alias, 0 drivers
v00000000014b3960_0 .net "rx_data", 7 0, v00000000014b2100_0;  alias, 1 drivers
v00000000014b3640_0 .net "rx_done_tick", 0 0, v00000000014b21a0_0;  alias, 1 drivers
E_00000000010fede0/0 .event edge, v00000000014b22e0_0, v00000000014b2100_0, v00000000014b3320_0, v00000000014b3d20_0;
E_00000000010fede0/1 .event edge, v00000000014b3dc0_0, v00000000014b3500_0;
E_00000000010fede0 .event/or E_00000000010fede0/0, E_00000000010fede0/1;
S_0000000001088570 .scope module, "uart_rx_fifo" "fifo" 4 119, 3 27 0, S_0000000001075d70;
 .timescale 0 0;
    .port_info 0 /INPUT 1 "clk";
    .port_info 1 /INPUT 1 "reset";
    .port_info 2 /INPUT 1 "rd_en";
    .port_info 3 /INPUT 1 "wr_en";
    .port_info 4 /INPUT 8 "wr_data";
    .port_info 5 /OUTPUT 8 "rd_data";
    .port_info 6 /OUTPUT 1 "full";
    .port_info 7 /OUTPUT 1 "empty";
P_00000000010a9250 .param/l "ADDR_BITS" 0 3 30, +C4<00000000000000000000000000000011>;
P_00000000010a9288 .param/l "DATA_BITS" 0 3 29, +C4<00000000000000000000000000001000>;
L_00000000010f7300 .functor AND 1, v00000000014bb5e0_0, L_00000000015169b0, C4<1>, C4<1>;
L_00000000010f6b20 .functor AND 1, v00000000014b21a0_0, L_00000000015149d0, C4<1>, C4<1>;
L_00000000010f6c00 .functor AND 1, v00000000014b5290_0, L_0000000001516370, C4<1>, C4<1>;
L_00000000010f6730 .functor AND 1, L_0000000001515150, L_00000000010f7300, C4<1>, C4<1>;
L_00000000010f6880 .functor OR 1, L_00000000010f6c00, L_00000000010f6730, C4<0>, C4<0>;
L_00000000010f6c70 .functor AND 1, v00000000014b4750_0, L_00000000015150b0, C4<1>, C4<1>;
L_00000000010f7370 .functor AND 1, L_0000000001514390, L_00000000010f6b20, C4<1>, C4<1>;
L_00000000010f7530 .functor OR 1, L_00000000010f6c70, L_00000000010f7370, C4<0>, C4<0>;
L_00000000010f75a0 .functor BUFZ 8, L_0000000001514cf0, C4<00000000>, C4<00000000>, C4<00000000>;
L_00000000010f6b90 .functor BUFZ 1, v00000000014b4750_0, C4<0>, C4<0>, C4<0>;
L_00000000010f6ce0 .functor BUFZ 1, v00000000014b5290_0, C4<0>, C4<0>, C4<0>;
v00000000014b3820_0 .net *"_s1", 0 0, L_00000000015169b0;  1 drivers
v00000000014b38c0_0 .net *"_s10", 2 0, L_00000000015151f0;  1 drivers
v00000000014b3a00_0 .net *"_s14", 7 0, L_0000000001516870;  1 drivers
v00000000014b2420_0 .net *"_s16", 4 0, L_0000000001515510;  1 drivers
L_00000000014bc6b0 .functor BUFT 1, C4<00>, C4<0>, C4<0>, C4<0>;
v00000000014b3aa0_0 .net *"_s19", 1 0, L_00000000014bc6b0;  1 drivers
L_00000000014bc6f8 .functor BUFT 1, C4<001>, C4<0>, C4<0>, C4<0>;
v00000000014b3b40_0 .net/2u *"_s22", 2 0, L_00000000014bc6f8;  1 drivers
v00000000014b2600_0 .net *"_s24", 2 0, L_0000000001515ab0;  1 drivers
v00000000014b26a0_0 .net *"_s31", 0 0, L_0000000001516370;  1 drivers
v00000000014b2740_0 .net *"_s32", 0 0, L_00000000010f6c00;  1 drivers
v00000000014b5010_0 .net *"_s34", 2 0, L_0000000001514a70;  1 drivers
v00000000014b51f0_0 .net *"_s36", 0 0, L_0000000001515150;  1 drivers
v00000000014b4570_0 .net *"_s38", 0 0, L_00000000010f6730;  1 drivers
v00000000014b47f0_0 .net *"_s43", 0 0, L_00000000015150b0;  1 drivers
v00000000014b5c90_0 .net *"_s44", 0 0, L_00000000010f6c70;  1 drivers
v00000000014b4930_0 .net *"_s46", 2 0, L_0000000001516190;  1 drivers
v00000000014b4cf0_0 .net *"_s48", 0 0, L_0000000001514390;  1 drivers
v00000000014b4610_0 .net *"_s5", 0 0, L_00000000015149d0;  1 drivers
v00000000014b4a70_0 .net *"_s50", 0 0, L_00000000010f7370;  1 drivers
v00000000014b5b50_0 .net *"_s54", 7 0, L_0000000001514cf0;  1 drivers
v00000000014b5e70_0 .net *"_s56", 4 0, L_0000000001515290;  1 drivers
L_00000000014bc788 .functor BUFT 1, C4<00>, C4<0>, C4<0>, C4<0>;
v00000000014b46b0_0 .net *"_s59", 1 0, L_00000000014bc788;  1 drivers
L_00000000014bc668 .functor BUFT 1, C4<001>, C4<0>, C4<0>, C4<0>;
v00000000014b5330_0 .net/2u *"_s8", 2 0, L_00000000014bc668;  1 drivers
L_00000000014bc740 .functor BUFT 1, C4<001>, C4<0>, C4<0>, C4<0>;
v00000000014b5790_0 .net "addr_bits_wide_1", 2 0, L_00000000014bc740;  1 drivers
v00000000014b4b10_0 .net "clk", 0 0, o00000000014584f8;  alias, 0 drivers
v00000000014b4110_0 .net "d_data", 7 0, L_0000000001514c50;  1 drivers
v00000000014b4ed0_0 .net "d_empty", 0 0, L_00000000010f6880;  1 drivers
v00000000014b41b0_0 .net "d_full", 0 0, L_00000000010f7530;  1 drivers
v00000000014b4f70_0 .net "d_rd_ptr", 2 0, L_00000000015160f0;  1 drivers
v00000000014b5510_0 .net "d_wr_ptr", 2 0, L_0000000001516050;  1 drivers
v00000000014b5470_0 .net "empty", 0 0, L_00000000010f6ce0;  alias, 1 drivers
v00000000014b50b0_0 .net "full", 0 0, L_00000000010f6b90;  1 drivers
v00000000014b5150 .array "q_data_array", 0 7, 7 0;
v00000000014b5290_0 .var "q_empty", 0 0;
v00000000014b4750_0 .var "q_full", 0 0;
v00000000014b4890_0 .var "q_rd_ptr", 2 0;
v00000000014b4250_0 .var "q_wr_ptr", 2 0;
v00000000014b5ab0_0 .net "rd_data", 7 0, L_00000000010f75a0;  alias, 1 drivers
v00000000014b53d0_0 .net "rd_en", 0 0, v00000000014bb5e0_0;  alias, 1 drivers
v00000000014b44d0_0 .net "rd_en_prot", 0 0, L_00000000010f7300;  1 drivers
v00000000014b49d0_0 .net "reset", 0 0, o00000000014587c8;  alias, 0 drivers
v00000000014b4bb0_0 .net "wr_data", 7 0, v00000000014b2100_0;  alias, 1 drivers
v00000000014b4c50_0 .net "wr_en", 0 0, v00000000014b21a0_0;  alias, 1 drivers
v00000000014b4d90_0 .net "wr_en_prot", 0 0, L_00000000010f6b20;  1 drivers
L_00000000015169b0 .reduce/nor v00000000014b5290_0;
L_00000000015149d0 .reduce/nor v00000000014b4750_0;
L_00000000015151f0 .arith/sum 3, v00000000014b4250_0, L_00000000014bc668;
L_0000000001516050 .functor MUXZ 3, v00000000014b4250_0, L_00000000015151f0, L_00000000010f6b20, C4<>;
L_0000000001516870 .array/port v00000000014b5150, L_0000000001515510;
L_0000000001515510 .concat [ 3 2 0 0], v00000000014b4250_0, L_00000000014bc6b0;
L_0000000001514c50 .functor MUXZ 8, L_0000000001516870, v00000000014b2100_0, L_00000000010f6b20, C4<>;
L_0000000001515ab0 .arith/sum 3, v00000000014b4890_0, L_00000000014bc6f8;
L_00000000015160f0 .functor MUXZ 3, v00000000014b4890_0, L_0000000001515ab0, L_00000000010f7300, C4<>;
L_0000000001516370 .reduce/nor L_00000000010f6b20;
L_0000000001514a70 .arith/sub 3, v00000000014b4250_0, v00000000014b4890_0;
L_0000000001515150 .cmp/eq 3, L_0000000001514a70, L_00000000014bc740;
L_00000000015150b0 .reduce/nor L_00000000010f7300;
L_0000000001516190 .arith/sub 3, v00000000014b4890_0, v00000000014b4250_0;
L_0000000001514390 .cmp/eq 3, L_0000000001516190, L_00000000014bc740;
L_0000000001514cf0 .array/port v00000000014b5150, L_0000000001515290;
L_0000000001515290 .concat [ 3 2 0 0], v00000000014b4890_0, L_00000000014bc788;
S_00000000010648b0 .scope module, "uart_tx_blk" "uart_tx" 4 106, 7 28 0, S_0000000001075d70;
 .timescale 0 0;
    .port_info 0 /INPUT 1 "clk";
    .port_info 1 /INPUT 1 "reset";
    .port_info 2 /INPUT 1 "baud_clk_tick";
    .port_info 3 /INPUT 1 "tx_start";
    .port_info 4 /INPUT 8 "tx_data";
    .port_info 5 /OUTPUT 1 "tx_done_tick";
    .port_info 6 /OUTPUT 1 "tx";
P_0000000001064a40 .param/l "BAUD_CLK_OVERSAMPLE_RATE" 0 7 33, +C4<00000000000000000000000000010000>;
P_0000000001064a78 .param/l "DATA_BITS" 0 7 30, +C4<00000000000000000000000000001000>;
P_0000000001064ab0 .param/l "PARITY_MODE" 0 7 32, +C4<00000000000000000000000000000001>;
P_0000000001064ae8 .param/l "STOP_BITS" 0 7 31, +C4<00000000000000000000000000000001>;
P_0000000001064b20 .param/l "STOP_OVERSAMPLE_TICKS" 1 7 45, C4<010000>;
P_0000000001064b58 .param/l "S_DATA" 1 7 50, C4<00100>;
P_0000000001064b90 .param/l "S_IDLE" 1 7 48, C4<00001>;
P_0000000001064bc8 .param/l "S_PARITY" 1 7 51, C4<01000>;
P_0000000001064c00 .param/l "S_START" 1 7 49, C4<00010>;
P_0000000001064c38 .param/l "S_STOP" 1 7 52, C4<10000>;
L_00000000010f6960 .functor BUFZ 1, v00000000014b4390_0, C4<0>, C4<0>, C4<0>;
v00000000014b55b0_0 .net "baud_clk_tick", 0 0, L_00000000015158d0;  alias, 1 drivers
v00000000014b5650_0 .net "clk", 0 0, o00000000014584f8;  alias, 0 drivers
v00000000014b56f0_0 .var "d_baud_clk_tick_cnt", 3 0;
v00000000014b5830_0 .var "d_data", 7 0;
v00000000014b5bf0_0 .var "d_data_bit_idx", 2 0;
v00000000014b4e30_0 .var "d_parity_bit", 0 0;
v00000000014b5d30_0 .var "d_state", 4 0;
v00000000014b4070_0 .var "d_tx", 0 0;
v00000000014b58d0_0 .var "d_tx_done_tick", 0 0;
v00000000014b5f10_0 .var "q_baud_clk_tick_cnt", 3 0;
v00000000014b5970_0 .var "q_data", 7 0;
v00000000014b5a10_0 .var "q_data_bit_idx", 2 0;
v00000000014b5dd0_0 .var "q_parity_bit", 0 0;
v00000000014b42f0_0 .var "q_state", 4 0;
v00000000014b4390_0 .var "q_tx", 0 0;
v00000000014b4430_0 .var "q_tx_done_tick", 0 0;
v00000000014b6bc0_0 .net "reset", 0 0, o00000000014587c8;  alias, 0 drivers
v00000000014b7ac0_0 .net "tx", 0 0, L_00000000010f6960;  alias, 1 drivers
v00000000014b7700_0 .net "tx_data", 7 0, L_000000000108c4b0;  alias, 1 drivers
v00000000014b6800_0 .net "tx_done_tick", 0 0, v00000000014b4430_0;  alias, 1 drivers
v00000000014b7ca0_0 .net "tx_start", 0 0, L_00000000010f6ff0;  1 drivers
E_00000000010fef20/0 .event edge, v00000000014b42f0_0, v00000000014b5970_0, v00000000014b5a10_0, v00000000014b5dd0_0;
E_00000000010fef20/1 .event edge, v00000000014b3d20_0, v00000000014b5f10_0, v00000000014b7ca0_0, v00000000014b4430_0;
E_00000000010fef20/2 .event edge, v00000000014b7700_0;
E_00000000010fef20 .event/or E_00000000010fef20/0, E_00000000010fef20/1, E_00000000010fef20/2;
S_0000000001064c80 .scope module, "uart_tx_fifo" "fifo" 4 133, 3 27 0, S_0000000001075d70;
 .timescale 0 0;
    .port_info 0 /INPUT 1 "clk";
    .port_info 1 /INPUT 1 "reset";
    .port_info 2 /INPUT 1 "rd_en";
    .port_info 3 /INPUT 1 "wr_en";
    .port_info 4 /INPUT 8 "wr_data";
    .port_info 5 /OUTPUT 8 "rd_data";
    .port_info 6 /OUTPUT 1 "full";
    .port_info 7 /OUTPUT 1 "empty";
P_00000000010a9450 .param/l "ADDR_BITS" 0 3 30, +C4<00000000000000000000000000001010>;
P_00000000010a9488 .param/l "DATA_BITS" 0 3 29, +C4<00000000000000000000000000001000>;
L_000000000108c6e0 .functor AND 1, v00000000014b4430_0, L_0000000001516730, C4<1>, C4<1>;
L_000000000108bc60 .functor AND 1, v00000000014bbd60_0, L_0000000001514b10, C4<1>, C4<1>;
L_000000000108bb80 .functor AND 1, v00000000014b6580_0, L_00000000015153d0, C4<1>, C4<1>;
L_000000000108c1a0 .functor AND 1, L_0000000001515650, L_000000000108c6e0, C4<1>, C4<1>;
L_000000000108c7c0 .functor OR 1, L_000000000108bb80, L_000000000108c1a0, C4<0>, C4<0>;
L_000000000108c2f0 .functor AND 1, v00000000014b7480_0, L_00000000015156f0, C4<1>, C4<1>;
L_000000000108bbf0 .functor AND 1, L_0000000001515790, L_000000000108bc60, C4<1>, C4<1>;
L_000000000108c130 .functor OR 1, L_000000000108c2f0, L_000000000108bbf0, C4<0>, C4<0>;
L_000000000108c4b0 .functor BUFZ 8, L_0000000001515830, C4<00000000>, C4<00000000>, C4<00000000>;
L_000000000108bcd0 .functor BUFZ 1, v00000000014b7480_0, C4<0>, C4<0>, C4<0>;
L_000000000108be20 .functor BUFZ 1, v00000000014b6580_0, C4<0>, C4<0>, C4<0>;
v00000000014b7340_0 .net *"_s1", 0 0, L_0000000001516730;  1 drivers
v00000000014b77a0_0 .net *"_s10", 9 0, L_0000000001515330;  1 drivers
v00000000014b6120_0 .net *"_s14", 7 0, L_0000000001515e70;  1 drivers
v00000000014b6c60_0 .net *"_s16", 11 0, L_00000000015155b0;  1 drivers
L_00000000014bc818 .functor BUFT 1, C4<00>, C4<0>, C4<0>, C4<0>;
v00000000014b6f80_0 .net *"_s19", 1 0, L_00000000014bc818;  1 drivers
L_00000000014bc860 .functor BUFT 1, C4<0000000001>, C4<0>, C4<0>, C4<0>;
v00000000014b6da0_0 .net/2u *"_s22", 9 0, L_00000000014bc860;  1 drivers
v00000000014b7a20_0 .net *"_s24", 9 0, L_0000000001516910;  1 drivers
v00000000014b70c0_0 .net *"_s31", 0 0, L_00000000015153d0;  1 drivers
v00000000014b6ee0_0 .net *"_s32", 0 0, L_000000000108bb80;  1 drivers
v00000000014b6d00_0 .net *"_s34", 9 0, L_0000000001515b50;  1 drivers
v00000000014b7020_0 .net *"_s36", 0 0, L_0000000001515650;  1 drivers
v00000000014b61c0_0 .net *"_s38", 0 0, L_000000000108c1a0;  1 drivers
v00000000014b7b60_0 .net *"_s43", 0 0, L_00000000015156f0;  1 drivers
v00000000014b7c00_0 .net *"_s44", 0 0, L_000000000108c2f0;  1 drivers
v00000000014b6440_0 .net *"_s46", 9 0, L_0000000001514f70;  1 drivers
v00000000014b6620_0 .net *"_s48", 0 0, L_0000000001515790;  1 drivers
v00000000014b6e40_0 .net *"_s5", 0 0, L_0000000001514b10;  1 drivers
v00000000014b6940_0 .net *"_s50", 0 0, L_000000000108bbf0;  1 drivers
v00000000014b7d40_0 .net *"_s54", 7 0, L_0000000001515830;  1 drivers
v00000000014b7de0_0 .net *"_s56", 11 0, L_0000000001515dd0;  1 drivers
L_00000000014bc8f0 .functor BUFT 1, C4<00>, C4<0>, C4<0>, C4<0>;
v00000000014b7160_0 .net *"_s59", 1 0, L_00000000014bc8f0;  1 drivers
L_00000000014bc7d0 .functor BUFT 1, C4<0000000001>, C4<0>, C4<0>, C4<0>;
v00000000014b73e0_0 .net/2u *"_s8", 9 0, L_00000000014bc7d0;  1 drivers
L_00000000014bc8a8 .functor BUFT 1, C4<0000000001>, C4<0>, C4<0>, C4<0>;
v00000000014b63a0_0 .net "addr_bits_wide_1", 9 0, L_00000000014bc8a8;  1 drivers
v00000000014b7e80_0 .net "clk", 0 0, o00000000014584f8;  alias, 0 drivers
v00000000014b7200_0 .net "d_data", 7 0, L_0000000001514610;  1 drivers
v00000000014b72a0_0 .net "d_empty", 0 0, L_000000000108c7c0;  1 drivers
v00000000014b78e0_0 .net "d_full", 0 0, L_000000000108c130;  1 drivers
v00000000014b64e0_0 .net "d_rd_ptr", 9 0, L_0000000001515d30;  1 drivers
v00000000014b7f20_0 .net "d_wr_ptr", 9 0, L_0000000001514ed0;  1 drivers
v00000000014b6080_0 .net "empty", 0 0, L_000000000108be20;  alias, 1 drivers
v00000000014b7980_0 .net "full", 0 0, L_000000000108bcd0;  alias, 1 drivers
v00000000014b6260 .array "q_data_array", 0 1023, 7 0;
v00000000014b6580_0 .var "q_empty", 0 0;
v00000000014b7480_0 .var "q_full", 0 0;
v00000000014b7520_0 .var "q_rd_ptr", 9 0;
v00000000014b75c0_0 .var "q_wr_ptr", 9 0;
v00000000014b6300_0 .net "rd_data", 7 0, L_000000000108c4b0;  alias, 1 drivers
v00000000014b7660_0 .net "rd_en", 0 0, v00000000014b4430_0;  alias, 1 drivers
v00000000014b66c0_0 .net "rd_en_prot", 0 0, L_000000000108c6e0;  1 drivers
v00000000014b6760_0 .net "reset", 0 0, o00000000014587c8;  alias, 0 drivers
v00000000014b7840_0 .net "wr_data", 7 0, v00000000014bba40_0;  alias, 1 drivers
v00000000014b68a0_0 .net "wr_en", 0 0, v00000000014bbd60_0;  alias, 1 drivers
v00000000014b69e0_0 .net "wr_en_prot", 0 0, L_000000000108bc60;  1 drivers
L_0000000001516730 .reduce/nor v00000000014b6580_0;
L_0000000001514b10 .reduce/nor v00000000014b7480_0;
L_0000000001515330 .arith/sum 10, v00000000014b75c0_0, L_00000000014bc7d0;
L_0000000001514ed0 .functor MUXZ 10, v00000000014b75c0_0, L_0000000001515330, L_000000000108bc60, C4<>;
L_0000000001515e70 .array/port v00000000014b6260, L_00000000015155b0;
L_00000000015155b0 .concat [ 10 2 0 0], v00000000014b75c0_0, L_00000000014bc818;
L_0000000001514610 .functor MUXZ 8, L_0000000001515e70, v00000000014bba40_0, L_000000000108bc60, C4<>;
L_0000000001516910 .arith/sum 10, v00000000014b7520_0, L_00000000014bc860;
L_0000000001515d30 .functor MUXZ 10, v00000000014b7520_0, L_0000000001516910, L_000000000108c6e0, C4<>;
L_00000000015153d0 .reduce/nor L_000000000108bc60;
L_0000000001515b50 .arith/sub 10, v00000000014b75c0_0, v00000000014b7520_0;
L_0000000001515650 .cmp/eq 10, L_0000000001515b50, L_00000000014bc8a8;
L_00000000015156f0 .reduce/nor L_000000000108c6e0;
L_0000000001514f70 .arith/sub 10, v00000000014b7520_0, v00000000014b75c0_0;
L_0000000001515790 .cmp/eq 10, L_0000000001514f70, L_00000000014bc8a8;
L_0000000001515830 .array/port v00000000014b6260, L_0000000001515dd0;
L_0000000001515dd0 .concat [ 10 2 0 0], v00000000014b7520_0, L_00000000014bc8f0;
    .scope S_0000000001075be0;
T_0 ;
    %wait E_00000000010feee0;
    %load/vec4 v00000000010e7000_0;
    %flag_set/vec4 8;
    %jmp/0xz  T_0.0, 8;
    %pushi/vec4 0, 0, 10;
    %assign/vec4 v00000000010ef570_0, 0;
    %pushi/vec4 0, 0, 10;
    %assign/vec4 v000000000100c760_0, 0;
    %pushi/vec4 1, 0, 1;
    %assign/vec4 v00000000010eefd0_0, 0;
    %pushi/vec4 0, 0, 1;
    %assign/vec4 v00000000010ef4d0_0, 0;
    %jmp T_0.1;
T_0.0 ;
    %load/vec4 v00000000010eee90_0;
    %assign/vec4 v00000000010ef570_0, 0;
    %load/vec4 v00000000010ef430_0;
    %assign/vec4 v000000000100c760_0, 0;
    %load/vec4 v00000000010ef110_0;
    %assign/vec4 v00000000010eefd0_0, 0;
    %load/vec4 v00000000010eec10_0;
    %assign/vec4 v00000000010ef4d0_0, 0;
    %load/vec4 v00000000010f0470_0;
    %load/vec4 v000000000100c760_0;
    %pad/u 12;
    %ix/vec4 3;
    %ix/load 4, 0, 0; Constant delay
    %assign/vec4/a/d v00000000010eef30, 0, 4;
T_0.1 ;
    %jmp T_0;
    .thread T_0;
    .scope S_0000000001022e20;
T_1 ;
    %wait E_00000000010ff520;
    %load/vec4 v00000000014b2ec0_0;
    %flag_set/vec4 8;
    %jmp/0xz  T_1.0, 8;
    %pushi/vec4 0, 0, 16;
    %assign/vec4 v00000000014b2e20_0, 0;
    %jmp T_1.1;
T_1.0 ;
    %load/vec4 v00000000014b2c40_0;
    %assign/vec4 v00000000014b2e20_0, 0;
T_1.1 ;
    %jmp T_1;
    .thread T_1;
    .scope S_000000000105afc0;
T_2 ;
    %wait E_00000000010ff520;
    %load/vec4 v00000000014b2380_0;
    %flag_set/vec4 8;
    %jmp/0xz  T_2.0, 8;
    %pushi/vec4 1, 0, 5;
    %assign/vec4 v00000000014b22e0_0, 0;
    %pushi/vec4 0, 0, 4;
    %assign/vec4 v00000000014b3dc0_0, 0;
    %pushi/vec4 0, 0, 8;
    %assign/vec4 v00000000014b2100_0, 0;
    %pushi/vec4 0, 0, 3;
    %assign/vec4 v00000000014b3320_0, 0;
    %pushi/vec4 0, 0, 1;
    %assign/vec4 v00000000014b21a0_0, 0;
    %pushi/vec4 0, 0, 1;
    %assign/vec4 v00000000014b3460_0, 0;
    %pushi/vec4 1, 0, 1;
    %assign/vec4 v00000000014b3500_0, 0;
    %jmp T_2.1;
T_2.0 ;
    %load/vec4 v00000000014b3140_0;
    %assign/vec4 v00000000014b22e0_0, 0;
    %load/vec4 v00000000014b33c0_0;
    %assign/vec4 v00000000014b3dc0_0, 0;
    %load/vec4 v00000000014b35a0_0;
    %assign/vec4 v00000000014b2100_0, 0;
    %load/vec4 v00000000014b3780_0;
    %assign/vec4 v00000000014b3320_0, 0;
    %load/vec4 v00000000014b31e0_0;
    %assign/vec4 v00000000014b21a0_0, 0;
    %load/vec4 v00000000014b2f60_0;
    %assign/vec4 v00000000014b3460_0, 0;
    %load/vec4 v00000000014b30a0_0;
    %assign/vec4 v00000000014b3500_0, 0;
T_2.1 ;
    %jmp T_2;
    .thread T_2;
    .scope S_000000000105afc0;
T_3 ;
    %wait E_00000000010fede0;
    %load/vec4 v00000000014b22e0_0;
    %store/vec4 v00000000014b3140_0, 0, 5;
    %load/vec4 v00000000014b2100_0;
    %store/vec4 v00000000014b35a0_0, 0, 8;
    %load/vec4 v00000000014b3320_0;
    %store/vec4 v00000000014b3780_0, 0, 3;
    %load/vec4 v00000000014b3f00_0;
    %flag_set/vec4 8;
    %jmp/0 T_3.0, 8;
    %load/vec4 v00000000014b3dc0_0;
    %addi 1, 0, 4;
    %jmp/1 T_3.1, 8;
T_3.0 ; End of true expr.
    %load/vec4 v00000000014b3dc0_0;
    %jmp/0 T_3.1, 8;
 ; End of false expr.
    %blend;
T_3.1;
    %store/vec4 v00000000014b33c0_0, 0, 4;
    %pushi/vec4 0, 0, 1;
    %store/vec4 v00000000014b31e0_0, 0, 1;
    %pushi/vec4 0, 0, 1;
    %store/vec4 v00000000014b2f60_0, 0, 1;
    %load/vec4 v00000000014b22e0_0;
    %dup/vec4;
    %pushi/vec4 1, 0, 5;
    %cmp/u;
    %jmp/1 T_3.2, 6;
    %dup/vec4;
    %pushi/vec4 2, 0, 5;
    %cmp/u;
    %jmp/1 T_3.3, 6;
    %dup/vec4;
    %pushi/vec4 4, 0, 5;
    %cmp/u;
    %jmp/1 T_3.4, 6;
    %dup/vec4;
    %pushi/vec4 8, 0, 5;
    %cmp/u;
    %jmp/1 T_3.5, 6;
    %dup/vec4;
    %pushi/vec4 16, 0, 5;
    %cmp/u;
    %jmp/1 T_3.6, 6;
    %jmp T_3.7;
T_3.2 ;
    %load/vec4 v00000000014b3500_0;
    %inv;
    %flag_set/vec4 8;
    %jmp/0xz  T_3.8, 8;
    %pushi/vec4 2, 0, 5;
    %store/vec4 v00000000014b3140_0, 0, 5;
    %pushi/vec4 0, 0, 4;
    %store/vec4 v00000000014b33c0_0, 0, 4;
T_3.8 ;
    %jmp T_3.7;
T_3.3 ;
    %load/vec4 v00000000014b3f00_0;
    %load/vec4 v00000000014b3dc0_0;
    %pad/u 32;
    %pushi/vec4 7, 0, 32;
    %cmp/e;
    %flag_get/vec4 4;
    %and;
    %flag_set/vec4 8;
    %jmp/0xz  T_3.10, 8;
    %pushi/vec4 4, 0, 5;
    %store/vec4 v00000000014b3140_0, 0, 5;
    %pushi/vec4 0, 0, 4;
    %store/vec4 v00000000014b33c0_0, 0, 4;
    %pushi/vec4 0, 0, 3;
    %store/vec4 v00000000014b3780_0, 0, 3;
T_3.10 ;
    %jmp T_3.7;
T_3.4 ;
    %load/vec4 v00000000014b3f00_0;
    %load/vec4 v00000000014b3dc0_0;
    %pad/u 32;
    %pushi/vec4 15, 0, 32;
    %cmp/e;
    %flag_get/vec4 4;
    %and;
    %flag_set/vec4 8;
    %jmp/0xz  T_3.12, 8;
    %load/vec4 v00000000014b3500_0;
    %load/vec4 v00000000014b2100_0;
    %parti/s 7, 1, 2;
    %concat/vec4; draw_concat_vec4
    %store/vec4 v00000000014b35a0_0, 0, 8;
    %pushi/vec4 0, 0, 4;
    %store/vec4 v00000000014b33c0_0, 0, 4;
    %load/vec4 v00000000014b3320_0;
    %pad/u 32;
    %cmpi/e 7, 0, 32;
    %jmp/0xz  T_3.14, 4;
    %pushi/vec4 8, 0, 5;
    %store/vec4 v00000000014b3140_0, 0, 5;
    %jmp T_3.15;
T_3.14 ;
    %load/vec4 v00000000014b3320_0;
    %addi 1, 0, 3;
    %store/vec4 v00000000014b3780_0, 0, 3;
T_3.15 ;
T_3.12 ;
    %jmp T_3.7;
T_3.5 ;
    %load/vec4 v00000000014b3f00_0;
    %load/vec4 v00000000014b3dc0_0;
    %pad/u 32;
    %pushi/vec4 15, 0, 32;
    %cmp/e;
    %flag_get/vec4 4;
    %and;
    %flag_set/vec4 8;
    %jmp/0xz  T_3.16, 8;
    %load/vec4 v00000000014b3500_0;
    %load/vec4 v00000000014b2100_0;
    %xnor/r;
    %cmp/ne;
    %flag_get/vec4 4;
    %store/vec4 v00000000014b2f60_0, 0, 1;
    %pushi/vec4 16, 0, 5;
    %store/vec4 v00000000014b3140_0, 0, 5;
    %pushi/vec4 0, 0, 4;
    %store/vec4 v00000000014b33c0_0, 0, 4;
T_3.16 ;
    %jmp T_3.7;
T_3.6 ;
    %load/vec4 v00000000014b3f00_0;
    %load/vec4 v00000000014b3dc0_0;
    %pad/u 32;
    %pushi/vec4 15, 0, 32;
    %cmp/e;
    %flag_get/vec4 4;
    %and;
    %flag_set/vec4 8;
    %jmp/0xz  T_3.18, 8;
    %pushi/vec4 1, 0, 5;
    %store/vec4 v00000000014b3140_0, 0, 5;
    %pushi/vec4 1, 0, 1;
    %store/vec4 v00000000014b31e0_0, 0, 1;
T_3.18 ;
    %jmp T_3.7;
T_3.7 ;
    %pop/vec4 1;
    %jmp T_3;
    .thread T_3, $push;
    .scope S_00000000010648b0;
T_4 ;
    %wait E_00000000010ff520;
    %load/vec4 v00000000014b6bc0_0;
    %flag_set/vec4 8;
    %jmp/0xz  T_4.0, 8;
    %pushi/vec4 1, 0, 5;
    %assign/vec4 v00000000014b42f0_0, 0;
    %pushi/vec4 0, 0, 4;
    %assign/vec4 v00000000014b5f10_0, 0;
    %pushi/vec4 0, 0, 8;
    %assign/vec4 v00000000014b5970_0, 0;
    %pushi/vec4 0, 0, 3;
    %assign/vec4 v00000000014b5a10_0, 0;
    %pushi/vec4 1, 0, 1;
    %assign/vec4 v00000000014b4390_0, 0;
    %pushi/vec4 0, 0, 1;
    %assign/vec4 v00000000014b4430_0, 0;
    %pushi/vec4 0, 0, 1;
    %assign/vec4 v00000000014b5dd0_0, 0;
    %jmp T_4.1;
T_4.0 ;
    %load/vec4 v00000000014b5d30_0;
    %assign/vec4 v00000000014b42f0_0, 0;
    %load/vec4 v00000000014b56f0_0;
    %assign/vec4 v00000000014b5f10_0, 0;
    %load/vec4 v00000000014b5830_0;
    %assign/vec4 v00000000014b5970_0, 0;
    %load/vec4 v00000000014b5bf0_0;
    %assign/vec4 v00000000014b5a10_0, 0;
    %load/vec4 v00000000014b4070_0;
    %assign/vec4 v00000000014b4390_0, 0;
    %load/vec4 v00000000014b58d0_0;
    %assign/vec4 v00000000014b4430_0, 0;
    %load/vec4 v00000000014b4e30_0;
    %assign/vec4 v00000000014b5dd0_0, 0;
T_4.1 ;
    %jmp T_4;
    .thread T_4;
    .scope S_00000000010648b0;
T_5 ;
    %wait E_00000000010fef20;
    %load/vec4 v00000000014b42f0_0;
    %store/vec4 v00000000014b5d30_0, 0, 5;
    %load/vec4 v00000000014b5970_0;
    %store/vec4 v00000000014b5830_0, 0, 8;
    %load/vec4 v00000000014b5a10_0;
    %store/vec4 v00000000014b5bf0_0, 0, 3;
    %load/vec4 v00000000014b5dd0_0;
    %store/vec4 v00000000014b4e30_0, 0, 1;
    %load/vec4 v00000000014b55b0_0;
    %flag_set/vec4 8;
    %jmp/0 T_5.0, 8;
    %load/vec4 v00000000014b5f10_0;
    %addi 1, 0, 4;
    %jmp/1 T_5.1, 8;
T_5.0 ; End of true expr.
    %load/vec4 v00000000014b5f10_0;
    %jmp/0 T_5.1, 8;
 ; End of false expr.
    %blend;
T_5.1;
    %store/vec4 v00000000014b56f0_0, 0, 4;
    %pushi/vec4 0, 0, 1;
    %store/vec4 v00000000014b58d0_0, 0, 1;
    %pushi/vec4 1, 0, 1;
    %store/vec4 v00000000014b4070_0, 0, 1;
    %load/vec4 v00000000014b42f0_0;
    %dup/vec4;
    %pushi/vec4 1, 0, 5;
    %cmp/u;
    %jmp/1 T_5.2, 6;
    %dup/vec4;
    %pushi/vec4 2, 0, 5;
    %cmp/u;
    %jmp/1 T_5.3, 6;
    %dup/vec4;
    %pushi/vec4 4, 0, 5;
    %cmp/u;
    %jmp/1 T_5.4, 6;
    %dup/vec4;
    %pushi/vec4 8, 0, 5;
    %cmp/u;
    %jmp/1 T_5.5, 6;
    %dup/vec4;
    %pushi/vec4 16, 0, 5;
    %cmp/u;
    %jmp/1 T_5.6, 6;
    %jmp T_5.7;
T_5.2 ;
    %load/vec4 v00000000014b7ca0_0;
    %load/vec4 v00000000014b4430_0;
    %inv;
    %and;
    %flag_set/vec4 8;
    %jmp/0xz  T_5.8, 8;
    %pushi/vec4 2, 0, 5;
    %store/vec4 v00000000014b5d30_0, 0, 5;
    %pushi/vec4 0, 0, 4;
    %store/vec4 v00000000014b56f0_0, 0, 4;
    %load/vec4 v00000000014b7700_0;
    %store/vec4 v00000000014b5830_0, 0, 8;
    %load/vec4 v00000000014b7700_0;
    %xnor/r;
    %store/vec4 v00000000014b4e30_0, 0, 1;
T_5.8 ;
    %jmp T_5.7;
T_5.3 ;
    %pushi/vec4 0, 0, 1;
    %store/vec4 v00000000014b4070_0, 0, 1;
    %load/vec4 v00000000014b55b0_0;
    %load/vec4 v00000000014b5f10_0;
    %pad/u 32;
    %pushi/vec4 15, 0, 32;
    %cmp/e;
    %flag_get/vec4 4;
    %and;
    %flag_set/vec4 8;
    %jmp/0xz  T_5.10, 8;
    %pushi/vec4 4, 0, 5;
    %store/vec4 v00000000014b5d30_0, 0, 5;
    %pushi/vec4 0, 0, 4;
    %store/vec4 v00000000014b56f0_0, 0, 4;
    %pushi/vec4 0, 0, 3;
    %store/vec4 v00000000014b5bf0_0, 0, 3;
T_5.10 ;
    %jmp T_5.7;
T_5.4 ;
    %load/vec4 v00000000014b5970_0;
    %parti/s 1, 0, 2;
    %store/vec4 v00000000014b4070_0, 0, 1;
    %load/vec4 v00000000014b55b0_0;
    %load/vec4 v00000000014b5f10_0;
    %pad/u 32;
    %pushi/vec4 15, 0, 32;
    %cmp/e;
    %flag_get/vec4 4;
    %and;
    %flag_set/vec4 8;
    %jmp/0xz  T_5.12, 8;
    %load/vec4 v00000000014b5970_0;
    %ix/load 4, 1, 0;
    %flag_set/imm 4, 0;
    %shiftr 4;
    %store/vec4 v00000000014b5830_0, 0, 8;
    %load/vec4 v00000000014b5a10_0;
    %addi 1, 0, 3;
    %store/vec4 v00000000014b5bf0_0, 0, 3;
    %pushi/vec4 0, 0, 4;
    %store/vec4 v00000000014b56f0_0, 0, 4;
    %load/vec4 v00000000014b5a10_0;
    %pad/u 32;
    %cmpi/e 7, 0, 32;
    %jmp/0xz  T_5.14, 4;
    %pushi/vec4 8, 0, 5;
    %store/vec4 v00000000014b5d30_0, 0, 5;
T_5.14 ;
T_5.12 ;
    %jmp T_5.7;
T_5.5 ;
    %load/vec4 v00000000014b5dd0_0;
    %store/vec4 v00000000014b4070_0, 0, 1;
    %load/vec4 v00000000014b55b0_0;
    %load/vec4 v00000000014b5f10_0;
    %pad/u 32;
    %pushi/vec4 15, 0, 32;
    %cmp/e;
    %flag_get/vec4 4;
    %and;
    %flag_set/vec4 8;
    %jmp/0xz  T_5.16, 8;
    %pushi/vec4 16, 0, 5;
    %store/vec4 v00000000014b5d30_0, 0, 5;
    %pushi/vec4 0, 0, 4;
    %store/vec4 v00000000014b56f0_0, 0, 4;
T_5.16 ;
    %jmp T_5.7;
T_5.6 ;
    %load/vec4 v00000000014b55b0_0;
    %load/vec4 v00000000014b5f10_0;
    %pad/u 32;
    %pushi/vec4 15, 0, 32;
    %cmp/e;
    %flag_get/vec4 4;
    %and;
    %flag_set/vec4 8;
    %jmp/0xz  T_5.18, 8;
    %pushi/vec4 1, 0, 5;
    %store/vec4 v00000000014b5d30_0, 0, 5;
    %pushi/vec4 1, 0, 1;
    %store/vec4 v00000000014b58d0_0, 0, 1;
T_5.18 ;
    %jmp T_5.7;
T_5.7 ;
    %pop/vec4 1;
    %jmp T_5;
    .thread T_5, $push;
    .scope S_0000000001088570;
T_6 ;
    %wait E_00000000010feee0;
    %load/vec4 v00000000014b49d0_0;
    %flag_set/vec4 8;
    %jmp/0xz  T_6.0, 8;
    %pushi/vec4 0, 0, 3;
    %assign/vec4 v00000000014b4890_0, 0;
    %pushi/vec4 0, 0, 3;
    %assign/vec4 v00000000014b4250_0, 0;
    %pushi/vec4 1, 0, 1;
    %assign/vec4 v00000000014b5290_0, 0;
    %pushi/vec4 0, 0, 1;
    %assign/vec4 v00000000014b4750_0, 0;
    %jmp T_6.1;
T_6.0 ;
    %load/vec4 v00000000014b4f70_0;
    %assign/vec4 v00000000014b4890_0, 0;
    %load/vec4 v00000000014b5510_0;
    %assign/vec4 v00000000014b4250_0, 0;
    %load/vec4 v00000000014b4ed0_0;
    %assign/vec4 v00000000014b5290_0, 0;
    %load/vec4 v00000000014b41b0_0;
    %assign/vec4 v00000000014b4750_0, 0;
    %load/vec4 v00000000014b4110_0;
    %load/vec4 v00000000014b4250_0;
    %pad/u 5;
    %ix/vec4 3;
    %ix/load 4, 0, 0; Constant delay
    %assign/vec4/a/d v00000000014b5150, 0, 4;
T_6.1 ;
    %jmp T_6;
    .thread T_6;
    .scope S_0000000001064c80;
T_7 ;
    %wait E_00000000010feee0;
    %load/vec4 v00000000014b6760_0;
    %flag_set/vec4 8;
    %jmp/0xz  T_7.0, 8;
    %pushi/vec4 0, 0, 10;
    %assign/vec4 v00000000014b7520_0, 0;
    %pushi/vec4 0, 0, 10;
    %assign/vec4 v00000000014b75c0_0, 0;
    %pushi/vec4 1, 0, 1;
    %assign/vec4 v00000000014b6580_0, 0;
    %pushi/vec4 0, 0, 1;
    %assign/vec4 v00000000014b7480_0, 0;
    %jmp T_7.1;
T_7.0 ;
    %load/vec4 v00000000014b64e0_0;
    %assign/vec4 v00000000014b7520_0, 0;
    %load/vec4 v00000000014b7f20_0;
    %assign/vec4 v00000000014b75c0_0, 0;
    %load/vec4 v00000000014b72a0_0;
    %assign/vec4 v00000000014b6580_0, 0;
    %load/vec4 v00000000014b78e0_0;
    %assign/vec4 v00000000014b7480_0, 0;
    %load/vec4 v00000000014b7200_0;
    %load/vec4 v00000000014b75c0_0;
    %pad/u 12;
    %ix/vec4 3;
    %ix/load 4, 0, 0; Constant delay
    %assign/vec4/a/d v00000000014b6260, 0, 4;
T_7.1 ;
    %jmp T_7;
    .thread T_7;
    .scope S_0000000001075d70;
T_8 ;
    %wait E_00000000010ff520;
    %load/vec4 v00000000014b8950_0;
    %flag_set/vec4 8;
    %jmp/0xz  T_8.0, 8;
    %pushi/vec4 0, 0, 1;
    %assign/vec4 v00000000014b8590_0, 0;
    %jmp T_8.1;
T_8.0 ;
    %load/vec4 v00000000014b9710_0;
    %assign/vec4 v00000000014b8590_0, 0;
T_8.1 ;
    %jmp T_8;
    .thread T_8;
    .scope S_000000000105c100;
T_9 ;
    %wait E_00000000010feee0;
    %load/vec4 v00000000014bbe00_0;
    %flag_set/vec4 8;
    %jmp/0xz  T_9.0, 8;
    %pushi/vec4 1, 0, 5;
    %assign/vec4 v00000000014ba140_0, 0;
    %pushi/vec4 0, 0, 3;
    %assign/vec4 v00000000014baa00_0, 0;
    %pushi/vec4 0, 0, 17;
    %assign/vec4 v00000000014bb540_0, 0;
    %pushi/vec4 0, 0, 17;
    %assign/vec4 v00000000014b9030_0, 0;
    %pushi/vec4 0, 0, 2;
    %assign/vec4 v00000000014ba960_0, 0;
    %pushi/vec4 0, 0, 8;
    %assign/vec4 v00000000014bba40_0, 0;
    %pushi/vec4 0, 0, 1;
    %assign/vec4 v00000000014bbd60_0, 0;
    %pushi/vec4 0, 0, 1;
    %assign/vec4 v00000000014ba5a0_0, 0;
    %pushi/vec4 0, 0, 8;
    %assign/vec4 v00000000014bb9a0_0, 0;
    %pushi/vec4 0, 0, 1;
    %assign/vec4 v00000000014bb0e0_0, 0;
    %pushi/vec4 0, 0, 32;
    %assign/vec4 v00000000014bbc20_0, 0;
    %pushi/vec4 0, 0, 8;
    %assign/vec4 v00000000014babe0_0, 0;
    %jmp T_9.1;
T_9.0 ;
    %load/vec4 v00000000014b8db0_0;
    %assign/vec4 v00000000014ba140_0, 0;
    %load/vec4 v00000000014b9f30_0;
    %assign/vec4 v00000000014baa00_0, 0;
    %load/vec4 v00000000014b83b0_0;
    %assign/vec4 v00000000014bb540_0, 0;
    %load/vec4 v00000000014b8a90_0;
    %assign/vec4 v00000000014b9030_0, 0;
    %load/vec4 v00000000014b98f0_0;
    %assign/vec4 v00000000014ba960_0, 0;
    %load/vec4 v00000000014b9670_0;
    %assign/vec4 v00000000014bba40_0, 0;
    %load/vec4 v00000000014b9c10_0;
    %assign/vec4 v00000000014bbd60_0, 0;
    %load/vec4 v00000000014b9b70_0;
    %assign/vec4 v00000000014ba5a0_0, 0;
    %load/vec4 v00000000014b9ad0_0;
    %assign/vec4 v00000000014bb9a0_0, 0;
    %load/vec4 v00000000014b8090_0;
    %assign/vec4 v00000000014bb0e0_0, 0;
    %load/vec4 v00000000014b81d0_0;
    %assign/vec4 v00000000014bbc20_0, 0;
    %load/vec4 v00000000014b95d0_0;
    %assign/vec4 v00000000014babe0_0, 0;
    %load/vec4 v00000000014b8450_0;
    %assign/vec4 v00000000014b8f90_0, 0;
T_9.1 ;
    %jmp T_9;
    .thread T_9;
    .scope S_000000000105c100;
T_10 ;
    %wait E_00000000010ff0e0;
    %pushi/vec4 0, 0, 8;
    %store/vec4 v00000000014b95d0_0, 0, 8;
    %load/vec4 v00000000014b8090_0;
    %load/vec4 v00000000014b8bd0_0;
    %nor/r;
    %and;
    %flag_set/vec4 8;
    %jmp/0xz  T_10.0, 8;
    %load/vec4 v00000000014b88b0_0;
    %dup/vec4;
    %pushi/vec4 0, 0, 3;
    %cmp/u;
    %jmp/1 T_10.2, 6;
    %dup/vec4;
    %pushi/vec4 4, 0, 3;
    %cmp/u;
    %jmp/1 T_10.3, 6;
    %dup/vec4;
    %pushi/vec4 5, 0, 3;
    %cmp/u;
    %jmp/1 T_10.4, 6;
    %dup/vec4;
    %pushi/vec4 6, 0, 3;
    %cmp/u;
    %jmp/1 T_10.5, 6;
    %dup/vec4;
    %pushi/vec4 7, 0, 3;
    %cmp/u;
    %jmp/1 T_10.6, 6;
    %jmp T_10.7;
T_10.2 ;
    %load/vec4 v00000000014b8b30_0;
    %store/vec4 v00000000014b95d0_0, 0, 8;
    %jmp T_10.7;
T_10.3 ;
    %load/vec4 v00000000014bbc20_0;
    %parti/s 8, 0, 2;
    %store/vec4 v00000000014b95d0_0, 0, 8;
    %jmp T_10.7;
T_10.4 ;
    %load/vec4 v00000000014bbc20_0;
    %parti/s 8, 8, 5;
    %store/vec4 v00000000014b95d0_0, 0, 8;
    %jmp T_10.7;
T_10.5 ;
    %load/vec4 v00000000014bbc20_0;
    %parti/s 8, 16, 6;
    %store/vec4 v00000000014b95d0_0, 0, 8;
    %jmp T_10.7;
T_10.6 ;
    %load/vec4 v00000000014bbc20_0;
    %parti/s 8, 24, 6;
    %store/vec4 v00000000014b95d0_0, 0, 8;
    %jmp T_10.7;
T_10.7 ;
    %pop/vec4 1;
T_10.0 ;
    %jmp T_10;
    .thread T_10, $push;
    .scope S_000000000105c100;
T_11 ;
    %wait E_00000000010fd220;
    %load/vec4 v00000000014ba140_0;
    %store/vec4 v00000000014b8db0_0, 0, 5;
    %load/vec4 v00000000014baa00_0;
    %store/vec4 v00000000014b9f30_0, 0, 3;
    %load/vec4 v00000000014bb540_0;
    %store/vec4 v00000000014b83b0_0, 0, 17;
    %load/vec4 v00000000014b9030_0;
    %store/vec4 v00000000014b8a90_0, 0, 17;
    %load/vec4 v00000000014ba960_0;
    %store/vec4 v00000000014b98f0_0, 0, 2;
    %pushi/vec4 0, 0, 1;
    %store/vec4 v00000000014bb5e0_0, 0, 1;
    %pushi/vec4 0, 0, 8;
    %store/vec4 v00000000014b9670_0, 0, 8;
    %pushi/vec4 0, 0, 1;
    %store/vec4 v00000000014b9c10_0, 0, 1;
    %pushi/vec4 0, 0, 1;
    %store/vec4 v00000000014bbea0_0, 0, 1;
    %pushi/vec4 0, 0, 1;
    %store/vec4 v00000000014b8810_0, 0, 1;
    %pushi/vec4 0, 0, 1;
    %store/vec4 v00000000014b9b70_0, 0, 1;
    %pushi/vec4 0, 0, 8;
    %store/vec4 v00000000014b9ad0_0, 0, 8;
    %pushi/vec4 0, 0, 1;
    %store/vec4 v00000000014b8450_0, 0, 1;
    %load/vec4 v00000000014b8e50_0;
    %flag_set/vec4 8;
    %jmp/0xz  T_11.0, 8;
    %pushi/vec4 1, 0, 1;
    %ix/load 4, 0, 0;
    %flag_set/imm 4, 0;
    %store/vec4 v00000000014b98f0_0, 4, 1;
T_11.0 ;
    %load/vec4 v00000000014bb0e0_0;
    %inv;
    %load/vec4 v00000000014b8090_0;
    %and;
    %flag_set/vec4 8;
    %jmp/0xz  T_11.2, 8;
    %load/vec4 v00000000014b8bd0_0;
    %flag_set/vec4 8;
    %jmp/0xz  T_11.4, 8;
    %load/vec4 v00000000014b88b0_0;
    %dup/vec4;
    %pushi/vec4 0, 0, 3;
    %cmp/u;
    %jmp/1 T_11.6, 6;
    %dup/vec4;
    %pushi/vec4 4, 0, 3;
    %cmp/u;
    %jmp/1 T_11.7, 6;
    %jmp T_11.8;
T_11.6 ;
    %load/vec4 v00000000014ba640_0;
    %nor/r;
    %load/vec4 v00000000014b9cb0_0;
    %pushi/vec4 0, 0, 8;
    %cmp/ne;
    %flag_get/vec4 4;
    %and;
    %flag_set/vec4 8;
    %jmp/0xz  T_11.9, 8;
    %load/vec4 v00000000014b9cb0_0;
    %store/vec4 v00000000014b9670_0, 0, 8;
    %pushi/vec4 1, 0, 1;
    %store/vec4 v00000000014b9c10_0, 0, 1;
T_11.9 ;
    %vpi_call 2 258 "$write", "%c", v00000000014b9cb0_0 {0 0 0};
    %jmp T_11.8;
T_11.7 ;
    %load/vec4 v00000000014ba640_0;
    %nor/r;
    %flag_set/vec4 8;
    %jmp/0xz  T_11.11, 8;
    %pushi/vec4 0, 0, 8;
    %store/vec4 v00000000014b9670_0, 0, 8;
    %pushi/vec4 1, 0, 1;
    %store/vec4 v00000000014b9c10_0, 0, 1;
T_11.11 ;
    %pushi/vec4 1, 0, 5;
    %store/vec4 v00000000014b8db0_0, 0, 5;
    %pushi/vec4 1, 0, 1;
    %store/vec4 v00000000014b8450_0, 0, 1;
    %vpi_call 2 267 "$display", "IO:Return" {0 0 0};
    %vpi_call 2 268 "$finish" {0 0 0};
    %jmp T_11.8;
T_11.8 ;
    %pop/vec4 1;
    %jmp T_11.5;
T_11.4 ;
    %load/vec4 v00000000014b88b0_0;
    %dup/vec4;
    %pushi/vec4 0, 0, 3;
    %cmp/u;
    %jmp/1 T_11.13, 6;
    %jmp T_11.14;
T_11.13 ;
    %load/vec4 v00000000014b86d0_0;
    %nor/r;
    %flag_set/vec4 8;
    %jmp/0xz  T_11.15, 8;
    %pushi/vec4 1, 0, 1;
    %store/vec4 v00000000014b8810_0, 0, 1;
T_11.15 ;
    %load/vec4 v00000000014bb400_0;
    %nor/r;
    %load/vec4 v00000000014b8770_0;
    %nor/r;
    %and;
    %flag_set/vec4 8;
    %jmp/0xz  T_11.17, 8;
    %pushi/vec4 1, 0, 1;
    %store/vec4 v00000000014bb5e0_0, 0, 1;
    %load/vec4 v00000000014bb2c0_0;
    %store/vec4 v00000000014b9ad0_0, 0, 8;
    %pushi/vec4 1, 0, 1;
    %store/vec4 v00000000014b9b70_0, 0, 1;
T_11.17 ;
    %jmp T_11.14;
T_11.14 ;
    %pop/vec4 1;
T_11.5 ;
    %jmp T_11.3;
T_11.2 ;
    %load/vec4 v00000000014ba140_0;
    %dup/vec4;
    %pushi/vec4 0, 0, 5;
    %cmp/u;
    %jmp/1 T_11.19, 6;
    %dup/vec4;
    %pushi/vec4 1, 0, 5;
    %cmp/u;
    %jmp/1 T_11.20, 6;
    %dup/vec4;
    %pushi/vec4 2, 0, 5;
    %cmp/u;
    %jmp/1 T_11.21, 6;
    %dup/vec4;
    %pushi/vec4 3, 0, 5;
    %cmp/u;
    %jmp/1 T_11.22, 6;
    %dup/vec4;
    %pushi/vec4 4, 0, 5;
    %cmp/u;
    %jmp/1 T_11.23, 6;
    %dup/vec4;
    %pushi/vec4 5, 0, 5;
    %cmp/u;
    %jmp/1 T_11.24, 6;
    %dup/vec4;
    %pushi/vec4 8, 0, 5;
    %cmp/u;
    %jmp/1 T_11.25, 6;
    %dup/vec4;
    %pushi/vec4 6, 0, 5;
    %cmp/u;
    %jmp/1 T_11.26, 6;
    %dup/vec4;
    %pushi/vec4 7, 0, 5;
    %cmp/u;
    %jmp/1 T_11.27, 6;
    %dup/vec4;
    %pushi/vec4 9, 0, 5;
    %cmp/u;
    %jmp/1 T_11.28, 6;
    %dup/vec4;
    %pushi/vec4 10, 0, 5;
    %cmp/u;
    %jmp/1 T_11.29, 6;
    %dup/vec4;
    %pushi/vec4 11, 0, 5;
    %cmp/u;
    %jmp/1 T_11.30, 6;
    %dup/vec4;
    %pushi/vec4 12, 0, 5;
    %cmp/u;
    %jmp/1 T_11.31, 6;
    %jmp T_11.32;
T_11.19 ;
    %load/vec4 v00000000014bb400_0;
    %nor/r;
    %flag_set/vec4 8;
    %jmp/0xz  T_11.33, 8;
    %pushi/vec4 1, 0, 1;
    %store/vec4 v00000000014bb5e0_0, 0, 1;
    %load/vec4 v00000000014bb2c0_0;
    %cmpi/e 3, 0, 8;
    %jmp/0xz  T_11.35, 4;
    %pushi/vec4 1, 0, 5;
    %store/vec4 v00000000014b8db0_0, 0, 5;
    %jmp T_11.36;
T_11.35 ;
    %load/vec4 v00000000014bb2c0_0;
    %cmpi/e 7, 0, 8;
    %jmp/0xz  T_11.37, 4;
    %pushi/vec4 0, 0, 8;
    %store/vec4 v00000000014b9670_0, 0, 8;
    %pushi/vec4 1, 0, 1;
    %store/vec4 v00000000014b9c10_0, 0, 1;
T_11.37 ;
T_11.36 ;
T_11.33 ;
    %jmp T_11.32;
T_11.20 ;
    %load/vec4 v00000000014bb400_0;
    %nor/r;
    %flag_set/vec4 8;
    %jmp/0xz  T_11.39, 8;
    %pushi/vec4 1, 0, 1;
    %store/vec4 v00000000014bb5e0_0, 0, 1;
    %pushi/vec4 0, 0, 3;
    %store/vec4 v00000000014b9f30_0, 0, 3;
    %load/vec4 v00000000014bb2c0_0;
    %dup/vec4;
    %pushi/vec4 0, 0, 8;
    %cmp/u;
    %jmp/1 T_11.41, 6;
    %dup/vec4;
    %pushi/vec4 5, 0, 8;
    %cmp/u;
    %jmp/1 T_11.42, 6;
    %dup/vec4;
    %pushi/vec4 3, 0, 8;
    %cmp/u;
    %jmp/1 T_11.43, 6;
    %dup/vec4;
    %pushi/vec4 8, 0, 8;
    %cmp/u;
    %jmp/1 T_11.44, 6;
    %dup/vec4;
    %pushi/vec4 9, 0, 8;
    %cmp/u;
    %jmp/1 T_11.45, 6;
    %dup/vec4;
    %pushi/vec4 10, 0, 8;
    %cmp/u;
    %jmp/1 T_11.46, 6;
    %dup/vec4;
    %pushi/vec4 1, 0, 8;
    %cmp/u;
    %jmp/1 T_11.47, 6;
    %dup/vec4;
    %pushi/vec4 11, 0, 8;
    %cmp/u;
    %jmp/1 T_11.48, 6;
    %dup/vec4;
    %pushi/vec4 4, 0, 8;
    %cmp/u;
    %jmp/1 T_11.49, 6;
    %dup/vec4;
    %pushi/vec4 7, 0, 8;
    %cmp/u;
    %jmp/1 T_11.50, 6;
    %pushi/vec4 1, 0, 1;
    %ix/load 4, 1, 0;
    %flag_set/imm 4, 0;
    %store/vec4 v00000000014b98f0_0, 4, 1;
    %pushi/vec4 1, 0, 5;
    %store/vec4 v00000000014b8db0_0, 0, 5;
    %jmp T_11.52;
T_11.41 ;
    %pushi/vec4 2, 0, 5;
    %store/vec4 v00000000014b8db0_0, 0, 5;
    %jmp T_11.52;
T_11.42 ;
    %pushi/vec4 4, 0, 5;
    %store/vec4 v00000000014b8db0_0, 0, 5;
    %jmp T_11.52;
T_11.43 ;
    %pushi/vec4 1, 0, 5;
    %store/vec4 v00000000014b8db0_0, 0, 5;
    %jmp T_11.52;
T_11.44 ;
    %pushi/vec4 8, 0, 5;
    %store/vec4 v00000000014b8db0_0, 0, 5;
    %jmp T_11.52;
T_11.45 ;
    %pushi/vec4 9, 0, 5;
    %store/vec4 v00000000014b8db0_0, 0, 5;
    %jmp T_11.52;
T_11.46 ;
    %pushi/vec4 11, 0, 5;
    %store/vec4 v00000000014b8db0_0, 0, 5;
    %jmp T_11.52;
T_11.47 ;
    %pushi/vec4 6, 0, 5;
    %store/vec4 v00000000014b8db0_0, 0, 5;
    %jmp T_11.52;
T_11.48 ;
    %pushi/vec4 16, 0, 5;
    %store/vec4 v00000000014b8db0_0, 0, 5;
    %jmp T_11.52;
T_11.49 ;
    %pushi/vec4 0, 0, 5;
    %store/vec4 v00000000014b8db0_0, 0, 5;
    %jmp T_11.52;
T_11.50 ;
    %pushi/vec4 1, 0, 8;
    %store/vec4 v00000000014b9670_0, 0, 8;
    %pushi/vec4 1, 0, 1;
    %store/vec4 v00000000014b9c10_0, 0, 1;
    %jmp T_11.52;
T_11.52 ;
    %pop/vec4 1;
T_11.39 ;
    %jmp T_11.32;
T_11.21 ;
    %load/vec4 v00000000014bb400_0;
    %nor/r;
    %flag_set/vec4 8;
    %jmp/0xz  T_11.53, 8;
    %pushi/vec4 1, 0, 1;
    %store/vec4 v00000000014bb5e0_0, 0, 1;
    %load/vec4 v00000000014baa00_0;
    %addi 1, 0, 3;
    %store/vec4 v00000000014b9f30_0, 0, 3;
    %load/vec4 v00000000014baa00_0;
    %pad/u 32;
    %cmpi/e 0, 0, 32;
    %jmp/0xz  T_11.55, 4;
    %load/vec4 v00000000014bb2c0_0;
    %pad/u 17;
    %store/vec4 v00000000014b83b0_0, 0, 17;
    %jmp T_11.56;
T_11.55 ;
    %load/vec4 v00000000014bb2c0_0;
    %load/vec4 v00000000014bb540_0;
    %parti/s 8, 0, 2;
    %concat/vec4; draw_concat_vec4
    %pad/u 17;
    %store/vec4 v00000000014b83b0_0, 0, 17;
    %load/vec4 v00000000014b83b0_0;
    %cmpi/ne 0, 0, 17;
    %flag_mov 8, 4;
    %jmp/0 T_11.57, 8;
    %pushi/vec4 3, 0, 5;
    %jmp/1 T_11.58, 8;
T_11.57 ; End of true expr.
    %pushi/vec4 1, 0, 5;
    %jmp/0 T_11.58, 8;
 ; End of false expr.
    %blend;
T_11.58;
    %store/vec4 v00000000014b8db0_0, 0, 5;
T_11.56 ;
T_11.53 ;
    %jmp T_11.32;
T_11.22 ;
    %load/vec4 v00000000014bb400_0;
    %nor/r;
    %flag_set/vec4 8;
    %jmp/0xz  T_11.59, 8;
    %pushi/vec4 1, 0, 1;
    %store/vec4 v00000000014bb5e0_0, 0, 1;
    %load/vec4 v00000000014bb540_0;
    %subi 1, 0, 17;
    %store/vec4 v00000000014b83b0_0, 0, 17;
    %load/vec4 v00000000014bb2c0_0;
    %store/vec4 v00000000014b9670_0, 0, 8;
    %pushi/vec4 1, 0, 1;
    %store/vec4 v00000000014b9c10_0, 0, 1;
    %load/vec4 v00000000014b83b0_0;
    %pad/u 32;
    %cmpi/e 0, 0, 32;
    %jmp/0xz  T_11.61, 4;
    %pushi/vec4 1, 0, 5;
    %store/vec4 v00000000014b8db0_0, 0, 5;
T_11.61 ;
T_11.59 ;
    %jmp T_11.32;
T_11.23 ;
    %load/vec4 v00000000014bb400_0;
    %nor/r;
    %flag_set/vec4 8;
    %jmp/0xz  T_11.63, 8;
    %pushi/vec4 1, 0, 1;
    %store/vec4 v00000000014bb5e0_0, 0, 1;
    %load/vec4 v00000000014baa00_0;
    %addi 1, 0, 3;
    %store/vec4 v00000000014b9f30_0, 0, 3;
    %load/vec4 v00000000014baa00_0;
    %pad/u 32;
    %cmpi/e 0, 0, 32;
    %jmp/0xz  T_11.65, 4;
    %load/vec4 v00000000014bb2c0_0;
    %pad/u 17;
    %store/vec4 v00000000014b83b0_0, 0, 17;
    %jmp T_11.66;
T_11.65 ;
    %load/vec4 v00000000014bb2c0_0;
    %load/vec4 v00000000014bb540_0;
    %parti/s 8, 0, 2;
    %concat/vec4; draw_concat_vec4
    %pad/u 17;
    %store/vec4 v00000000014b83b0_0, 0, 17;
    %load/vec4 v00000000014b83b0_0;
    %cmpi/ne 0, 0, 17;
    %flag_mov 8, 4;
    %jmp/0 T_11.67, 8;
    %pushi/vec4 5, 0, 5;
    %jmp/1 T_11.68, 8;
T_11.67 ; End of true expr.
    %pushi/vec4 1, 0, 5;
    %jmp/0 T_11.68, 8;
 ; End of false expr.
    %blend;
T_11.68;
    %store/vec4 v00000000014b8db0_0, 0, 5;
T_11.66 ;
T_11.63 ;
    %jmp T_11.32;
T_11.24 ;
    %load/vec4 v00000000014bb400_0;
    %nor/r;
    %flag_set/vec4 8;
    %jmp/0xz  T_11.69, 8;
    %pushi/vec4 1, 0, 1;
    %store/vec4 v00000000014bb5e0_0, 0, 1;
    %load/vec4 v00000000014bb540_0;
    %subi 1, 0, 17;
    %store/vec4 v00000000014b83b0_0, 0, 17;
    %load/vec4 v00000000014b8770_0;
    %nor/r;
    %flag_set/vec4 8;
    %jmp/0xz  T_11.71, 8;
    %load/vec4 v00000000014bb2c0_0;
    %store/vec4 v00000000014b9ad0_0, 0, 8;
    %pushi/vec4 1, 0, 1;
    %store/vec4 v00000000014b9b70_0, 0, 1;
T_11.71 ;
    %load/vec4 v00000000014b83b0_0;
    %pad/u 32;
    %cmpi/e 0, 0, 32;
    %jmp/0xz  T_11.73, 4;
    %pushi/vec4 1, 0, 5;
    %store/vec4 v00000000014b8db0_0, 0, 5;
T_11.73 ;
T_11.69 ;
    %jmp T_11.32;
T_11.25 ;
    %load/vec4 v00000000014ba640_0;
    %nor/r;
    %flag_set/vec4 8;
    %jmp/0xz  T_11.75, 8;
    %load/vec4 v00000000014ba960_0;
    %pad/u 8;
    %store/vec4 v00000000014b9670_0, 0, 8;
    %pushi/vec4 1, 0, 1;
    %store/vec4 v00000000014b9c10_0, 0, 1;
    %pushi/vec4 1, 0, 5;
    %store/vec4 v00000000014b8db0_0, 0, 5;
T_11.75 ;
    %jmp T_11.32;
T_11.26 ;
    %load/vec4 v00000000014ba640_0;
    %nor/r;
    %flag_set/vec4 8;
    %jmp/0xz  T_11.77, 8;
    %pushi/vec4 4, 0, 17;
    %store/vec4 v00000000014b83b0_0, 0, 17;
    %pushi/vec4 0, 0, 17;
    %store/vec4 v00000000014b8a90_0, 0, 17;
    %pushi/vec4 7, 0, 5;
    %store/vec4 v00000000014b8db0_0, 0, 5;
T_11.77 ;
    %jmp T_11.32;
T_11.27 ;
    %load/vec4 v00000000014ba640_0;
    %nor/r;
    %flag_set/vec4 8;
    %jmp/0xz  T_11.79, 8;
    %load/vec4 v00000000014bb540_0;
    %subi 1, 0, 17;
    %store/vec4 v00000000014b83b0_0, 0, 17;
    %ix/getv 4, v00000000014b9030_0;
    %load/vec4a v00000000014b8310, 4;
    %store/vec4 v00000000014b9670_0, 0, 8;
    %pushi/vec4 1, 0, 1;
    %store/vec4 v00000000014b9c10_0, 0, 1;
    %load/vec4 v00000000014b9030_0;
    %addi 1, 0, 17;
    %store/vec4 v00000000014b8a90_0, 0, 17;
    %load/vec4 v00000000014b83b0_0;
    %pad/u 32;
    %cmpi/e 0, 0, 32;
    %jmp/0xz  T_11.81, 4;
    %pushi/vec4 1, 0, 5;
    %store/vec4 v00000000014b8db0_0, 0, 5;
T_11.81 ;
T_11.79 ;
    %jmp T_11.32;
T_11.28 ;
    %load/vec4 v00000000014bb400_0;
    %nor/r;
    %flag_set/vec4 8;
    %jmp/0xz  T_11.83, 8;
    %pushi/vec4 1, 0, 1;
    %store/vec4 v00000000014bb5e0_0, 0, 1;
    %load/vec4 v00000000014baa00_0;
    %addi 1, 0, 3;
    %store/vec4 v00000000014b9f30_0, 0, 3;
    %load/vec4 v00000000014baa00_0;
    %pad/u 32;
    %cmpi/e 0, 0, 32;
    %jmp/0xz  T_11.85, 4;
    %load/vec4 v00000000014bb2c0_0;
    %pad/u 17;
    %store/vec4 v00000000014b8a90_0, 0, 17;
    %jmp T_11.86;
T_11.85 ;
    %load/vec4 v00000000014baa00_0;
    %pad/u 32;
    %cmpi/e 1, 0, 32;
    %jmp/0xz  T_11.87, 4;
    %pushi/vec4 0, 0, 1;
    %load/vec4 v00000000014bb2c0_0;
    %concat/vec4; draw_concat_vec4
    %load/vec4 v00000000014b9030_0;
    %parti/s 8, 0, 2;
    %concat/vec4; draw_concat_vec4
    %store/vec4 v00000000014b8a90_0, 0, 17;
    %jmp T_11.88;
T_11.87 ;
    %load/vec4 v00000000014baa00_0;
    %pad/u 32;
    %cmpi/e 2, 0, 32;
    %jmp/0xz  T_11.89, 4;
    %load/vec4 v00000000014bb2c0_0;
    %parti/s 1, 0, 2;
    %load/vec4 v00000000014b9030_0;
    %parti/s 16, 0, 2;
    %concat/vec4; draw_concat_vec4
    %store/vec4 v00000000014b8a90_0, 0, 17;
    %jmp T_11.90;
T_11.89 ;
    %load/vec4 v00000000014baa00_0;
    %pad/u 32;
    %cmpi/e 3, 0, 32;
    %jmp/0xz  T_11.91, 4;
    %load/vec4 v00000000014bb2c0_0;
    %pad/u 17;
    %store/vec4 v00000000014b83b0_0, 0, 17;
    %jmp T_11.92;
T_11.91 ;
    %load/vec4 v00000000014bb2c0_0;
    %load/vec4 v00000000014bb540_0;
    %parti/s 8, 0, 2;
    %concat/vec4; draw_concat_vec4
    %concati/vec4 0, 0, 1;
    %store/vec4 v00000000014b83b0_0, 0, 17;
    %load/vec4 v00000000014b83b0_0;
    %cmpi/ne 0, 0, 17;
    %flag_mov 8, 4;
    %jmp/0 T_11.93, 8;
    %pushi/vec4 10, 0, 5;
    %jmp/1 T_11.94, 8;
T_11.93 ; End of true expr.
    %pushi/vec4 1, 0, 5;
    %jmp/0 T_11.94, 8;
 ; End of false expr.
    %blend;
T_11.94;
    %store/vec4 v00000000014b8db0_0, 0, 5;
T_11.92 ;
T_11.90 ;
T_11.88 ;
T_11.86 ;
T_11.83 ;
    %jmp T_11.32;
T_11.29 ;
    %load/vec4 v00000000014bb540_0;
    %parti/s 1, 0, 2;
    %inv;
    %flag_set/vec4 8;
    %jmp/0xz  T_11.95, 8;
    %load/vec4 v00000000014bb540_0;
    %subi 1, 0, 17;
    %store/vec4 v00000000014b83b0_0, 0, 17;
    %jmp T_11.96;
T_11.95 ;
    %load/vec4 v00000000014ba640_0;
    %nor/r;
    %flag_set/vec4 8;
    %jmp/0xz  T_11.97, 8;
    %load/vec4 v00000000014bb540_0;
    %subi 1, 0, 17;
    %store/vec4 v00000000014b83b0_0, 0, 17;
    %load/vec4 v00000000014bbcc0_0;
    %store/vec4 v00000000014b9670_0, 0, 8;
    %pushi/vec4 1, 0, 1;
    %store/vec4 v00000000014b9c10_0, 0, 1;
    %load/vec4 v00000000014b9030_0;
    %addi 1, 0, 17;
    %store/vec4 v00000000014b8a90_0, 0, 17;
    %load/vec4 v00000000014b83b0_0;
    %pad/u 32;
    %cmpi/e 0, 0, 32;
    %jmp/0xz  T_11.99, 4;
    %pushi/vec4 1, 0, 5;
    %store/vec4 v00000000014b8db0_0, 0, 5;
T_11.99 ;
T_11.97 ;
T_11.96 ;
    %jmp T_11.32;
T_11.30 ;
    %load/vec4 v00000000014bb400_0;
    %nor/r;
    %flag_set/vec4 8;
    %jmp/0xz  T_11.101, 8;
    %pushi/vec4 1, 0, 1;
    %store/vec4 v00000000014bb5e0_0, 0, 1;
    %load/vec4 v00000000014baa00_0;
    %addi 1, 0, 3;
    %store/vec4 v00000000014b9f30_0, 0, 3;
    %load/vec4 v00000000014baa00_0;
    %pad/u 32;
    %cmpi/e 0, 0, 32;
    %jmp/0xz  T_11.103, 4;
    %load/vec4 v00000000014bb2c0_0;
    %pad/u 17;
    %store/vec4 v00000000014b8a90_0, 0, 17;
    %jmp T_11.104;
T_11.103 ;
    %load/vec4 v00000000014baa00_0;
    %pad/u 32;
    %cmpi/e 1, 0, 32;
    %jmp/0xz  T_11.105, 4;
    %pushi/vec4 0, 0, 1;
    %load/vec4 v00000000014bb2c0_0;
    %concat/vec4; draw_concat_vec4
    %load/vec4 v00000000014b9030_0;
    %parti/s 8, 0, 2;
    %concat/vec4; draw_concat_vec4
    %store/vec4 v00000000014b8a90_0, 0, 17;
    %jmp T_11.106;
T_11.105 ;
    %load/vec4 v00000000014baa00_0;
    %pad/u 32;
    %cmpi/e 2, 0, 32;
    %jmp/0xz  T_11.107, 4;
    %load/vec4 v00000000014bb2c0_0;
    %parti/s 1, 0, 2;
    %load/vec4 v00000000014b9030_0;
    %parti/s 16, 0, 2;
    %concat/vec4; draw_concat_vec4
    %store/vec4 v00000000014b8a90_0, 0, 17;
    %jmp T_11.108;
T_11.107 ;
    %load/vec4 v00000000014baa00_0;
    %pad/u 32;
    %cmpi/e 3, 0, 32;
    %jmp/0xz  T_11.109, 4;
    %load/vec4 v00000000014bb2c0_0;
    %pad/u 17;
    %store/vec4 v00000000014b83b0_0, 0, 17;
    %jmp T_11.110;
T_11.109 ;
    %load/vec4 v00000000014bb2c0_0;
    %load/vec4 v00000000014bb540_0;
    %parti/s 8, 0, 2;
    %concat/vec4; draw_concat_vec4
    %pad/u 17;
    %store/vec4 v00000000014b83b0_0, 0, 17;
    %load/vec4 v00000000014b83b0_0;
    %cmpi/ne 0, 0, 17;
    %flag_mov 8, 4;
    %jmp/0 T_11.111, 8;
    %pushi/vec4 12, 0, 5;
    %jmp/1 T_11.112, 8;
T_11.111 ; End of true expr.
    %pushi/vec4 1, 0, 5;
    %jmp/0 T_11.112, 8;
 ; End of false expr.
    %blend;
T_11.112;
    %store/vec4 v00000000014b8db0_0, 0, 5;
T_11.110 ;
T_11.108 ;
T_11.106 ;
T_11.104 ;
T_11.101 ;
    %jmp T_11.32;
T_11.31 ;
    %load/vec4 v00000000014bb400_0;
    %nor/r;
    %flag_set/vec4 8;
    %jmp/0xz  T_11.113, 8;
    %pushi/vec4 1, 0, 1;
    %store/vec4 v00000000014bb5e0_0, 0, 1;
    %load/vec4 v00000000014bb540_0;
    %subi 1, 0, 17;
    %store/vec4 v00000000014b83b0_0, 0, 17;
    %load/vec4 v00000000014b9030_0;
    %addi 1, 0, 17;
    %store/vec4 v00000000014b8a90_0, 0, 17;
    %pushi/vec4 1, 0, 1;
    %store/vec4 v00000000014bbea0_0, 0, 1;
    %load/vec4 v00000000014b83b0_0;
    %pad/u 32;
    %cmpi/e 0, 0, 32;
    %jmp/0xz  T_11.115, 4;
    %pushi/vec4 1, 0, 5;
    %store/vec4 v00000000014b8db0_0, 0, 5;
T_11.115 ;
T_11.113 ;
    %jmp T_11.32;
T_11.32 ;
    %pop/vec4 1;
T_11.3 ;
    %jmp T_11;
    .thread T_11, $push;
# The file index is used to find the file name in the following table.
:file_names 8;
    "N/A";
    "<interactive>";
    "hci.v";
    "/RISCV-CPU/CPU/src/common/fifo/fifo.v";
    "/RISCV-CPU/CPU/src/common/uart/uart.v";
    "/RISCV-CPU/CPU/src/common/uart/uart_baud_clk.v";
    "/RISCV-CPU/CPU/src/common/uart/uart_rx.v";
    "/RISCV-CPU/CPU/src/common/uart/uart_tx.v";
